{"action":"FAAPL581","level":"error","location":"PostAlbumHandler","msg":"User doesn't logged in!","status":"failure","time":"2021-06-12T14:25:36Z","timestamp":"2021-06-12 14:25:36.4156383 +0000 UTC m=+218.620281901"}
{"action":"FAPLU678","level":"error","location":"SinglePostHandler","msg":"User doesn't logged in!","status":"failure","time":"2021-06-12T14:25:36Z","timestamp":"2021-06-12 14:25:36.4191965 +0000 UTC m=+218.623840001"}
{"action":"FAAPL581","level":"error","location":"PostAlbumHandler","msg":"User doesn't logged in!","status":"failure","time":"2021-06-13T05:32:10Z","timestamp":"2021-06-13 05:32:10.0605404 +0000 UTC m=+1074.500498201"}
{"action":"FAPLU678","level":"error","location":"SinglePostHandler","msg":"User doesn't logged in!","status":"failure","time":"2021-06-13T05:32:10Z","timestamp":"2021-06-13 05:32:10.0639803 +0000 UTC m=+1074.503938101"}
{"action":"FAPLU678","level":"error","location":"SinglePostHandler","msg":"User doesn't logged in!","status":"failure","time":"2021-06-13T05:34:34Z","timestamp":"2021-06-13 05:34:34.3327357 +0000 UTC m=+1218.772693501"}
{"action":"FAAPL581","level":"error","location":"PostAlbumHandler","msg":"User doesn't logged in!","status":"failure","time":"2021-06-13T05:34:34Z","timestamp":"2021-06-13 05:34:34.344054 +0000 UTC m=+1218.784011801"}
{"action":"FAPLU678","level":"error","location":"SinglePostHandler","msg":"User doesn't logged in!","status":"failure","time":"2021-06-13T05:55:50Z","timestamp":"2021-06-13 05:55:50.6316143 +0000 UTC m=+281.669347701"}
{"action":"FAAPL581","level":"error","location":"PostAlbumHandler","msg":"User doesn't logged in!","status":"failure","time":"2021-06-13T05:55:50Z","timestamp":"2021-06-13 05:55:50.6333785 +0000 UTC m=+281.671111901"}
{"action":"FAAPL581","level":"error","location":"PostAlbumHandler","msg":"User doesn't logged in!","status":"failure","time":"2021-06-13T05:56:07Z","timestamp":"2021-06-13 05:56:07.4306454 +0000 UTC m=+298.468378901"}
{"action":"FAPLU678","level":"error","location":"SinglePostHandler","msg":"User doesn't logged in!","status":"failure","time":"2021-06-13T05:56:07Z","timestamp":"2021-06-13 05:56:07.4314691 +0000 UTC m=+298.469202601"}
{"action":"FAPLU678","level":"error","location":"SinglePostHandler","msg":"User doesn't logged in!","status":"failure","time":"2021-06-13T05:56:18Z","timestamp":"2021-06-13 05:56:18.0900754 +0000 UTC m=+309.127808901"}
{"action":"FAAPL581","level":"error","location":"PostAlbumHandler","msg":"User doesn't logged in!","status":"failure","time":"2021-06-13T05:56:18Z","timestamp":"2021-06-13 05:56:18.0904538 +0000 UTC m=+309.128187201"}
{"action":"FAPPN676","level":"error","location":"SinglePostHandler","msg":"Failed to find all public users!","status":"failure","time":"2021-06-13T05:56:29Z","timestamp":"2021-06-13 05:56:29.262858 +0000 UTC m=+320.300591501"}
{"action":"FAPPN676","level":"error","location":"SinglePostHandler","msg":"Failed to find all public users!","status":"failure","time":"2021-06-13T05:57:10Z","timestamp":"2021-06-13 05:57:10.8362848 +0000 UTC m=+361.874018301"}
{"action":"FAPPR677","level":"error","location":"SinglePostHandler","msg":"User doesn't logged in!","status":"failure","time":"2021-06-13T06:12:21Z","timestamp":"2021-06-13 06:12:21.6177192 +0000 UTC m=+360.819097701"}
{"action":"FPFNR671","level":"error","location":"SinglePostHandler","msg":"Failed to find profile settings by user id!","status":"failure","time":"2021-06-20T13:25:38Z","timestamp":"2021-06-20 13:25:38.0642632 +0000 UTC m=+275.099697001"}
{"action":"FPFNR671","level":"error","location":"SinglePostHandler","msg":"Failed to find profile settings by user id!","status":"failure","time":"2021-06-20T13:38:10Z","timestamp":"2021-06-20 13:38:10.3319962 +0000 UTC m=+216.540338801"}
{"action":"FPFNR671","level":"error","location":"SinglePostHandler","msg":"Failed to find profile settings by user id!","status":"failure","time":"2021-06-20T13:55:46Z","timestamp":"2021-06-20 13:55:46.4437397 +0000 UTC m=+411.872161901"}
{"action":"FSPLU679","level":"error","location":"SinglePostHandler","msg":"Post not found by id!","status":"failure","time":"2021-06-20T14:07:51Z","timestamp":"2021-06-20 14:07:51.1541402 +0000 UTC m=+239.797751901"}
{"action":"CRCOM571","level":"error","location":"CommentHandler","msg":"Failed to find owner of the post!","status":"failure","time":"2021-06-21T12:54:31Z","timestamp":"2021-06-21 12:54:31.7144234 +0000 UTC m=+586.758624001"}
{"action":"UPACT472","level":"error","location":"ActivityHandler","msg":"Failed to find owner of the post!","status":"failure","time":"2021-06-21T12:55:58Z","timestamp":"2021-06-21 12:55:58.9995785 +0000 UTC m=+674.043779201"}
{"action":"FPFUR672","level":"error","location":"SinglePostHandler","msg":"Not following private user!","status":"failure","time":"2021-06-21T13:16:45Z","timestamp":"2021-06-21 13:16:45.9109694 +0000 UTC m=+508.059886801"}
{"action":"FPFUR672","level":"error","location":"SinglePostHandler","msg":"Not following private user!","status":"failure","time":"2021-06-21T13:16:51Z","timestamp":"2021-06-21 13:16:51.5764059 +0000 UTC m=+513.725323301"}
{"action":"UPACT472","level":"error","location":"ActivityHandler","msg":"Failed to find user by id!","status":"failure","time":"2021-06-21T13:20:57Z","timestamp":"2021-06-21 13:20:57.6753817 +0000 UTC m=+759.824299001"}
{"action":"UPACT472","level":"error","location":"ActivityHandler","msg":"Failed to find user by id!","status":"failure","time":"2021-06-21T13:21:01Z","timestamp":"2021-06-21 13:21:01.6279601 +0000 UTC m=+763.776877501"}
{"action":"UPACT472","level":"error","location":"ActivityHandler","msg":"Failed to find user by id!","status":"failure","time":"2021-06-21T13:21:25Z","timestamp":"2021-06-21 13:21:25.5415543 +0000 UTC m=+787.690471701"}
{"action":"UPACT472","level":"error","location":"ActivityHandler","msg":"Failed to find user by id!","status":"failure","time":"2021-06-21T13:24:55Z","timestamp":"2021-06-21 13:24:55.9928704 +0000 UTC m=+998.141787701"}
{"action":"FPFUR672","level":"error","location":"SinglePostHandler","msg":"Not following private user!","status":"failure","time":"2021-06-21T13:47:05Z","timestamp":"2021-06-21 13:47:05.768222 +0000 UTC m=+485.196842501"}
{"action":"FPFUR672","level":"error","location":"SinglePostHandler","msg":"Not following private user!","status":"failure","time":"2021-06-21T13:47:10Z","timestamp":"2021-06-21 13:47:10.1793619 +0000 UTC m=+489.607982501"}
{"action":"SEDCONFMAIL777","level":"error","location":"ActivityHandler","msg":"Failed to find user by id!","status":"failure","time":"2021-06-21T13:55:01Z","timestamp":"2021-06-21 13:55:01.6539039 +0000 UTC m=+961.082524401"}
{"action":"SEDCONFMAIL777","level":"error","location":"ActivityHandler","msg":"Failed to find user by id!","status":"failure","time":"2021-06-21T13:55:07Z","timestamp":"2021-06-21 13:55:07.2475653 +0000 UTC m=+966.676185901"}
{"action":"SEDCONFMAIL777","level":"error","location":"ActivityHandler","msg":"Failed to find user by id!","status":"failure","time":"2021-06-21T13:55:32Z","timestamp":"2021-06-21 13:55:32.9441498 +0000 UTC m=+992.372770401"}
{"action":"SEDCONFMAIL777","level":"error","location":"ActivityHandler","msg":"Failed to find user by id!","status":"failure","time":"2021-06-21T13:55:35Z","timestamp":"2021-06-21 13:55:35.927479 +0000 UTC m=+995.356099701"}
{"action":"SEDCONFMAIL777","level":"error","location":"ActivityHandler","msg":"Failed to find user by id!","status":"failure","time":"2021-06-21T13:56:04Z","timestamp":"2021-06-21 13:56:04.7735696 +0000 UTC m=+1024.202190101"}
{"action":"SEDCONFMAIL777","level":"error","location":"ActivityHandler","msg":"Failed to find user by id!","status":"failure","time":"2021-06-21T13:56:17Z","timestamp":"2021-06-21 13:56:17.3968862 +0000 UTC m=+1036.825506701"}
{"action":"SEDCONFMAIL777","level":"error","location":"ActivityHandler","msg":"Failed to find user by id!","status":"failure","time":"2021-06-21T14:01:04Z","timestamp":"2021-06-21 14:01:04.3937917 +0000 UTC m=+1323.822412301"}
{"action":"SEDCONFMAIL777","level":"error","location":"ActivityHandler","msg":"Failed to find user by id!","status":"failure","time":"2021-06-21T14:13:22Z","timestamp":"2021-06-21 14:13:22.4844977 +0000 UTC m=+2061.913118201"}
{"action":"SEDCONFMAIL777","level":"error","location":"ActivityHandler","msg":"Failed to find user by id!","status":"failure","time":"2021-06-21T14:13:29Z","timestamp":"2021-06-21 14:13:29.23055 +0000 UTC m=+2068.659170601"}
{"action":"SEDCONFMAIL777","level":"error","location":"ActivityHandler","msg":"Failed to find user by id!","status":"failure","time":"2021-06-21T14:13:53Z","timestamp":"2021-06-21 14:13:53.0120923 +0000 UTC m=+2092.440712901"}
{"action":"SEDCONFMAIL777","level":"error","location":"ActivityHandler","msg":"Failed to find user by id!","status":"failure","time":"2021-06-21T14:13:56Z","timestamp":"2021-06-21 14:13:56.0199069 +0000 UTC m=+2095.448527401"}
{"action":"SEDCONFMAIL777","level":"error","location":"ActivityHandler","msg":"Failed to find user by id!","status":"failure","time":"2021-06-21T14:14:08Z","timestamp":"2021-06-21 14:14:08.31985 +0000 UTC m=+2107.748470501"}
{"action":"SEDCONFMAIL777","level":"error","location":"ActivityHandler","msg":"Failed to find user by id!","status":"failure","time":"2021-06-21T14:30:36Z","timestamp":"2021-06-21 14:30:36.3283784 +0000 UTC m=+299.984005501"}
{"action":"SEDCONFMAIL777","level":"error","location":"ActivityHandler","msg":"Failed to find user by id!","status":"failure","time":"2021-06-21T14:31:09Z","timestamp":"2021-06-21 14:31:09.6245458 +0000 UTC m=+333.280173001"}
{"action":"SEDCONFMAIL777","level":"error","location":"ActivityHandler","msg":"Failed to find user by id!","status":"failure","time":"2021-06-21T14:36:19Z","timestamp":"2021-06-21 14:36:19.1909922 +0000 UTC m=+642.846619401"}
