{"action":"CRREGUS032","level":"error","location":"RegisteredUserHandler","msg":"User already exist with entered username!","status":"failure","time":"2021-06-11T12:35:07Z","timestamp":"2021-06-11 12:35:07.7238637 +0000 UTC m=+382.855564301"}
{"action":"LOG85310","level":"error","location":"UserHandler","msg":"Failed sign up!","status":"failure","time":"2021-06-12T12:04:48Z","timestamp":"2021-06-12 12:04:48.6305037 +0000 UTC m=+106.172248101"}
{"action":"CHCKIFAUTH9342","level":"error","location":"UserHandler","msg":"User doesn't logged in!","status":"failure","time":"2021-06-12T14:25:36Z","timestamp":"2021-06-12 14:25:36.4140856 +0000 UTC m=+218.626156101"}
{"action":"CHCKIFAUTH9342","level":"error","location":"UserHandler","msg":"User doesn't logged in!","status":"failure","time":"2021-06-12T14:25:36Z","timestamp":"2021-06-12 14:25:36.4156567 +0000 UTC m=+218.627727201"}
{"action":"CHCKIFAUTH9342","level":"error","location":"UserHandler","msg":"User doesn't logged in!","status":"failure","time":"2021-06-12T14:25:36Z","timestamp":"2021-06-12 14:25:36.4162936 +0000 UTC m=+218.628364101"}
{"action":"CHCKIFAUTH9342","level":"error","location":"UserHandler","msg":"User doesn't logged in!","status":"failure","time":"2021-06-12T14:25:36Z","timestamp":"2021-06-12 14:25:36.4178075 +0000 UTC m=+218.629878001"}
{"action":"VERFYCONFTOK322","level":"error","location":"ConfirmationTokenHandler","msg":"Confirmation token isn't valid!","status":"failure","time":"2021-06-12T15:16:43Z","timestamp":"2021-06-12 15:16:43.320244 +0000 UTC m=+551.387416801"}
{"action":"GetUserIDFromJWTToken","level":"error","location":"UserHandler","msg":"Failed with strconv.ParseUint!","status":"failure","time":"2021-06-12T15:42:14Z","timestamp":"2021-06-12 15:42:14.2236545 +0000 UTC m=+205.612139901"}
{"action":"VERFYCONFTOK322","level":"error","location":"ConfirmationTokenHandler","msg":"Confirmation token isn't valid!","status":"failure","time":"2021-06-12T15:50:06Z","timestamp":"2021-06-12 15:50:06.3304209 +0000 UTC m=+183.933706101"}
{"action":"LOG85310","level":"error","location":"UserHandler","msg":"Failed sign up!","status":"failure","time":"2021-06-13T05:18:44Z","timestamp":"2021-06-13 05:18:44.8459524 +0000 UTC m=+269.882090101"}
{"action":"LOG85310","level":"error","location":"UserHandler","msg":"Failed sign up!","status":"failure","time":"2021-06-13T05:19:18Z","timestamp":"2021-06-13 05:19:18.0335894 +0000 UTC m=+303.069727101"}
{"action":"LOG85310","level":"error","location":"UserHandler","msg":"Failed sign up!","status":"failure","time":"2021-06-13T05:19:29Z","timestamp":"2021-06-13 05:19:29.8432801 +0000 UTC m=+314.879417801"}
{"action":"LOG85310","level":"error","location":"UserHandler","msg":"Failed sign up!","status":"failure","time":"2021-06-13T05:20:00Z","timestamp":"2021-06-13 05:20:00.5835973 +0000 UTC m=+345.619735001"}
{"action":"LOG85310","level":"error","location":"UserHandler","msg":"Wrong question for user!","status":"failure","time":"2021-06-13T05:22:05Z","timestamp":"2021-06-13 05:22:05.0182679 +0000 UTC m=+470.054405601"}
{"action":"LOG85310","level":"error","location":"UserHandler","msg":"LogInUserDTO fields doesn't entered in valid format!","status":"failure","time":"2021-06-13T05:24:36Z","timestamp":"2021-06-13 05:24:36.9570508 +0000 UTC m=+621.993188501"}
{"action":"LOG85310","level":"error","location":"UserHandler","msg":"Failed sign up!","status":"failure","time":"2021-06-13T05:24:47Z","timestamp":"2021-06-13 05:24:47.7725898 +0000 UTC m=+632.808727501"}
{"action":"CRREGUS032","level":"error","location":"RegisteredUserHandler","msg":"User already exist with entered username!","status":"failure","time":"2021-06-13T05:29:19Z","timestamp":"2021-06-13 05:29:19.3872312 +0000 UTC m=+904.423368801"}
{"action":"CHCKIFAUTH9342","level":"error","location":"UserHandler","msg":"User doesn't logged in!","status":"failure","time":"2021-06-13T05:32:10Z","timestamp":"2021-06-13 05:32:10.0551852 +0000 UTC m=+1075.091322901"}
{"action":"CheckFindAllPostsForLoggedUserPermission","level":"error","location":"PostAuthorizationHandler","msg":"Failed finding user from jwt token!","status":"failure","time":"2021-06-13T05:32:10Z","timestamp":"2021-06-13 05:32:10.0552085 +0000 UTC m=+1075.091346201"}
{"action":"CHCKIFAUTH9342","level":"error","location":"UserHandler","msg":"User doesn't logged in!","status":"failure","time":"2021-06-13T05:32:10Z","timestamp":"2021-06-13 05:32:10.0596471 +0000 UTC m=+1075.095784701"}
{"action":"CHCKIFAUTH9342","level":"error","location":"UserHandler","msg":"User doesn't logged in!","status":"failure","time":"2021-06-13T05:32:10Z","timestamp":"2021-06-13 05:32:10.0604308 +0000 UTC m=+1075.096568501"}
{"action":"CHCKIFAUTH9342","level":"error","location":"UserHandler","msg":"User doesn't logged in!","status":"failure","time":"2021-06-13T05:32:10Z","timestamp":"2021-06-13 05:32:10.0609479 +0000 UTC m=+1075.097085501"}
{"action":"CHCKIFAUTH9342","level":"error","location":"UserHandler","msg":"User doesn't logged in!","status":"failure","time":"2021-06-13T05:32:10Z","timestamp":"2021-06-13 05:32:10.0624404 +0000 UTC m=+1075.098578101"}
{"action":"CheckFindAllPostsForLoggedUserPermission","level":"error","location":"PostAuthorizationHandler","msg":"Failed finding user from jwt token!","status":"failure","time":"2021-06-13T05:34:34Z","timestamp":"2021-06-13 05:34:34.3291806 +0000 UTC m=+1219.365318301"}
{"action":"CHCKIFAUTH9342","level":"error","location":"UserHandler","msg":"User doesn't logged in!","status":"failure","time":"2021-06-13T05:34:34Z","timestamp":"2021-06-13 05:34:34.3308995 +0000 UTC m=+1219.367037201"}
{"action":"CHCKIFAUTH9342","level":"error","location":"UserHandler","msg":"User doesn't logged in!","status":"failure","time":"2021-06-13T05:34:34Z","timestamp":"2021-06-13 05:34:34.3310523 +0000 UTC m=+1219.367189901"}
{"action":"CHCKIFAUTH9342","level":"error","location":"UserHandler","msg":"User doesn't logged in!","status":"failure","time":"2021-06-13T05:34:34Z","timestamp":"2021-06-13 05:34:34.3294946 +0000 UTC m=+1219.365632301"}
{"action":"CHCKIFAUTH9342","level":"error","location":"UserHandler","msg":"User doesn't logged in!","status":"failure","time":"2021-06-13T05:34:34Z","timestamp":"2021-06-13 05:34:34.3327117 +0000 UTC m=+1219.368849301"}
{"action":"CHCKIFAUTH9342","level":"error","location":"UserHandler","msg":"User doesn't logged in!","status":"failure","time":"2021-06-13T05:34:34Z","timestamp":"2021-06-13 05:34:34.3362592 +0000 UTC m=+1219.372396901"}
