{"action":"FIDALSTRYHIGHLHTSFORUS8882","level":"error","location":"StoryHighlightHandler","msg":"User doesn't logged in!","status":"failure","time":"2021-06-12T12:16:31Z","timestamp":"2021-06-12 12:16:31.7783192 +0000 UTC m=+809.307716601"}
{"action":"FIDALSTRYHIGHLHTSFORUS8882","level":"error","location":"StoryHighlightHandler","msg":"User doesn't logged in!","status":"failure","time":"2021-06-12T12:16:40Z","timestamp":"2021-06-12 12:16:40.8879773 +0000 UTC m=+818.417374701"}
{"action":"FIDALSTRYHIGHLHTSFORUS8882","level":"error","location":"StoryHighlightHandler","msg":"User doesn't logged in!","status":"failure","time":"2021-06-12T12:23:50Z","timestamp":"2021-06-12 12:23:50.5570482 +0000 UTC m=+1248.086445601"}
{"action":"FIDALALBSTORISFORLOGGUS8293","level":"error","location":"StoryAlbumHandler","msg":"User doesn't logged in!","status":"failure","time":"2021-06-12T14:25:36Z","timestamp":"2021-06-12 14:25:36.4186154 +0000 UTC m=+217.482893801"}
{"action":"FIDSELECTSTRYBYIDFORREGUSRS9031","level":"error","location":"SingleStoryHandler","msg":"User doesn't logged in!","status":"failure","time":"2021-06-12T14:25:36Z","timestamp":"2021-06-12 14:25:36.4198854 +0000 UTC m=+217.484163801"}
{"action":"FIDSELECTSTRYBYIDFORREGUSRS9031","level":"error","location":"SingleStoryHandler","msg":"User doesn't logged in!","status":"failure","time":"2021-06-13T05:32:10Z","timestamp":"2021-06-13 05:32:10.0627914 +0000 UTC m=+1074.287066201"}
{"action":"FIDALALBSTORISFORLOGGUS8293","level":"error","location":"StoryAlbumHandler","msg":"User doesn't logged in!","status":"failure","time":"2021-06-13T05:32:10Z","timestamp":"2021-06-13 05:32:10.0653516 +0000 UTC m=+1074.289626401"}
{"action":"FIDSELECTSTRYBYIDFORREGUSRS9031","level":"error","location":"SingleStoryHandler","msg":"User doesn't logged in!","status":"failure","time":"2021-06-13T05:34:34Z","timestamp":"2021-06-13 05:34:34.3336799 +0000 UTC m=+1218.557954801"}
{"action":"FIDALALBSTORISFORLOGGUS8293","level":"error","location":"StoryAlbumHandler","msg":"User doesn't logged in!","status":"failure","time":"2021-06-13T05:34:34Z","timestamp":"2021-06-13 05:34:34.3480079 +0000 UTC m=+1218.572282801"}
{"action":"FIDALALBSTORISFORLOGGUS8293","level":"error","location":"StoryAlbumHandler","msg":"User doesn't logged in!","status":"failure","time":"2021-06-13T05:55:50Z","timestamp":"2021-06-13 05:55:50.6327668 +0000 UTC m=+279.377152701"}
{"action":"FIDSELECTSTRYBYIDFORREGUSRS9031","level":"error","location":"SingleStoryHandler","msg":"User doesn't logged in!","status":"failure","time":"2021-06-13T05:55:50Z","timestamp":"2021-06-13 05:55:50.634494 +0000 UTC m=+279.378880001"}
{"action":"FIDALALBSTORISFORLOGGUS8293","level":"error","location":"StoryAlbumHandler","msg":"User doesn't logged in!","status":"failure","time":"2021-06-13T05:56:07Z","timestamp":"2021-06-13 05:56:07.4297028 +0000 UTC m=+296.174088801"}
{"action":"FIDSELECTSTRYBYIDFORREGUSRS9031","level":"error","location":"SingleStoryHandler","msg":"User doesn't logged in!","status":"failure","time":"2021-06-13T05:56:07Z","timestamp":"2021-06-13 05:56:07.432319 +0000 UTC m=+296.176705001"}
{"action":"FIDALALBSTORISFORLOGGUS8293","level":"error","location":"StoryAlbumHandler","msg":"User doesn't logged in!","status":"failure","time":"2021-06-13T05:56:18Z","timestamp":"2021-06-13 05:56:18.0910814 +0000 UTC m=+306.835467401"}
{"action":"FIDSELECTSTRYBYIDFORREGUSRS9031","level":"error","location":"SingleStoryHandler","msg":"User doesn't logged in!","status":"failure","time":"2021-06-13T05:56:18Z","timestamp":"2021-06-13 05:56:18.0920794 +0000 UTC m=+306.836465401"}
{"action":"FIDALALBSTORISFORLOGGUS8293","level":"error","location":"StoryAlbumHandler","msg":"Failed finding all contents for story album!","status":"failure","time":"2021-06-19T18:49:41Z","timestamp":"2021-06-19 18:49:41.6590326 +0000 UTC m=+624.068826501"}
{"action":"FIDALPUBALBSTORISREGUS9012","level":"error","location":"StoryAlbumHandler","msg":"Failed finding all locations for story albums!","status":"failure","time":"2021-06-19T18:52:44Z","timestamp":"2021-06-19 18:52:44.6670858 +0000 UTC m=+807.076879701"}
{"action":"FIDALALBSTORISFORLOGGUS8293","level":"error","location":"StoryAlbumHandler","msg":"Failed finding all contents for story album!","status":"failure","time":"2021-06-19T18:55:39Z","timestamp":"2021-06-19 18:55:39.800719 +0000 UTC m=+982.210513001"}
{"action":"FIDALALBSTORISFORLOGGUS8293","level":"error","location":"StoryAlbumHandler","msg":"User doesn't logged in!","status":"failure","time":"2021-06-19T18:55:55Z","timestamp":"2021-06-19 18:55:55.9123613 +0000 UTC m=+998.322155301"}
{"action":"FIDSELECTSTRYALBBYIDFORLOGGUS983","level":"error","location":"StoryAlbumHandler","msg":"Failed finding all tags for story album!","status":"failure","time":"2021-06-19T21:10:15Z","timestamp":"2021-06-19 21:10:15.2940603 +0000 UTC m=+290.086511801"}
{"action":"FIDALPUBALBSTORISREGUS9012","level":"error","location":"StoryAlbumHandler","msg":"Failed finding all locations for story albums!","status":"failure","time":"2021-06-19T21:10:57Z","timestamp":"2021-06-19 21:10:57.5779916 +0000 UTC m=+332.370443101"}
{"action":"FIDSELECTSTRYALBBYIDFORLOGGUS983","level":"error","location":"StoryAlbumHandler","msg":"Failed finding all tags for story album!","status":"failure","time":"2021-06-19T21:14:06Z","timestamp":"2021-06-19 21:14:06.2906331 +0000 UTC m=+521.083084601"}
{"action":"FIDSELECTSTRYALBBYIDFORLOGGUS983","level":"error","location":"StoryAlbumHandler","msg":"User doesn't logged in!","status":"failure","time":"2021-06-19T21:14:15Z","timestamp":"2021-06-19 21:14:15.5579805 +0000 UTC m=+530.350431901"}
