{"action":"CRUSRTGFORREGUSR7772","level":"info","location":"UserTagHandler","msg":"Successfully created user tag for registered user!","status":"success","time":"2021-06-12T14:10:34Z","timestamp":"2021-06-12 14:10:34.3689392 +0000 UTC m=+122.423877501"}
{"action":"FIDALTAGBLUSRSPST2889","level":"info","location":"UserTagHandler","msg":"Successfully founded all taggable users in posts!","status":"success","time":"2021-06-12T14:11:23Z","timestamp":"2021-06-12 14:11:23.2200171 +0000 UTC m=+171.274955301"}
{"action":"CRTG7821","level":"info","location":"TagHandler","msg":"Successfully created tag!","status":"success","time":"2021-06-12T14:12:52Z","timestamp":"2021-06-12 14:12:52.2963019 +0000 UTC m=+260.351240101"}
{"action":"CRPOTGPSTS532","level":"info","location":"PostTagPostsHandler","msg":"Successfully added post tag for post!","status":"success","time":"2021-06-12T14:12:52Z","timestamp":"2021-06-12 14:12:52.3204093 +0000 UTC m=+260.375347601"}
{"action":"FIDALTGSFORPSTS9882","level":"info","location":"PostTagPostsHandler","msg":"Successfully founded tags for posts tag for posts!","status":"success","time":"2021-06-12T14:13:21Z","timestamp":"2021-06-12 14:13:21.067394 +0000 UTC m=+289.122332301"}
{"action":"FIDALTGSFORSORIS8223","level":"info","location":"StoryTagStoriesHandler","msg":"Successfully founded all tags for stories!","status":"success","time":"2021-06-12T14:13:21Z","timestamp":"2021-06-12 14:13:21.0771673 +0000 UTC m=+289.132105501"}
{"action":"FIDALTGSFORSTRYALBTGSTRYALBMS6765","level":"info","location":"StoryAlbumTagStoryAlbumsHandler","msg":"Successfully founded all tags for story album tag for story album!","status":"success","time":"2021-06-12T14:13:21Z","timestamp":"2021-06-12 14:13:21.0940427 +0000 UTC m=+289.148980901"}
{"action":"FIDALTGSFRPOALBTGPSTALBMS321","level":"info","location":"PostAlbumTagPostAlbumsHandler","msg":"Successfully founded tags for album tag for post album!","status":"success","time":"2021-06-12T14:13:21Z","timestamp":"2021-06-12 14:13:21.1074108 +0000 UTC m=+289.162349001"}
{"action":"FIDALTGSFORPSTS9882","level":"info","location":"PostTagPostsHandler","msg":"Successfully founded tags for posts tag for posts!","status":"success","time":"2021-06-12T14:13:34Z","timestamp":"2021-06-12 14:13:34.6483591 +0000 UTC m=+302.703297401"}
{"action":"FIDALTGSFRPOALBTGPSTALBMS321","level":"info","location":"PostAlbumTagPostAlbumsHandler","msg":"Successfully founded tags for album tag for post album!","status":"success","time":"2021-06-12T14:13:34Z","timestamp":"2021-06-12 14:13:34.6515567 +0000 UTC m=+302.706494901"}
{"action":"FIDALTGSFORSORIS8223","level":"info","location":"StoryTagStoriesHandler","msg":"Successfully founded all tags for stories!","status":"success","time":"2021-06-12T14:13:34Z","timestamp":"2021-06-12 14:13:34.656703 +0000 UTC m=+302.711641301"}
{"action":"FIDALTGSFORSTRYALBTGSTRYALBMS6765","level":"info","location":"StoryAlbumTagStoryAlbumsHandler","msg":"Successfully founded all tags for story album tag for story album!","status":"success","time":"2021-06-12T14:13:34Z","timestamp":"2021-06-12 14:13:34.6611125 +0000 UTC m=+302.716050701"}
{"action":"FIDALTAGBLUSRSPST2889","level":"info","location":"UserTagHandler","msg":"Successfully founded all taggable users in posts!","status":"success","time":"2021-06-12T14:14:55Z","timestamp":"2021-06-12 14:14:55.9086393 +0000 UTC m=+383.963577501"}
{"action":"CRUSRTGFORREGUSR7772","level":"info","location":"UserTagHandler","msg":"Successfully created user tag for registered user!","status":"success","time":"2021-06-12T14:23:27Z","timestamp":"2021-06-12 14:23:27.0588056 +0000 UTC m=+89.567937601"}
{"action":"FIDALTAGBLUSRSPST2889","level":"info","location":"UserTagHandler","msg":"Successfully founded all taggable users in posts!","status":"success","time":"2021-06-12T14:23:59Z","timestamp":"2021-06-12 14:23:59.3946595 +0000 UTC m=+121.903791401"}
{"action":"CRTG7821","level":"info","location":"TagHandler","msg":"Successfully created tag!","status":"success","time":"2021-06-12T14:25:07Z","timestamp":"2021-06-12 14:25:07.1499489 +0000 UTC m=+189.659080901"}
{"action":"CRPOTGPSTS532","level":"info","location":"PostTagPostsHandler","msg":"Successfully added post tag for post!","status":"success","time":"2021-06-12T14:25:07Z","timestamp":"2021-06-12 14:25:07.1699138 +0000 UTC m=+189.679045701"}
{"action":"CRTG7821","level":"info","location":"TagHandler","msg":"Successfully created tag!","status":"success","time":"2021-06-12T14:25:11Z","timestamp":"2021-06-12 14:25:11.1821841 +0000 UTC m=+193.691316001"}
{"action":"CRPOTGPSTS532","level":"info","location":"PostTagPostsHandler","msg":"Successfully added post tag for post!","status":"success","time":"2021-06-12T14:25:11Z","timestamp":"2021-06-12 14:25:11.1995692 +0000 UTC m=+193.708701201"}
{"action":"FIDALTGSFORSORIS8223","level":"info","location":"StoryTagStoriesHandler","msg":"Successfully founded all tags for stories!","status":"success","time":"2021-06-12T14:25:23Z","timestamp":"2021-06-12 14:25:23.2285139 +0000 UTC m=+205.737645801"}
{"action":"FIDALTGSFORSTRYALBTGSTRYALBMS6765","level":"info","location":"StoryAlbumTagStoryAlbumsHandler","msg":"Successfully founded all tags for story album tag for story album!","status":"success","time":"2021-06-12T14:25:23Z","timestamp":"2021-06-12 14:25:23.2353978 +0000 UTC m=+205.744529701"}
{"action":"FIDALTGSFRPOALBTGPSTALBMS321","level":"info","location":"PostAlbumTagPostAlbumsHandler","msg":"Successfully founded tags for album tag for post album!","status":"success","time":"2021-06-12T14:25:23Z","timestamp":"2021-06-12 14:25:23.2368037 +0000 UTC m=+205.745935601"}
{"action":"FIDALTGSFORPSTS9882","level":"info","location":"PostTagPostsHandler","msg":"Successfully founded tags for posts tag for posts!","status":"success","time":"2021-06-12T14:25:23Z","timestamp":"2021-06-12 14:25:23.2481255 +0000 UTC m=+205.757257501"}
{"action":"FIDTGNMBYID0921","level":"info","location":"TagHandler","msg":"Successfully founded tag name by id!","status":"success","time":"2021-06-12T14:25:23Z","timestamp":"2021-06-12 14:25:23.2538565 +0000 UTC m=+205.762988401"}
{"action":"FIDTGNMBYID0921","level":"info","location":"TagHandler","msg":"Successfully founded tag name by id!","status":"success","time":"2021-06-12T14:25:23Z","timestamp":"2021-06-12 14:25:23.2573076 +0000 UTC m=+205.766439601"}
{"action":"CRUSRTGFORREGUSR7772","level":"info","location":"UserTagHandler","msg":"Successfully created user tag for registered user!","status":"success","time":"2021-06-12T15:16:21Z","timestamp":"2021-06-12 15:16:21.4945592 +0000 UTC m=+529.948195001"}
{"action":"CRUSRTGFORREGUSR7772","level":"info","location":"UserTagHandler","msg":"Successfully created user tag for registered user!","status":"success","time":"2021-06-12T15:25:37Z","timestamp":"2021-06-12 15:25:37.1102746 +0000 UTC m=+194.857509501"}
{"action":"CRUSRTGFORREGUSR7772","level":"info","location":"UserTagHandler","msg":"Successfully created user tag for registered user!","status":"success","time":"2021-06-12T15:40:39Z","timestamp":"2021-06-12 15:40:39.4700322 +0000 UTC m=+111.921286501"}
{"action":"CRUSRTGFORREGUSR7772","level":"info","location":"UserTagHandler","msg":"Successfully created user tag for registered user!","status":"success","time":"2021-06-12T15:49:53Z","timestamp":"2021-06-12 15:49:53.9361518 +0000 UTC m=+170.462323801"}
{"action":"CRUSRTGFORREGUSR7772","level":"info","location":"UserTagHandler","msg":"Successfully created user tag for registered user!","status":"success","time":"2021-06-13T05:16:44Z","timestamp":"2021-06-13 05:16:44.0626137 +0000 UTC m=+149.344552901"}
{"action":"CRUSRTGFORREGUSR7772","level":"info","location":"UserTagHandler","msg":"Successfully created user tag for registered user!","status":"success","time":"2021-06-13T05:27:10Z","timestamp":"2021-06-13 05:27:10.360457 +0000 UTC m=+775.642396201"}
{"action":"CRUSRTGFORREGUSR7772","level":"info","location":"UserTagHandler","msg":"Successfully created user tag for registered user!","status":"success","time":"2021-06-13T05:29:29Z","timestamp":"2021-06-13 05:29:29.5726721 +0000 UTC m=+914.854611401"}
{"action":"FIDALTAGBLUSRSPST2889","level":"info","location":"UserTagHandler","msg":"Successfully founded all taggable users in posts!","status":"success","time":"2021-06-13T05:30:50Z","timestamp":"2021-06-13 05:30:50.47059 +0000 UTC m=+995.752529301"}
{"action":"CRTG7821","level":"info","location":"TagHandler","msg":"Successfully created tag!","status":"success","time":"2021-06-13T05:31:31Z","timestamp":"2021-06-13 05:31:31.7335082 +0000 UTC m=+1037.015447501"}
{"action":"CRPOTGPSTS532","level":"info","location":"PostTagPostsHandler","msg":"Successfully added post tag for post!","status":"success","time":"2021-06-13T05:31:31Z","timestamp":"2021-06-13 05:31:31.7585105 +0000 UTC m=+1037.040449701"}
{"action":"FIDALTGSFORPSTS9882","level":"info","location":"PostTagPostsHandler","msg":"Successfully founded tags for posts tag for posts!","status":"success","time":"2021-06-13T05:31:39Z","timestamp":"2021-06-13 05:31:39.9623816 +0000 UTC m=+1045.244320801"}
{"action":"FIDTGNMBYID0921","level":"info","location":"TagHandler","msg":"Successfully founded tag name by id!","status":"success","time":"2021-06-13T05:31:39Z","timestamp":"2021-06-13 05:31:39.9698599 +0000 UTC m=+1045.251799201"}
{"action":"FIDALTGSFRPOALBTGPSTALBMS321","level":"info","location":"PostAlbumTagPostAlbumsHandler","msg":"Successfully founded tags for album tag for post album!","status":"success","time":"2021-06-13T05:31:39Z","timestamp":"2021-06-13 05:31:39.9775114 +0000 UTC m=+1045.259450601"}
{"action":"FIDALTGSFORSORIS8223","level":"info","location":"StoryTagStoriesHandler","msg":"Successfully founded all tags for stories!","status":"success","time":"2021-06-13T05:31:40Z","timestamp":"2021-06-13 05:31:40.0280608 +0000 UTC m=+1045.310000001"}
{"action":"FIDALTGSFORSTRYALBTGSTRYALBMS6765","level":"info","location":"StoryAlbumTagStoryAlbumsHandler","msg":"Successfully founded all tags for story album tag for story album!","status":"success","time":"2021-06-13T05:31:40Z","timestamp":"2021-06-13 05:31:40.0414951 +0000 UTC m=+1045.323434401"}
{"action":"CRUSRTGFORREGUSR7772","level":"info","location":"UserTagHandler","msg":"Successfully created user tag for registered user!","status":"success","time":"2021-06-13T05:53:12Z","timestamp":"2021-06-13 05:53:12.7220657 +0000 UTC m=+123.320967401"}
{"action":"FIDALTAGBLUSRSPST2889","level":"info","location":"UserTagHandler","msg":"Successfully founded all taggable users in posts!","status":"success","time":"2021-06-13T05:54:13Z","timestamp":"2021-06-13 05:54:13.3079445 +0000 UTC m=+183.906846201"}
{"action":"CRTG7821","level":"info","location":"TagHandler","msg":"Successfully created tag!","status":"success","time":"2021-06-13T05:55:14Z","timestamp":"2021-06-13 05:55:14.0559598 +0000 UTC m=+244.654861501"}
{"action":"CRPOTGPSTS532","level":"info","location":"PostTagPostsHandler","msg":"Successfully added post tag for post!","status":"success","time":"2021-06-13T05:55:14Z","timestamp":"2021-06-13 05:55:14.0862733 +0000 UTC m=+244.685175001"}
{"action":"CRTG7821","level":"info","location":"TagHandler","msg":"Successfully created tag!","status":"success","time":"2021-06-13T05:55:25Z","timestamp":"2021-06-13 05:55:25.4109932 +0000 UTC m=+256.009894801"}
{"action":"CRPOTGPSTS532","level":"info","location":"PostTagPostsHandler","msg":"Successfully added post tag for post!","status":"success","time":"2021-06-13T05:55:25Z","timestamp":"2021-06-13 05:55:25.4358654 +0000 UTC m=+256.034767001"}
{"action":"CRTG7821","level":"info","location":"TagHandler","msg":"Successfully created tag!","status":"success","time":"2021-06-13T05:55:30Z","timestamp":"2021-06-13 05:55:30.7527199 +0000 UTC m=+261.351621501"}
{"action":"CRPOTGPSTS532","level":"info","location":"PostTagPostsHandler","msg":"Successfully added post tag for post!","status":"success","time":"2021-06-13T05:55:30Z","timestamp":"2021-06-13 05:55:30.7741564 +0000 UTC m=+261.373058101"}
{"action":"FIDALTGSFORSORIS8223","level":"info","location":"StoryTagStoriesHandler","msg":"Successfully founded all tags for stories!","status":"success","time":"2021-06-13T05:55:37Z","timestamp":"2021-06-13 05:55:37.6608833 +0000 UTC m=+268.259785001"}
{"action":"FIDALTGSFRPOALBTGPSTALBMS321","level":"info","location":"PostAlbumTagPostAlbumsHandler","msg":"Successfully founded tags for album tag for post album!","status":"success","time":"2021-06-13T05:55:37Z","timestamp":"2021-06-13 05:55:37.6640782 +0000 UTC m=+268.262979901"}
{"action":"FIDALTGSFORSTRYALBTGSTRYALBMS6765","level":"info","location":"StoryAlbumTagStoryAlbumsHandler","msg":"Successfully founded all tags for story album tag for story album!","status":"success","time":"2021-06-13T05:55:37Z","timestamp":"2021-06-13 05:55:37.678977 +0000 UTC m=+268.277878601"}
{"action":"FIDALTGSFORPSTS9882","level":"info","location":"PostTagPostsHandler","msg":"Successfully founded tags for posts tag for posts!","status":"success","time":"2021-06-13T05:55:37Z","timestamp":"2021-06-13 05:55:37.6909187 +0000 UTC m=+268.289820401"}
{"action":"FIDTGNMBYID0921","level":"info","location":"TagHandler","msg":"Successfully founded tag name by id!","status":"success","time":"2021-06-13T05:55:37Z","timestamp":"2021-06-13 05:55:37.6975654 +0000 UTC m=+268.296467101"}
{"action":"FIDTGNMBYID0921","level":"info","location":"TagHandler","msg":"Successfully founded tag name by id!","status":"success","time":"2021-06-13T05:55:37Z","timestamp":"2021-06-13 05:55:37.7100109 +0000 UTC m=+268.308912601"}
{"action":"FIDTGNMBYID0921","level":"info","location":"TagHandler","msg":"Successfully founded tag name by id!","status":"success","time":"2021-06-13T05:55:37Z","timestamp":"2021-06-13 05:55:37.7142841 +0000 UTC m=+268.313185701"}
{"action":"CRUSRTGFORREGUSR7772","level":"info","location":"UserTagHandler","msg":"Successfully created user tag for registered user!","status":"success","time":"2021-06-13T06:07:53Z","timestamp":"2021-06-13 06:07:53.1877233 +0000 UTC m=+93.459762401"}
{"action":"FIDALTAGBLUSRSPST2889","level":"info","location":"UserTagHandler","msg":"Successfully founded all taggable users in posts!","status":"success","time":"2021-06-13T06:11:26Z","timestamp":"2021-06-13 06:11:26.5435845 +0000 UTC m=+306.815623601"}
{"action":"FIDALTGSFORPSTS9882","level":"info","location":"PostTagPostsHandler","msg":"Successfully founded tags for posts tag for posts!","status":"success","time":"2021-06-13T06:12:00Z","timestamp":"2021-06-13 06:12:00.1378007 +0000 UTC m=+340.409839901"}
{"action":"FIDALTGSFRPOALBTGPSTALBMS321","level":"info","location":"PostAlbumTagPostAlbumsHandler","msg":"Successfully founded tags for album tag for post album!","status":"success","time":"2021-06-13T06:12:00Z","timestamp":"2021-06-13 06:12:00.1419506 +0000 UTC m=+340.413989801"}
{"action":"FIDALTGSFORSORIS8223","level":"info","location":"StoryTagStoriesHandler","msg":"Successfully founded all tags for stories!","status":"success","time":"2021-06-13T06:12:00Z","timestamp":"2021-06-13 06:12:00.1596643 +0000 UTC m=+340.431703401"}
{"action":"FIDALTGSFORSTRYALBTGSTRYALBMS6765","level":"info","location":"StoryAlbumTagStoryAlbumsHandler","msg":"Successfully founded all tags for story album tag for story album!","status":"success","time":"2021-06-13T06:12:00Z","timestamp":"2021-06-13 06:12:00.1732321 +0000 UTC m=+340.445271201"}
{"action":"FIDALTGSFORPSTS9882","level":"info","location":"PostTagPostsHandler","msg":"Successfully founded tags for posts tag for posts!","status":"success","time":"2021-06-13T06:12:08Z","timestamp":"2021-06-13 06:12:08.2471606 +0000 UTC m=+348.519199801"}
{"action":"FIDALTGSFRPOALBTGPSTALBMS321","level":"info","location":"PostAlbumTagPostAlbumsHandler","msg":"Successfully founded tags for album tag for post album!","status":"success","time":"2021-06-13T06:12:21Z","timestamp":"2021-06-13 06:12:21.6361654 +0000 UTC m=+361.908204501"}
{"action":"CRUSRTGFORREGUSR7772","level":"info","location":"UserTagHandler","msg":"Successfully created user tag for registered user!","status":"success","time":"2021-06-18T15:37:33Z","timestamp":"2021-06-18 15:37:33.1309512 +0000 UTC m=+220.439873401"}
{"action":"CRUSRTGFORREGUSR7772","level":"info","location":"UserTagHandler","msg":"Successfully created user tag for registered user!","status":"success","time":"2021-06-18T15:43:54Z","timestamp":"2021-06-18 15:43:54.181412 +0000 UTC m=+601.490334101"}
{"action":"FIDALTGSFORSORIS8223","level":"info","location":"StoryTagStoriesHandler","msg":"Successfully founded all tags for stories!","status":"success","time":"2021-06-18T15:44:45Z","timestamp":"2021-06-18 15:44:45.8276362 +0000 UTC m=+653.136558301"}
{"action":"FIDALTGSFORPSTS9882","level":"info","location":"PostTagPostsHandler","msg":"Successfully founded tags for posts tag for posts!","status":"success","time":"2021-06-18T15:44:45Z","timestamp":"2021-06-18 15:44:45.830916 +0000 UTC m=+653.139838101"}
{"action":"FIDALTGSFORPSTS9882","level":"info","location":"PostTagPostsHandler","msg":"Successfully founded tags for posts tag for posts!","status":"success","time":"2021-06-18T15:44:49Z","timestamp":"2021-06-18 15:44:49.2612288 +0000 UTC m=+656.570151001"}
{"action":"FIDALTGSFORSORIS8223","level":"info","location":"StoryTagStoriesHandler","msg":"Successfully founded all tags for stories!","status":"success","time":"2021-06-18T15:44:49Z","timestamp":"2021-06-18 15:44:49.3188638 +0000 UTC m=+656.627785901"}
{"action":"FIDALTGSFORSORIS8223","level":"info","location":"StoryTagStoriesHandler","msg":"Successfully founded all tags for stories!","status":"success","time":"2021-06-18T15:45:11Z","timestamp":"2021-06-18 15:45:11.6084658 +0000 UTC m=+678.917387901"}
{"action":"FIDALTGSFORPSTS9882","level":"info","location":"PostTagPostsHandler","msg":"Successfully founded tags for posts tag for posts!","status":"success","time":"2021-06-18T15:45:11Z","timestamp":"2021-06-18 15:45:11.6296043 +0000 UTC m=+678.938526501"}
{"action":"CRUSRTGFORREGUSR7772","level":"info","location":"UserTagHandler","msg":"Successfully created user tag for registered user!","status":"success","time":"2021-06-18T15:52:26Z","timestamp":"2021-06-18 15:52:26.8033261 +0000 UTC m=+176.077780701"}
{"action":"CRUSRTGFORREGUSR7772","level":"info","location":"UserTagHandler","msg":"Successfully created user tag for registered user!","status":"success","time":"2021-06-18T15:55:00Z","timestamp":"2021-06-18 15:55:00.2122661 +0000 UTC m=+329.486720601"}
{"action":"FIDALTGSFORSORIS8223","level":"info","location":"StoryTagStoriesHandler","msg":"Successfully founded all tags for stories!","status":"success","time":"2021-06-18T15:57:30Z","timestamp":"2021-06-18 15:57:30.3417376 +0000 UTC m=+479.616192101"}
{"action":"FIDALTGSFORPSTS9882","level":"info","location":"PostTagPostsHandler","msg":"Successfully founded tags for posts tag for posts!","status":"success","time":"2021-06-18T15:57:30Z","timestamp":"2021-06-18 15:57:30.3589143 +0000 UTC m=+479.633368801"}
{"action":"FIDALTGSFORPSTS9882","level":"info","location":"PostTagPostsHandler","msg":"Successfully founded tags for posts tag for posts!","status":"success","time":"2021-06-18T15:57:49Z","timestamp":"2021-06-18 15:57:49.1975974 +0000 UTC m=+498.472051901"}
{"action":"FIDALTGSFORSORIS8223","level":"info","location":"StoryTagStoriesHandler","msg":"Successfully founded all tags for stories!","status":"success","time":"2021-06-18T15:57:49Z","timestamp":"2021-06-18 15:57:49.2241139 +0000 UTC m=+498.498568401"}
{"action":"CRUSRTGFORREGUSR7772","level":"info","location":"UserTagHandler","msg":"Successfully created user tag for registered user!","status":"success","time":"2021-06-20T12:24:36Z","timestamp":"2021-06-20 12:24:36.2226143 +0000 UTC m=+65.375669201"}
{"action":"CRUSRTGFORREGUSR7772","level":"info","location":"UserTagHandler","msg":"Successfully created user tag for registered user!","status":"success","time":"2021-06-20T12:25:41Z","timestamp":"2021-06-20 12:25:41.0031427 +0000 UTC m=+130.156197701"}
{"action":"CRUSRTGFORREGUSR7772","level":"info","location":"UserTagHandler","msg":"Successfully created user tag for registered user!","status":"success","time":"2021-06-20T12:26:50Z","timestamp":"2021-06-20 12:26:50.9891624 +0000 UTC m=+200.142217301"}
{"action":"FIDALTGSFORPSTS9882","level":"info","location":"PostTagPostsHandler","msg":"Successfully founded tags for posts tag for posts!","status":"success","time":"2021-06-20T12:28:01Z","timestamp":"2021-06-20 12:28:01.1693567 +0000 UTC m=+270.322411701"}
{"action":"FIDALTGSFORSORIS8223","level":"info","location":"StoryTagStoriesHandler","msg":"Successfully founded all tags for stories!","status":"success","time":"2021-06-20T12:28:01Z","timestamp":"2021-06-20 12:28:01.1731373 +0000 UTC m=+270.326192301"}
{"action":"FIDALTGSFORPSTS9882","level":"info","location":"PostTagPostsHandler","msg":"Successfully founded tags for posts tag for posts!","status":"success","time":"2021-06-20T12:28:03Z","timestamp":"2021-06-20 12:28:03.5341674 +0000 UTC m=+272.687222401"}
{"action":"FIDALTGSFORSORIS8223","level":"info","location":"StoryTagStoriesHandler","msg":"Successfully founded all tags for stories!","status":"success","time":"2021-06-20T12:28:03Z","timestamp":"2021-06-20 12:28:03.5482786 +0000 UTC m=+272.701333501"}
{"action":"FIDALTGSFORPSTS9882","level":"info","location":"PostTagPostsHandler","msg":"Successfully founded tags for posts tag for posts!","status":"success","time":"2021-06-20T12:28:08Z","timestamp":"2021-06-20 12:28:08.35989 +0000 UTC m=+277.512945001"}
{"action":"FIDALTGSFORSORIS8223","level":"info","location":"StoryTagStoriesHandler","msg":"Successfully founded all tags for stories!","status":"success","time":"2021-06-20T12:28:08Z","timestamp":"2021-06-20 12:28:08.3722887 +0000 UTC m=+277.525343701"}
{"action":"FIDALTGSFORPSTS9882","level":"info","location":"PostTagPostsHandler","msg":"Successfully founded tags for posts tag for posts!","status":"success","time":"2021-06-20T12:28:11Z","timestamp":"2021-06-20 12:28:11.125421 +0000 UTC m=+280.278476001"}
{"action":"FIDALTGSFORSORIS8223","level":"info","location":"StoryTagStoriesHandler","msg":"Successfully founded all tags for stories!","status":"success","time":"2021-06-20T12:28:11Z","timestamp":"2021-06-20 12:28:11.1338948 +0000 UTC m=+280.286949701"}
{"action":"FIDALTGSFORPSTS9882","level":"info","location":"PostTagPostsHandler","msg":"Successfully founded tags for posts tag for posts!","status":"success","time":"2021-06-20T12:30:43Z","timestamp":"2021-06-20 12:30:43.4426367 +0000 UTC m=+432.595691601"}
{"action":"FIDALTGSFORSORIS8223","level":"info","location":"StoryTagStoriesHandler","msg":"Successfully founded all tags for stories!","status":"success","time":"2021-06-20T12:30:43Z","timestamp":"2021-06-20 12:30:43.4511221 +0000 UTC m=+432.604177001"}
{"action":"FIDALTGSFORSORIS8223","level":"info","location":"StoryTagStoriesHandler","msg":"Successfully founded all tags for stories!","status":"success","time":"2021-06-20T12:30:45Z","timestamp":"2021-06-20 12:30:45.7616308 +0000 UTC m=+434.914685801"}
{"action":"FIDALTGSFORPSTS9882","level":"info","location":"PostTagPostsHandler","msg":"Successfully founded tags for posts tag for posts!","status":"success","time":"2021-06-20T12:30:45Z","timestamp":"2021-06-20 12:30:45.7667768 +0000 UTC m=+434.919831701"}
{"action":"CRUSRTGFORREGUSR7772","level":"info","location":"UserTagHandler","msg":"Successfully created user tag for registered user!","status":"success","time":"2021-06-20T12:36:23Z","timestamp":"2021-06-20 12:36:23.7908801 +0000 UTC m=+106.710304901"}
{"action":"CRUSRTGFORREGUSR7772","level":"info","location":"UserTagHandler","msg":"Successfully created user tag for registered user!","status":"success","time":"2021-06-20T12:36:57Z","timestamp":"2021-06-20 12:36:57.2923864 +0000 UTC m=+140.211811201"}
{"action":"FIDALTGSFORPSTS9882","level":"info","location":"PostTagPostsHandler","msg":"Successfully founded tags for posts tag for posts!","status":"success","time":"2021-06-20T12:37:38Z","timestamp":"2021-06-20 12:37:38.9607213 +0000 UTC m=+181.880146201"}
{"action":"FIDALTGSFORSORIS8223","level":"info","location":"StoryTagStoriesHandler","msg":"Successfully founded all tags for stories!","status":"success","time":"2021-06-20T12:37:38Z","timestamp":"2021-06-20 12:37:38.9822961 +0000 UTC m=+181.901720901"}
{"action":"FIDALTGSFORPSTS9882","level":"info","location":"PostTagPostsHandler","msg":"Successfully founded tags for posts tag for posts!","status":"success","time":"2021-06-20T12:37:41Z","timestamp":"2021-06-20 12:37:41.4909152 +0000 UTC m=+184.410340001"}
{"action":"FIDALTGSFORSORIS8223","level":"info","location":"StoryTagStoriesHandler","msg":"Successfully founded all tags for stories!","status":"success","time":"2021-06-20T12:37:41Z","timestamp":"2021-06-20 12:37:41.4990027 +0000 UTC m=+184.418427601"}
{"action":"CRUSRTGFORREGUSR7772","level":"info","location":"UserTagHandler","msg":"Successfully created user tag for registered user!","status":"success","time":"2021-06-20T12:48:37Z","timestamp":"2021-06-20 12:48:37.4499171 +0000 UTC m=+94.152612301"}
{"action":"CRUSRTGFORREGUSR7772","level":"info","location":"UserTagHandler","msg":"Successfully created user tag for registered user!","status":"success","time":"2021-06-20T12:49:19Z","timestamp":"2021-06-20 12:49:19.4518598 +0000 UTC m=+136.154555001"}
{"action":"CRUSRTGFORREGUSR7772","level":"info","location":"UserTagHandler","msg":"Successfully created user tag for registered user!","status":"success","time":"2021-06-20T12:56:20Z","timestamp":"2021-06-20 12:56:20.1072974 +0000 UTC m=+78.146687301"}
{"action":"CRUSRTGFORREGUSR7772","level":"info","location":"UserTagHandler","msg":"Successfully created user tag for registered user!","status":"success","time":"2021-06-20T12:56:55Z","timestamp":"2021-06-20 12:56:55.2394279 +0000 UTC m=+113.278817801"}
{"action":"CRUSRTGFORREGUSR7772","level":"info","location":"UserTagHandler","msg":"Successfully created user tag for registered user!","status":"success","time":"2021-06-20T13:01:25Z","timestamp":"2021-06-20 13:01:25.8082771 +0000 UTC m=+69.191551701"}
{"action":"CRUSRTGFORREGUSR7772","level":"info","location":"UserTagHandler","msg":"Successfully created user tag for registered user!","status":"success","time":"2021-06-20T13:01:56Z","timestamp":"2021-06-20 13:01:56.7995914 +0000 UTC m=+100.182865901"}
{"action":"FIDALTGSFORSORIS8223","level":"info","location":"StoryTagStoriesHandler","msg":"Successfully founded all tags for stories!","status":"success","time":"2021-06-20T13:02:45Z","timestamp":"2021-06-20 13:02:45.3082964 +0000 UTC m=+148.691571001"}
{"action":"FIDALTGSFORPSTS9882","level":"info","location":"PostTagPostsHandler","msg":"Successfully founded tags for posts tag for posts!","status":"success","time":"2021-06-20T13:02:45Z","timestamp":"2021-06-20 13:02:45.3341372 +0000 UTC m=+148.717411801"}
{"action":"FIDALTGSFORSORIS8223","level":"info","location":"StoryTagStoriesHandler","msg":"Successfully founded all tags for stories!","status":"success","time":"2021-06-20T13:02:48Z","timestamp":"2021-06-20 13:02:48.6035043 +0000 UTC m=+151.986778901"}
{"action":"FIDALTGSFORPSTS9882","level":"info","location":"PostTagPostsHandler","msg":"Successfully founded tags for posts tag for posts!","status":"success","time":"2021-06-20T13:02:48Z","timestamp":"2021-06-20 13:02:48.6125625 +0000 UTC m=+151.995837101"}
{"action":"CRUSRTGFORREGUSR7772","level":"info","location":"UserTagHandler","msg":"Successfully created user tag for registered user!","status":"success","time":"2021-06-20T13:22:26Z","timestamp":"2021-06-20 13:22:26.3537239 +0000 UTC m=+83.831252401"}
{"action":"CRUSRTGFORREGUSR7772","level":"info","location":"UserTagHandler","msg":"Successfully created user tag for registered user!","status":"success","time":"2021-06-20T13:23:05Z","timestamp":"2021-06-20 13:23:05.5967318 +0000 UTC m=+123.074260301"}
{"action":"FIDALTGSFORPSTS9882","level":"info","location":"PostTagPostsHandler","msg":"Successfully founded tags for posts tag for posts!","status":"success","time":"2021-06-20T13:23:51Z","timestamp":"2021-06-20 13:23:51.4866021 +0000 UTC m=+168.964130501"}
{"action":"FIDALTGSFORSORIS8223","level":"info","location":"StoryTagStoriesHandler","msg":"Successfully founded all tags for stories!","status":"success","time":"2021-06-20T13:23:51Z","timestamp":"2021-06-20 13:23:51.5001429 +0000 UTC m=+168.977671301"}
{"action":"FIDALTGSFORPSTS9882","level":"info","location":"PostTagPostsHandler","msg":"Successfully founded tags for posts tag for posts!","status":"success","time":"2021-06-20T13:23:54Z","timestamp":"2021-06-20 13:23:54.0793755 +0000 UTC m=+171.556904001"}
{"action":"FIDALTGSFORSORIS8223","level":"info","location":"StoryTagStoriesHandler","msg":"Successfully founded all tags for stories!","status":"success","time":"2021-06-20T13:23:54Z","timestamp":"2021-06-20 13:23:54.1024237 +0000 UTC m=+171.579952101"}
{"action":"FIDALTAGBLUSRSPST2889","level":"info","location":"UserTagHandler","msg":"Successfully founded all taggable users in posts!","status":"success","time":"2021-06-20T13:25:15Z","timestamp":"2021-06-20 13:25:15.6407293 +0000 UTC m=+253.118257801"}
{"action":"FIDALTGSFORPSTS9882","level":"info","location":"PostTagPostsHandler","msg":"Successfully founded tags for posts tag for posts!","status":"success","time":"2021-06-20T13:27:21Z","timestamp":"2021-06-20 13:27:21.5236542 +0000 UTC m=+379.001182601"}
{"action":"FIDALTGSFRPOALBTGPSTALBMS321","level":"info","location":"PostAlbumTagPostAlbumsHandler","msg":"Successfully founded tags for album tag for post album!","status":"success","time":"2021-06-20T13:27:21Z","timestamp":"2021-06-20 13:27:21.5406299 +0000 UTC m=+379.018158401"}
{"action":"FIDALTGSFORSTRYALBTGSTRYALBMS6765","level":"info","location":"StoryAlbumTagStoryAlbumsHandler","msg":"Successfully founded all tags for story album tag for story album!","status":"success","time":"2021-06-20T13:27:21Z","timestamp":"2021-06-20 13:27:21.5525298 +0000 UTC m=+379.030058201"}
{"action":"FIDALTGSFORSORIS8223","level":"info","location":"StoryTagStoriesHandler","msg":"Successfully founded all tags for stories!","status":"success","time":"2021-06-20T13:27:21Z","timestamp":"2021-06-20 13:27:21.568115 +0000 UTC m=+379.045643501"}
{"action":"FIDALTGSFORPST9128","level":"info","location":"PostTagPostsHandler","msg":"Successfully founded tags for post!","status":"success","time":"2021-06-20T13:27:28Z","timestamp":"2021-06-20 13:27:28.5279429 +0000 UTC m=+386.005471401"}
{"action":"CRUSRTGFORREGUSR7772","level":"info","location":"UserTagHandler","msg":"Successfully created user tag for registered user!","status":"success","time":"2021-06-20T13:35:41Z","timestamp":"2021-06-20 13:35:41.6351982 +0000 UTC m=+67.833295301"}
{"action":"CRUSRTGFORREGUSR7772","level":"info","location":"UserTagHandler","msg":"Successfully created user tag for registered user!","status":"success","time":"2021-06-20T13:36:21Z","timestamp":"2021-06-20 13:36:21.7048815 +0000 UTC m=+107.902978501"}
{"action":"FIDALTGSFORPSTS9882","level":"info","location":"PostTagPostsHandler","msg":"Successfully founded tags for posts tag for posts!","status":"success","time":"2021-06-20T13:36:56Z","timestamp":"2021-06-20 13:36:56.9283357 +0000 UTC m=+143.126432701"}
{"action":"FIDALTGSFORSORIS8223","level":"info","location":"StoryTagStoriesHandler","msg":"Successfully founded all tags for stories!","status":"success","time":"2021-06-20T13:36:56Z","timestamp":"2021-06-20 13:36:56.9404103 +0000 UTC m=+143.138507401"}
{"action":"FIDALTGSFORPSTS9882","level":"info","location":"PostTagPostsHandler","msg":"Successfully founded tags for posts tag for posts!","status":"success","time":"2021-06-20T13:36:59Z","timestamp":"2021-06-20 13:36:59.7954379 +0000 UTC m=+145.993534901"}
{"action":"FIDALTGSFORSORIS8223","level":"info","location":"StoryTagStoriesHandler","msg":"Successfully founded all tags for stories!","status":"success","time":"2021-06-20T13:36:59Z","timestamp":"2021-06-20 13:36:59.8122643 +0000 UTC m=+146.010361401"}
{"action":"FIDALTAGBLUSRSPST2889","level":"info","location":"UserTagHandler","msg":"Successfully founded all taggable users in posts!","status":"success","time":"2021-06-20T13:37:48Z","timestamp":"2021-06-20 13:37:48.4633603 +0000 UTC m=+194.661457301"}
{"action":"FIDALTGSFORSORIS8223","level":"info","location":"StoryTagStoriesHandler","msg":"Successfully founded all tags for stories!","status":"success","time":"2021-06-20T13:38:17Z","timestamp":"2021-06-20 13:38:17.3090268 +0000 UTC m=+223.507123901"}
{"action":"FIDALTGSFORPSTS9882","level":"info","location":"PostTagPostsHandler","msg":"Successfully founded tags for posts tag for posts!","status":"success","time":"2021-06-20T13:38:17Z","timestamp":"2021-06-20 13:38:17.315415 +0000 UTC m=+223.513512101"}
{"action":"FIDALTGSFRPOALBTGPSTALBMS321","level":"info","location":"PostAlbumTagPostAlbumsHandler","msg":"Successfully founded tags for album tag for post album!","status":"success","time":"2021-06-20T13:38:17Z","timestamp":"2021-06-20 13:38:17.3248566 +0000 UTC m=+223.522953601"}
{"action":"FIDALTGSFORSTRYALBTGSTRYALBMS6765","level":"info","location":"StoryAlbumTagStoryAlbumsHandler","msg":"Successfully founded all tags for story album tag for story album!","status":"success","time":"2021-06-20T13:38:17Z","timestamp":"2021-06-20 13:38:17.344625 +0000 UTC m=+223.542722001"}
{"action":"FIDALTGSFORSTRYALBTGSTRYALBMS6765","level":"info","location":"StoryAlbumTagStoryAlbumsHandler","msg":"Successfully founded all tags for story album tag for story album!","status":"success","time":"2021-06-20T13:41:17Z","timestamp":"2021-06-20 13:41:17.4813309 +0000 UTC m=+403.679428001"}
{"action":"FIDALTGSFORPSTS9882","level":"info","location":"PostTagPostsHandler","msg":"Successfully founded tags for posts tag for posts!","status":"success","time":"2021-06-20T13:41:17Z","timestamp":"2021-06-20 13:41:17.4888418 +0000 UTC m=+403.686938901"}
{"action":"FIDALTGSFRPOALBTGPSTALBMS321","level":"info","location":"PostAlbumTagPostAlbumsHandler","msg":"Successfully founded tags for album tag for post album!","status":"success","time":"2021-06-20T13:41:17Z","timestamp":"2021-06-20 13:41:17.4967981 +0000 UTC m=+403.694895101"}
{"action":"FIDALTGSFORSORIS8223","level":"info","location":"StoryTagStoriesHandler","msg":"Successfully founded all tags for stories!","status":"success","time":"2021-06-20T13:41:17Z","timestamp":"2021-06-20 13:41:17.5324952 +0000 UTC m=+403.730592301"}
{"action":"CRUSRTGFORREGUSR7772","level":"info","location":"UserTagHandler","msg":"Successfully created user tag for registered user!","status":"success","time":"2021-06-20T13:50:32Z","timestamp":"2021-06-20 13:50:32.4385527 +0000 UTC m=+96.958675701"}
{"action":"CRUSRTGFORREGUSR7772","level":"info","location":"UserTagHandler","msg":"Successfully created user tag for registered user!","status":"success","time":"2021-06-20T13:51:35Z","timestamp":"2021-06-20 13:51:35.3809304 +0000 UTC m=+159.901053401"}
{"action":"FIDALTAGBLUSRSPST2889","level":"info","location":"UserTagHandler","msg":"Successfully founded all taggable users in posts!","status":"success","time":"2021-06-20T13:55:11Z","timestamp":"2021-06-20 13:55:11.2845686 +0000 UTC m=+375.804691601"}
{"action":"FIDALTGSFRPOALBTGPSTALBMS321","level":"info","location":"PostAlbumTagPostAlbumsHandler","msg":"Successfully founded tags for album tag for post album!","status":"success","time":"2021-06-20T13:55:52Z","timestamp":"2021-06-20 13:55:52.3211588 +0000 UTC m=+416.841281901"}
{"action":"FIDALTGSFORSTRYALBTGSTRYALBMS6765","level":"info","location":"StoryAlbumTagStoryAlbumsHandler","msg":"Successfully founded all tags for story album tag for story album!","status":"success","time":"2021-06-20T13:55:52Z","timestamp":"2021-06-20 13:55:52.3329096 +0000 UTC m=+416.853032701"}
{"action":"FIDALTGSFORPSTS9882","level":"info","location":"PostTagPostsHandler","msg":"Successfully founded tags for posts tag for posts!","status":"success","time":"2021-06-20T13:55:52Z","timestamp":"2021-06-20 13:55:52.3461497 +0000 UTC m=+416.866272701"}
{"action":"FIDALTGSFORSORIS8223","level":"info","location":"StoryTagStoriesHandler","msg":"Successfully founded all tags for stories!","status":"success","time":"2021-06-20T13:55:52Z","timestamp":"2021-06-20 13:55:52.3527677 +0000 UTC m=+416.872890801"}
{"action":"CRUSRTGFORREGUSR7772","level":"info","location":"UserTagHandler","msg":"Successfully created user tag for registered user!","status":"success","time":"2021-06-20T14:05:08Z","timestamp":"2021-06-20 14:05:08.6236952 +0000 UTC m=+77.151743201"}
{"action":"CRUSRTGFORREGUSR7772","level":"info","location":"UserTagHandler","msg":"Successfully created user tag for registered user!","status":"success","time":"2021-06-20T14:05:39Z","timestamp":"2021-06-20 14:05:39.9892274 +0000 UTC m=+108.517275401"}
{"action":"FIDALTGSFORSORIS8223","level":"info","location":"StoryTagStoriesHandler","msg":"Successfully founded all tags for stories!","status":"success","time":"2021-06-20T14:06:13Z","timestamp":"2021-06-20 14:06:13.761159 +0000 UTC m=+142.289206901"}
{"action":"FIDALTGSFORPSTS9882","level":"info","location":"PostTagPostsHandler","msg":"Successfully founded tags for posts tag for posts!","status":"success","time":"2021-06-20T14:06:13Z","timestamp":"2021-06-20 14:06:13.7680295 +0000 UTC m=+142.296077501"}
{"action":"FIDALTGSFORSORIS8223","level":"info","location":"StoryTagStoriesHandler","msg":"Successfully founded all tags for stories!","status":"success","time":"2021-06-20T14:06:16Z","timestamp":"2021-06-20 14:06:16.7364143 +0000 UTC m=+145.264462301"}
{"action":"FIDALTGSFORPSTS9882","level":"info","location":"PostTagPostsHandler","msg":"Successfully founded tags for posts tag for posts!","status":"success","time":"2021-06-20T14:06:16Z","timestamp":"2021-06-20 14:06:16.7540586 +0000 UTC m=+145.282106501"}
{"action":"FIDALTAGBLUSRSPST2889","level":"info","location":"UserTagHandler","msg":"Successfully founded all taggable users in posts!","status":"success","time":"2021-06-20T14:06:47Z","timestamp":"2021-06-20 14:06:47.4337085 +0000 UTC m=+175.961756401"}
{"action":"FIDALHASHTG9327","level":"info","location":"TagHandler","msg":"Successfully founded all hash tags!","status":"success","time":"2021-06-20T14:07:51Z","timestamp":"2021-06-20 14:07:51.1804275 +0000 UTC m=+239.708475501"}
{"action":"FIDALTAGBLUSRSCOMM9882","level":"info","location":"UserTagHandler","msg":"Successfully founded all taggable users in comments!","status":"success","time":"2021-06-20T14:07:51Z","timestamp":"2021-06-20 14:07:51.1913457 +0000 UTC m=+239.719393601"}
