{"action":"FIDALLFOLLREQFORUS2491","level":"info","location":"FollowRequestHandler","msg":"Successfully found all follower requests for user!","status":"success","time":"2021-06-18T10:58:11Z","timestamp":"2021-06-18 10:58:11.9168342 +0000 UTC m=+482.116984701"}
{"action":"FIDALLFOLLREQFORUS2491","level":"info","location":"FollowRequestHandler","msg":"Successfully found all follower requests for user!","status":"success","time":"2021-06-18T10:59:40Z","timestamp":"2021-06-18 10:59:40.0844786 +0000 UTC m=+570.284629201"}
{"action":"UPK522","level":"info","location":"VerificationRequestHandler","msg":"Successfully uploaded the media!","status":"success","time":"2021-06-18T12:15:14Z","timestamp":"2021-06-18 12:15:14.4895845 +0000 UTC m=+197.900470301"}
{"action":"UPK522","level":"info","location":"VerificationRequestHandler","msg":"Successfully uploaded the media!","status":"success","time":"2021-06-18T12:15:28Z","timestamp":"2021-06-18 12:15:28.3072226 +0000 UTC m=+211.718108301"}
{"action":"UPK522","level":"info","location":"VerificationRequestHandler","msg":"Successfully uploaded the media!","status":"success","time":"2021-06-18T12:22:13Z","timestamp":"2021-06-18 12:22:13.1223949 +0000 UTC m=+143.832128001"}
{"action":"UPK522","level":"info","location":"VerificationRequestHandler","msg":"Successfully uploaded the media!","status":"success","time":"2021-06-18T12:24:42Z","timestamp":"2021-06-18 12:24:42.684447 +0000 UTC m=+293.394180201"}
{"action":"UPK522","level":"info","location":"VerificationRequestHandler","msg":"Successfully uploaded the media!","status":"success","time":"2021-06-18T12:38:43Z","timestamp":"2021-06-18 12:38:43.1797327 +0000 UTC m=+137.223438801"}
{"action":"UPK522","level":"info","location":"VerificationRequestHandler","msg":"Successfully uploaded the media!","status":"success","time":"2021-06-18T12:50:14Z","timestamp":"2021-06-18 12:50:14.1427634 +0000 UTC m=+149.925236001"}
{"action":"UPK522","level":"info","location":"VerificationRequestHandler","msg":"Successfully uploaded the media!","status":"success","time":"2021-06-18T13:03:57Z","timestamp":"2021-06-18 13:03:57.7634492 +0000 UTC m=+181.347605201"}
{"action":"CREVERIFREQ6631","level":"info","location":"VerificationRequestHandler","msg":"Successfully created verification request!","status":"success","time":"2021-06-18T13:04:07Z","timestamp":"2021-06-18 13:04:07.5962184 +0000 UTC m=+191.180374501"}
{"action":"UPK522","level":"info","location":"VerificationRequestHandler","msg":"Successfully uploaded the media!","status":"success","time":"2021-06-18T13:25:58Z","timestamp":"2021-06-18 13:25:58.7960618 +0000 UTC m=+355.057573001"}
{"action":"CREVERIFREQ6631","level":"info","location":"VerificationRequestHandler","msg":"Successfully created verification request!","status":"success","time":"2021-06-18T13:26:02Z","timestamp":"2021-06-18 13:26:02.0969285 +0000 UTC m=+358.358439701"}
{"action":"FindAllPendingVerificationRequests","level":"info","location":"VerificationRequestHandler","msg":"Successfully found all pending verification requests!","status":"success","time":"2021-06-18T13:28:19Z","timestamp":"2021-06-18 13:28:19.2754149 +0000 UTC m=+495.536926101"}
{"action":"UPK522","level":"info","location":"VerificationRequestHandler","msg":"Successfully uploaded the media!","status":"success","time":"2021-06-18T13:45:25Z","timestamp":"2021-06-18 13:45:25.1536113 +0000 UTC m=+618.631021501"}
{"action":"CREVERIFREQ6631","level":"info","location":"VerificationRequestHandler","msg":"Successfully created verification request!","status":"success","time":"2021-06-18T13:45:26Z","timestamp":"2021-06-18 13:45:26.65962 +0000 UTC m=+620.137030201"}
{"action":"FindAllPendingVerificationRequests","level":"info","location":"VerificationRequestHandler","msg":"Successfully found all pending verification requests!","status":"success","time":"2021-06-18T13:46:29Z","timestamp":"2021-06-18 13:46:29.1889634 +0000 UTC m=+682.666373601"}
{"action":"FindVerificationRequestById","level":"info","location":"VerificationRequestHandler","msg":"Successfully found request by id!","status":"success","time":"2021-06-18T13:46:31Z","timestamp":"2021-06-18 13:46:31.0855816 +0000 UTC m=+684.562991801"}
{"action":"UPK522","level":"info","location":"VerificationRequestHandler","msg":"Successfully uploaded the media!","status":"success","time":"2021-06-18T14:57:25Z","timestamp":"2021-06-18 14:57:25.9346797 +0000 UTC m=+483.820735901"}
{"action":"CREVERIFREQ6631","level":"info","location":"VerificationRequestHandler","msg":"Successfully created verification request!","status":"success","time":"2021-06-18T14:57:31Z","timestamp":"2021-06-18 14:57:31.0554753 +0000 UTC m=+488.941531401"}
{"action":"FindAllPendingVerificationRequests","level":"info","location":"VerificationRequestHandler","msg":"Successfully found all pending verification requests!","status":"success","time":"2021-06-18T14:57:55Z","timestamp":"2021-06-18 14:57:55.1501862 +0000 UTC m=+513.036242401"}
{"action":"FindVerificationRequestById","level":"info","location":"VerificationRequestHandler","msg":"Successfully found request by id!","status":"success","time":"2021-06-18T14:57:57Z","timestamp":"2021-06-18 14:57:57.1639778 +0000 UTC m=+515.050033901"}
{"action":"AcceptVerificationRequest","level":"info","location":"VerificationRequestHandler","msg":"Successfully updated verification request to accepted!","status":"success","time":"2021-06-18T14:58:05Z","timestamp":"2021-06-18 14:58:05.6682234 +0000 UTC m=+523.554279601"}
{"action":"FindAllPendingVerificationRequests","level":"info","location":"VerificationRequestHandler","msg":"Successfully found all pending verification requests!","status":"success","time":"2021-06-18T14:58:08Z","timestamp":"2021-06-18 14:58:08.7639656 +0000 UTC m=+526.650021701"}
{"action":"FindAllPendingVerificationRequests","level":"info","location":"VerificationRequestHandler","msg":"Successfully found all pending verification requests!","status":"success","time":"2021-06-18T15:01:00Z","timestamp":"2021-06-18 15:01:00.237117 +0000 UTC m=+698.123173201"}
{"action":"FindAllPendingVerificationRequests","level":"info","location":"VerificationRequestHandler","msg":"Successfully found all pending verification requests!","status":"success","time":"2021-06-18T15:05:56Z","timestamp":"2021-06-18 15:05:56.7633304 +0000 UTC m=+994.649386501"}
{"action":"FindVerificationRequestById","level":"info","location":"VerificationRequestHandler","msg":"Successfully found request by id!","status":"success","time":"2021-06-18T15:05:58Z","timestamp":"2021-06-18 15:05:58.6913892 +0000 UTC m=+996.577445401"}
{"action":"AcceptVerificationRequest","level":"info","location":"VerificationRequestHandler","msg":"Successfully updated verification request to accepted!","status":"success","time":"2021-06-18T15:10:10Z","timestamp":"2021-06-18 15:10:10.6978324 +0000 UTC m=+1248.583888501"}
{"action":"UPK522","level":"info","location":"VerificationRequestHandler","msg":"Successfully uploaded the media!","status":"success","time":"2021-06-18T15:25:36Z","timestamp":"2021-06-18 15:25:36.5632942 +0000 UTC m=+387.498534101"}
{"action":"CREVERIFREQ6631","level":"info","location":"VerificationRequestHandler","msg":"Successfully created verification request!","status":"success","time":"2021-06-18T15:25:41Z","timestamp":"2021-06-18 15:25:41.9546633 +0000 UTC m=+392.889903201"}
{"action":"FindAllPendingVerificationRequests","level":"info","location":"VerificationRequestHandler","msg":"Successfully found all pending verification requests!","status":"success","time":"2021-06-18T15:25:59Z","timestamp":"2021-06-18 15:25:59.4034272 +0000 UTC m=+410.338667201"}
{"action":"FindVerificationRequestById","level":"info","location":"VerificationRequestHandler","msg":"Successfully found request by id!","status":"success","time":"2021-06-18T15:26:00Z","timestamp":"2021-06-18 15:26:00.7760912 +0000 UTC m=+411.711331101"}
{"action":"AcceptVerificationRequest","level":"info","location":"VerificationRequestHandler","msg":"Successfully updated verification request to accepted!","status":"success","time":"2021-06-18T15:26:16Z","timestamp":"2021-06-18 15:26:16.0607357 +0000 UTC m=+426.995975701"}
{"action":"FindAllPendingVerificationRequests","level":"info","location":"VerificationRequestHandler","msg":"Successfully found all pending verification requests!","status":"success","time":"2021-06-18T15:26:18Z","timestamp":"2021-06-18 15:26:18.1125575 +0000 UTC m=+429.047797501"}
