{"action":"FIALLOFOPOP066","level":"info","location":"LocationHandler","msg":"Successfully found locations!","status":"success","time":"2021-06-12T14:13:21Z","timestamp":"2021-06-12 14:13:21.0572964 +0000 UTC m=+287.964860301"}
{"action":"FIALLOFOSTH070","level":"info","location":"LocationHandler","msg":"Successfully found locations!","status":"success","time":"2021-06-12T14:13:21Z","timestamp":"2021-06-12 14:13:21.0651499 +0000 UTC m=+287.972713801"}
{"action":"FIALLOFOSTALK777","level":"info","location":"LocationHandler","msg":"Successfully found locations!","status":"success","time":"2021-06-12T14:13:21Z","timestamp":"2021-06-12 14:13:21.0781297 +0000 UTC m=+287.985693701"}
{"action":"FIALLOFOPOALP969","level":"info","location":"LocationHandler","msg":"Successfully found locations!","status":"success","time":"2021-06-12T14:13:21Z","timestamp":"2021-06-12 14:13:21.0985108 +0000 UTC m=+288.006074701"}
{"action":"FIALLOFOPOP066","level":"info","location":"LocationHandler","msg":"Successfully found locations!","status":"success","time":"2021-06-12T14:13:34Z","timestamp":"2021-06-12 14:13:34.6460273 +0000 UTC m=+301.553591301"}
{"action":"FIALLOFOPOALP969","level":"info","location":"LocationHandler","msg":"Successfully found locations!","status":"success","time":"2021-06-12T14:13:34Z","timestamp":"2021-06-12 14:13:34.6485875 +0000 UTC m=+301.556151501"}
{"action":"FIALLOFOSTH070","level":"info","location":"LocationHandler","msg":"Successfully found locations!","status":"success","time":"2021-06-12T14:13:34Z","timestamp":"2021-06-12 14:13:34.6503654 +0000 UTC m=+301.557929301"}
{"action":"FIALLOFOSTALK777","level":"info","location":"LocationHandler","msg":"Successfully found locations!","status":"success","time":"2021-06-12T14:13:34Z","timestamp":"2021-06-12 14:13:34.650776 +0000 UTC m=+301.558340001"}
{"action":"CRLON001","level":"info","location":"LocationHandler","msg":"Successfully created location!","status":"success","time":"2021-06-12T14:24:42Z","timestamp":"2021-06-12 14:24:42.9416925 +0000 UTC m=+164.340685801"}
{"action":"FIALLOFOSTH070","level":"info","location":"LocationHandler","msg":"Successfully found locations!","status":"success","time":"2021-06-12T14:25:23Z","timestamp":"2021-06-12 14:25:23.213533 +0000 UTC m=+204.612526301"}
{"action":"FIALLOFOPOP066","level":"info","location":"LocationHandler","msg":"Successfully found locations!","status":"success","time":"2021-06-12T14:25:23Z","timestamp":"2021-06-12 14:25:23.215577 +0000 UTC m=+204.614570301"}
{"action":"FIALLOFOSTALK777","level":"info","location":"LocationHandler","msg":"Successfully found locations!","status":"success","time":"2021-06-12T14:25:23Z","timestamp":"2021-06-12 14:25:23.217311 +0000 UTC m=+204.616304301"}
{"action":"FIALLOFOPOALP969","level":"info","location":"LocationHandler","msg":"Successfully found locations!","status":"success","time":"2021-06-12T14:25:23Z","timestamp":"2021-06-12 14:25:23.2215185 +0000 UTC m=+204.620511901"}
{"action":"CRLON001","level":"info","location":"LocationHandler","msg":"Successfully created location!","status":"success","time":"2021-06-13T05:31:21Z","timestamp":"2021-06-13 05:31:21.8268474 +0000 UTC m=+1026.270378501"}
{"action":"FIALLOFOPOP066","level":"info","location":"LocationHandler","msg":"Successfully found locations!","status":"success","time":"2021-06-13T05:31:39Z","timestamp":"2021-06-13 05:31:39.9570316 +0000 UTC m=+1044.400562801"}
{"action":"FIALLOFOPOALP969","level":"info","location":"LocationHandler","msg":"Successfully found locations!","status":"success","time":"2021-06-13T05:31:39Z","timestamp":"2021-06-13 05:31:39.9726932 +0000 UTC m=+1044.416224301"}
{"action":"FIALLOFOSTALK777","level":"info","location":"LocationHandler","msg":"Successfully found locations!","status":"success","time":"2021-06-13T05:31:39Z","timestamp":"2021-06-13 05:31:39.9981355 +0000 UTC m=+1044.441666601"}
{"action":"FIALLOFOSTH070","level":"info","location":"LocationHandler","msg":"Successfully found locations!","status":"success","time":"2021-06-13T05:31:40Z","timestamp":"2021-06-13 05:31:40.0071017 +0000 UTC m=+1044.450632801"}
{"action":"CRLON001","level":"info","location":"LocationHandler","msg":"Successfully created location!","status":"success","time":"2021-06-13T05:55:04Z","timestamp":"2021-06-13 05:55:04.7924425 +0000 UTC m=+234.548567301"}
{"action":"FIALLOFOSTH070","level":"info","location":"LocationHandler","msg":"Successfully found locations!","status":"success","time":"2021-06-13T05:55:37Z","timestamp":"2021-06-13 05:55:37.6450593 +0000 UTC m=+267.401184101"}
{"action":"FIALLOFOPOP066","level":"info","location":"LocationHandler","msg":"Successfully found locations!","status":"success","time":"2021-06-13T05:55:37Z","timestamp":"2021-06-13 05:55:37.6515402 +0000 UTC m=+267.407665001"}
{"action":"FIALLOFOSTALK777","level":"info","location":"LocationHandler","msg":"Successfully found locations!","status":"success","time":"2021-06-13T05:55:37Z","timestamp":"2021-06-13 05:55:37.6586914 +0000 UTC m=+267.414816201"}
{"action":"FIALLOFOPOALP969","level":"info","location":"LocationHandler","msg":"Successfully found locations!","status":"success","time":"2021-06-13T05:55:37Z","timestamp":"2021-06-13 05:55:37.6605343 +0000 UTC m=+267.416659101"}
{"action":"FIALLOFOPOP066","level":"info","location":"LocationHandler","msg":"Successfully found locations!","status":"success","time":"2021-06-13T06:12:00Z","timestamp":"2021-06-13 06:12:00.1162776 +0000 UTC m=+339.518550801"}
{"action":"FIALLOFOPOALP969","level":"info","location":"LocationHandler","msg":"Successfully found locations!","status":"success","time":"2021-06-13T06:12:00Z","timestamp":"2021-06-13 06:12:00.1215825 +0000 UTC m=+339.523855601"}
{"action":"FIALLOFOSTH070","level":"info","location":"LocationHandler","msg":"Successfully found locations!","status":"success","time":"2021-06-13T06:12:00Z","timestamp":"2021-06-13 06:12:00.1496445 +0000 UTC m=+339.551917701"}
{"action":"FIALLOFOSTALK777","level":"info","location":"LocationHandler","msg":"Successfully found locations!","status":"success","time":"2021-06-13T06:12:00Z","timestamp":"2021-06-13 06:12:00.1688318 +0000 UTC m=+339.571104901"}
{"action":"FIALLOFOPOP066","level":"info","location":"LocationHandler","msg":"Successfully found locations!","status":"success","time":"2021-06-13T06:12:08Z","timestamp":"2021-06-13 06:12:08.2449817 +0000 UTC m=+347.647254901"}
{"action":"FIALLOFOPOALP969","level":"info","location":"LocationHandler","msg":"Successfully found locations!","status":"success","time":"2021-06-13T06:12:21Z","timestamp":"2021-06-13 06:12:21.6341752 +0000 UTC m=+361.036448301"}
{"action":"FIALLOFOSTH070","level":"info","location":"LocationHandler","msg":"Successfully found locations!","status":"success","time":"2021-06-18T15:44:45Z","timestamp":"2021-06-18 15:44:45.808326 +0000 UTC m=+651.530471201"}
{"action":"FIALLOFOPOP066","level":"info","location":"LocationHandler","msg":"Successfully found locations!","status":"success","time":"2021-06-18T15:44:45Z","timestamp":"2021-06-18 15:44:45.8217509 +0000 UTC m=+651.543896101"}
{"action":"FIALLOFOPOP066","level":"info","location":"LocationHandler","msg":"Successfully found locations!","status":"success","time":"2021-06-18T15:44:49Z","timestamp":"2021-06-18 15:44:49.2570062 +0000 UTC m=+654.979151301"}
{"action":"FIALLOFOSTH070","level":"info","location":"LocationHandler","msg":"Successfully found locations!","status":"success","time":"2021-06-18T15:44:49Z","timestamp":"2021-06-18 15:44:49.3158728 +0000 UTC m=+655.038017901"}
{"action":"FIALLOFOPOP066","level":"info","location":"LocationHandler","msg":"Successfully found locations!","status":"success","time":"2021-06-18T15:45:11Z","timestamp":"2021-06-18 15:45:11.5894998 +0000 UTC m=+677.311644901"}
{"action":"FIALLOFOSTH070","level":"info","location":"LocationHandler","msg":"Successfully found locations!","status":"success","time":"2021-06-18T15:45:11Z","timestamp":"2021-06-18 15:45:11.5999899 +0000 UTC m=+677.322135001"}
{"action":"FIALLOFOSTH070","level":"info","location":"LocationHandler","msg":"Successfully found locations!","status":"success","time":"2021-06-18T15:57:30Z","timestamp":"2021-06-18 15:57:30.3249139 +0000 UTC m=+479.287577101"}
{"action":"FIALLOFOPOP066","level":"info","location":"LocationHandler","msg":"Successfully found locations!","status":"success","time":"2021-06-18T15:57:30Z","timestamp":"2021-06-18 15:57:30.3410673 +0000 UTC m=+479.303730401"}
{"action":"FIALLOFOPOP066","level":"info","location":"LocationHandler","msg":"Successfully found locations!","status":"success","time":"2021-06-18T15:57:49Z","timestamp":"2021-06-18 15:57:49.1871748 +0000 UTC m=+498.149837901"}
{"action":"FIALLOFOSTH070","level":"info","location":"LocationHandler","msg":"Successfully found locations!","status":"success","time":"2021-06-18T15:57:49Z","timestamp":"2021-06-18 15:57:49.2216526 +0000 UTC m=+498.184315801"}
{"action":"FIALLOFOPOP066","level":"info","location":"LocationHandler","msg":"Successfully found locations!","status":"success","time":"2021-06-20T12:28:01Z","timestamp":"2021-06-20 12:28:01.1548763 +0000 UTC m=+270.490158401"}
{"action":"FIALLOFOSTH070","level":"info","location":"LocationHandler","msg":"Successfully found locations!","status":"success","time":"2021-06-20T12:28:01Z","timestamp":"2021-06-20 12:28:01.1621266 +0000 UTC m=+270.497408601"}
{"action":"FIALLOFOPOP066","level":"info","location":"LocationHandler","msg":"Successfully found locations!","status":"success","time":"2021-06-20T12:28:03Z","timestamp":"2021-06-20 12:28:03.5240729 +0000 UTC m=+272.859354901"}
{"action":"FIALLOFOSTH070","level":"info","location":"LocationHandler","msg":"Successfully found locations!","status":"success","time":"2021-06-20T12:28:03Z","timestamp":"2021-06-20 12:28:03.5401045 +0000 UTC m=+272.875386601"}
{"action":"FIALLOFOPOP066","level":"info","location":"LocationHandler","msg":"Successfully found locations!","status":"success","time":"2021-06-20T12:28:08Z","timestamp":"2021-06-20 12:28:08.3569924 +0000 UTC m=+277.692274501"}
{"action":"FIALLOFOSTH070","level":"info","location":"LocationHandler","msg":"Successfully found locations!","status":"success","time":"2021-06-20T12:28:08Z","timestamp":"2021-06-20 12:28:08.3702244 +0000 UTC m=+277.705506401"}
{"action":"FIALLOFOPOP066","level":"info","location":"LocationHandler","msg":"Successfully found locations!","status":"success","time":"2021-06-20T12:28:11Z","timestamp":"2021-06-20 12:28:11.1214701 +0000 UTC m=+280.456752201"}
{"action":"FIALLOFOSTH070","level":"info","location":"LocationHandler","msg":"Successfully found locations!","status":"success","time":"2021-06-20T12:28:11Z","timestamp":"2021-06-20 12:28:11.1308738 +0000 UTC m=+280.466155801"}
{"action":"FIALLOFOPOP066","level":"info","location":"LocationHandler","msg":"Successfully found locations!","status":"success","time":"2021-06-20T12:30:43Z","timestamp":"2021-06-20 12:30:43.4394684 +0000 UTC m=+432.774750401"}
{"action":"FIALLOFOSTH070","level":"info","location":"LocationHandler","msg":"Successfully found locations!","status":"success","time":"2021-06-20T12:30:43Z","timestamp":"2021-06-20 12:30:43.4400296 +0000 UTC m=+432.775311701"}
{"action":"FIALLOFOSTH070","level":"info","location":"LocationHandler","msg":"Successfully found locations!","status":"success","time":"2021-06-20T12:30:45Z","timestamp":"2021-06-20 12:30:45.7578617 +0000 UTC m=+435.093143701"}
{"action":"FIALLOFOPOP066","level":"info","location":"LocationHandler","msg":"Successfully found locations!","status":"success","time":"2021-06-20T12:30:45Z","timestamp":"2021-06-20 12:30:45.7627291 +0000 UTC m=+435.098011101"}
{"action":"FIALLOFOPOP066","level":"info","location":"LocationHandler","msg":"Successfully found locations!","status":"success","time":"2021-06-20T12:37:38Z","timestamp":"2021-06-20 12:37:38.9534292 +0000 UTC m=+182.655842701"}
{"action":"FIALLOFOSTH070","level":"info","location":"LocationHandler","msg":"Successfully found locations!","status":"success","time":"2021-06-20T12:37:38Z","timestamp":"2021-06-20 12:37:38.9775926 +0000 UTC m=+182.680006201"}
{"action":"FIALLOFOPOP066","level":"info","location":"LocationHandler","msg":"Successfully found locations!","status":"success","time":"2021-06-20T12:37:41Z","timestamp":"2021-06-20 12:37:41.4756001 +0000 UTC m=+185.178013601"}
{"action":"FIALLOFOSTH070","level":"info","location":"LocationHandler","msg":"Successfully found locations!","status":"success","time":"2021-06-20T12:37:41Z","timestamp":"2021-06-20 12:37:41.4908678 +0000 UTC m=+185.193281301"}
{"action":"FIALLOFOSTH070","level":"info","location":"LocationHandler","msg":"Successfully found locations!","status":"success","time":"2021-06-20T13:02:45Z","timestamp":"2021-06-20 13:02:45.2976299 +0000 UTC m=+149.191773701"}
{"action":"FIALLOFOPOP066","level":"info","location":"LocationHandler","msg":"Successfully found locations!","status":"success","time":"2021-06-20T13:02:45Z","timestamp":"2021-06-20 13:02:45.3093632 +0000 UTC m=+149.203507001"}
{"action":"FIALLOFOSTH070","level":"info","location":"LocationHandler","msg":"Successfully found locations!","status":"success","time":"2021-06-20T13:02:48Z","timestamp":"2021-06-20 13:02:48.5969788 +0000 UTC m=+152.491122601"}
{"action":"FIALLOFOPOP066","level":"info","location":"LocationHandler","msg":"Successfully found locations!","status":"success","time":"2021-06-20T13:02:48Z","timestamp":"2021-06-20 13:02:48.6100636 +0000 UTC m=+152.504207401"}
{"action":"FIALLOFOPOP066","level":"info","location":"LocationHandler","msg":"Successfully found locations!","status":"success","time":"2021-06-20T13:23:51Z","timestamp":"2021-06-20 13:23:51.4763613 +0000 UTC m=+167.401348601"}
{"action":"FIALLOFOSTH070","level":"info","location":"LocationHandler","msg":"Successfully found locations!","status":"success","time":"2021-06-20T13:23:51Z","timestamp":"2021-06-20 13:23:51.4943648 +0000 UTC m=+167.419352201"}
{"action":"FIALLOFOPOP066","level":"info","location":"LocationHandler","msg":"Successfully found locations!","status":"success","time":"2021-06-20T13:23:54Z","timestamp":"2021-06-20 13:23:54.0769919 +0000 UTC m=+170.001979201"}
{"action":"FIALLOFOSTH070","level":"info","location":"LocationHandler","msg":"Successfully found locations!","status":"success","time":"2021-06-20T13:23:54Z","timestamp":"2021-06-20 13:23:54.1003827 +0000 UTC m=+170.025370101"}
{"action":"FIALLOFOPOP066","level":"info","location":"LocationHandler","msg":"Successfully found locations!","status":"success","time":"2021-06-20T13:27:21Z","timestamp":"2021-06-20 13:27:21.5197073 +0000 UTC m=+377.444694601"}
{"action":"FIALLOFOSTH070","level":"info","location":"LocationHandler","msg":"Successfully found locations!","status":"success","time":"2021-06-20T13:27:21Z","timestamp":"2021-06-20 13:27:21.5325141 +0000 UTC m=+377.457501501"}
{"action":"FIALLOFOPOALP969","level":"info","location":"LocationHandler","msg":"Successfully found locations!","status":"success","time":"2021-06-20T13:27:21Z","timestamp":"2021-06-20 13:27:21.5342283 +0000 UTC m=+377.459215601"}
{"action":"FIALLOFOSTALK777","level":"info","location":"LocationHandler","msg":"Successfully found locations!","status":"success","time":"2021-06-20T13:27:21Z","timestamp":"2021-06-20 13:27:21.5408552 +0000 UTC m=+377.465842601"}
{"action":"FIALLOFOPOG429","level":"info","location":"LocationHandler","msg":"Successfully found locations!","status":"success","time":"2021-06-20T13:27:28Z","timestamp":"2021-06-20 13:27:28.5247618 +0000 UTC m=+384.449749101"}
{"action":"FIALLOFOPOP066","level":"info","location":"LocationHandler","msg":"Successfully found locations!","status":"success","time":"2021-06-20T13:36:56Z","timestamp":"2021-06-20 13:36:56.921293 +0000 UTC m=+144.752511101"}
{"action":"FIALLOFOSTH070","level":"info","location":"LocationHandler","msg":"Successfully found locations!","status":"success","time":"2021-06-20T13:36:56Z","timestamp":"2021-06-20 13:36:56.93224 +0000 UTC m=+144.763458001"}
{"action":"FIALLOFOPOP066","level":"info","location":"LocationHandler","msg":"Successfully found locations!","status":"success","time":"2021-06-20T13:36:59Z","timestamp":"2021-06-20 13:36:59.7809871 +0000 UTC m=+147.612205201"}
{"action":"FIALLOFOSTH070","level":"info","location":"LocationHandler","msg":"Successfully found locations!","status":"success","time":"2021-06-20T13:36:59Z","timestamp":"2021-06-20 13:36:59.801674 +0000 UTC m=+147.632892101"}
{"action":"FIALLOFOSTH070","level":"info","location":"LocationHandler","msg":"Successfully found locations!","status":"success","time":"2021-06-20T13:38:17Z","timestamp":"2021-06-20 13:38:17.3050428 +0000 UTC m=+225.136260901"}
{"action":"FIALLOFOPOP066","level":"info","location":"LocationHandler","msg":"Successfully found locations!","status":"success","time":"2021-06-20T13:38:17Z","timestamp":"2021-06-20 13:38:17.3106119 +0000 UTC m=+225.141829901"}
{"action":"FIALLOFOPOALP969","level":"info","location":"LocationHandler","msg":"Successfully found locations!","status":"success","time":"2021-06-20T13:38:17Z","timestamp":"2021-06-20 13:38:17.3206887 +0000 UTC m=+225.151906801"}
{"action":"FIALLOFOSTALK777","level":"info","location":"LocationHandler","msg":"Successfully found locations!","status":"success","time":"2021-06-20T13:38:17Z","timestamp":"2021-06-20 13:38:17.3422196 +0000 UTC m=+225.173437601"}
{"action":"FIALLOFOSTALK777","level":"info","location":"LocationHandler","msg":"Successfully found locations!","status":"success","time":"2021-06-20T13:41:17Z","timestamp":"2021-06-20 13:41:17.4770239 +0000 UTC m=+405.308256401"}
{"action":"FIALLOFOPOP066","level":"info","location":"LocationHandler","msg":"Successfully found locations!","status":"success","time":"2021-06-20T13:41:17Z","timestamp":"2021-06-20 13:41:17.484256 +0000 UTC m=+405.315474001"}
{"action":"FIALLOFOPOALP969","level":"info","location":"LocationHandler","msg":"Successfully found locations!","status":"success","time":"2021-06-20T13:41:17Z","timestamp":"2021-06-20 13:41:17.4948891 +0000 UTC m=+405.326107201"}
{"action":"FIALLOFOSTH070","level":"info","location":"LocationHandler","msg":"Successfully found locations!","status":"success","time":"2021-06-20T13:41:17Z","timestamp":"2021-06-20 13:41:17.5305479 +0000 UTC m=+405.361766001"}
{"action":"FIALLOFOPOP066","level":"info","location":"LocationHandler","msg":"Successfully found locations!","status":"success","time":"2021-06-20T13:55:52Z","timestamp":"2021-06-20 13:55:52.3056652 +0000 UTC m=+417.038837901"}
{"action":"FIALLOFOPOALP969","level":"info","location":"LocationHandler","msg":"Successfully found locations!","status":"success","time":"2021-06-20T13:55:52Z","timestamp":"2021-06-20 13:55:52.3167875 +0000 UTC m=+417.049960201"}
{"action":"FIALLOFOSTH070","level":"info","location":"LocationHandler","msg":"Successfully found locations!","status":"success","time":"2021-06-20T13:55:52Z","timestamp":"2021-06-20 13:55:52.3184135 +0000 UTC m=+417.051586201"}
{"action":"FIALLOFOSTALK777","level":"info","location":"LocationHandler","msg":"Successfully found locations!","status":"success","time":"2021-06-20T13:55:52Z","timestamp":"2021-06-20 13:55:52.3204511 +0000 UTC m=+417.053623801"}
{"action":"FIALLOFOSTH070","level":"info","location":"LocationHandler","msg":"Successfully found locations!","status":"success","time":"2021-06-20T14:06:13Z","timestamp":"2021-06-20 14:06:13.753739 +0000 UTC m=+143.204610101"}
{"action":"FIALLOFOPOP066","level":"info","location":"LocationHandler","msg":"Successfully found locations!","status":"success","time":"2021-06-20T14:06:13Z","timestamp":"2021-06-20 14:06:13.7603704 +0000 UTC m=+143.211241601"}
{"action":"FIALLOFOSTH070","level":"info","location":"LocationHandler","msg":"Successfully found locations!","status":"success","time":"2021-06-20T14:06:16Z","timestamp":"2021-06-20 14:06:16.7344297 +0000 UTC m=+146.185300901"}
{"action":"FIALLOFOPOP066","level":"info","location":"LocationHandler","msg":"Successfully found locations!","status":"success","time":"2021-06-20T14:06:16Z","timestamp":"2021-06-20 14:06:16.7494626 +0000 UTC m=+146.200333701"}
