{"action":"SEDCONFMAIL227","level":"info","location":"RegisteredUserHandler","msg":"Successfully sended email with confirmation token!","status":"success","time":"2021-06-10T17:49:03Z","timestamp":"2021-06-10 17:49:03.2760679 +0000 UTC m=+70.594100001"}
{"action":"CRREGUS032","level":"info","location":"RegisteredUserHandler","msg":"Successfully created registered user!","status":"success","time":"2021-06-10T17:49:03Z","timestamp":"2021-06-10 17:49:03.2846845 +0000 UTC m=+70.602716401"}
{"action":"SEDCONFMAIL227","level":"info","location":"RegisteredUserHandler","msg":"Successfully sended email with confirmation token!","status":"success","time":"2021-06-11T12:35:08Z","timestamp":"2021-06-11 12:35:08.6824363 +0000 UTC m=+383.814136901"}
{"action":"CRREGUS032","level":"info","location":"RegisteredUserHandler","msg":"Successfully created registered user!","status":"success","time":"2021-06-11T12:35:08Z","timestamp":"2021-06-11 12:35:08.6888131 +0000 UTC m=+383.820513801"}
{"action":"VERFYCONFTOK322","level":"info","location":"ConfirmationTokenHandler","msg":"Successfully verifed account with token!","status":"success","time":"2021-06-11T12:35:28Z","timestamp":"2021-06-11 12:35:28.1454969 +0000 UTC m=+403.277197601"}
{"action":"GENRECRYPASSTOK432","level":"info","location":"RecoveryPasswordTokenHandler","msg":"Successfully created recovery password token!","status":"success","time":"2021-06-11T12:35:50Z","timestamp":"2021-06-11 12:35:50.3734157 +0000 UTC m=+425.505116301"}
{"action":"SEDRECRYPASSMAL924","level":"info","location":"RecoveryPasswordTokenHandler","msg":"Successfully sended email with recovery token!","status":"success","time":"2021-06-11T12:35:51Z","timestamp":"2021-06-11 12:35:51.5158412 +0000 UTC m=+426.647541901"}
{"action":"VERFYRECRYPASSTOK1010","level":"info","location":"RecoveryPasswordTokenHandler","msg":"Successfully verified password for user!","status":"success","time":"2021-06-11T12:36:09Z","timestamp":"2021-06-11 12:36:09.4970563 +0000 UTC m=+444.628756901"}
{"action":"SEDCONFMAIL227","level":"info","location":"RegisteredUserHandler","msg":"Successfully sended email with confirmation token!","status":"success","time":"2021-06-11T13:14:36Z","timestamp":"2021-06-11 13:14:36.6992579 +0000 UTC m=+473.941676601"}
{"action":"CRREGUS032","level":"info","location":"RegisteredUserHandler","msg":"Successfully created registered user!","status":"success","time":"2021-06-11T13:14:36Z","timestamp":"2021-06-11 13:14:36.7161314 +0000 UTC m=+473.958550001"}
{"action":"VERFYCONFTOK322","level":"info","location":"ConfirmationTokenHandler","msg":"Successfully verifed account with token!","status":"success","time":"2021-06-11T13:14:54Z","timestamp":"2021-06-11 13:14:54.3619987 +0000 UTC m=+491.604417401"}
{"action":"GENRECRYPASSTOK432","level":"info","location":"RecoveryPasswordTokenHandler","msg":"Successfully created recovery password token!","status":"success","time":"2021-06-11T13:15:16Z","timestamp":"2021-06-11 13:15:16.3929334 +0000 UTC m=+513.635352001"}
{"action":"SEDRECRYPASSMAL924","level":"info","location":"RecoveryPasswordTokenHandler","msg":"Successfully sended email with recovery token!","status":"success","time":"2021-06-11T13:15:17Z","timestamp":"2021-06-11 13:15:17.4471617 +0000 UTC m=+514.689580301"}
{"action":"VERFYRECRYPASSTOK1010","level":"info","location":"RecoveryPasswordTokenHandler","msg":"Successfully verified password for user!","status":"success","time":"2021-06-11T13:15:25Z","timestamp":"2021-06-11 13:15:25.7964379 +0000 UTC m=+523.038856501"}
{"action":"SEDCONFMAIL227","level":"info","location":"RegisteredUserHandler","msg":"Successfully sended email with confirmation token!","status":"success","time":"2021-06-11T13:59:52Z","timestamp":"2021-06-11 13:59:52.8360191 +0000 UTC m=+98.414031401"}
{"action":"CRREGUS032","level":"info","location":"RegisteredUserHandler","msg":"Successfully created registered user!","status":"success","time":"2021-06-11T13:59:52Z","timestamp":"2021-06-11 13:59:52.8497587 +0000 UTC m=+98.427771001"}
{"action":"VERFYCONFTOK322","level":"info","location":"ConfirmationTokenHandler","msg":"Successfully verifed account with token!","status":"success","time":"2021-06-11T14:00:54Z","timestamp":"2021-06-11 14:00:54.7798314 +0000 UTC m=+160.357843801"}
{"action":"GENRECRYPASSTOK432","level":"info","location":"RecoveryPasswordTokenHandler","msg":"Successfully created recovery password token!","status":"success","time":"2021-06-11T14:01:14Z","timestamp":"2021-06-11 14:01:14.8442458 +0000 UTC m=+180.422258201"}
{"action":"SEDRECRYPASSMAL924","level":"info","location":"RecoveryPasswordTokenHandler","msg":"Successfully sended email with recovery token!","status":"success","time":"2021-06-11T14:01:16Z","timestamp":"2021-06-11 14:01:16.1273313 +0000 UTC m=+181.705343701"}
{"action":"VERFYRECRYPASSTOK1010","level":"info","location":"RecoveryPasswordTokenHandler","msg":"Successfully verified password for user!","status":"success","time":"2021-06-11T14:01:22Z","timestamp":"2021-06-11 14:01:22.5488432 +0000 UTC m=+188.126855501"}
{"action":"CHUSPASS9112","level":"info","location":"RegisteredUserHandler","msg":"Successfully changed user info!","status":"success","time":"2021-06-11T14:01:40Z","timestamp":"2021-06-11 14:01:40.8230933 +0000 UTC m=+206.401105701"}
{"action":"SEDCONFMAIL227","level":"info","location":"RegisteredUserHandler","msg":"Successfully sended email with confirmation token!","status":"success","time":"2021-06-12T12:04:22Z","timestamp":"2021-06-12 12:04:22.1244323 +0000 UTC m=+79.666176801"}
{"action":"CRREGUS032","level":"info","location":"RegisteredUserHandler","msg":"Successfully created registered user!","status":"success","time":"2021-06-12T12:04:22Z","timestamp":"2021-06-12 12:04:22.1768822 +0000 UTC m=+79.718626601"}
{"action":"VERFYCONFTOK322","level":"info","location":"ConfirmationTokenHandler","msg":"Successfully verifed account with token!","status":"success","time":"2021-06-12T12:04:38Z","timestamp":"2021-06-12 12:04:38.4074663 +0000 UTC m=+95.949210701"}
{"action":"LOG85310","level":"info","location":"RegisteredUserHandler","msg":"Successfully sign up user! User: janko","status":"success","time":"2021-06-12T12:05:01Z","timestamp":"2021-06-12 12:05:01.5635484 +0000 UTC m=+119.105292801"}
{"action":"FIDBYID0329","level":"info","location":"RegisteredUserHandler","msg":"Successfully founded user by id!","status":"success","time":"2021-06-12T12:16:31Z","timestamp":"2021-06-12 12:16:31.7794193 +0000 UTC m=+809.321163701"}
{"action":"FIDBYID0329","level":"info","location":"RegisteredUserHandler","msg":"Successfully founded user by id!","status":"success","time":"2021-06-12T12:16:40Z","timestamp":"2021-06-12 12:16:40.8894281 +0000 UTC m=+818.431172501"}
{"action":"FIDBYID0329","level":"info","location":"RegisteredUserHandler","msg":"Successfully founded user by id!","status":"success","time":"2021-06-12T12:23:50Z","timestamp":"2021-06-12 12:23:50.562606 +0000 UTC m=+1248.104350401"}
{"action":"SEDCONFMAIL227","level":"info","location":"RegisteredUserHandler","msg":"Successfully sended email with confirmation token!","status":"success","time":"2021-06-12T14:10:36Z","timestamp":"2021-06-12 14:10:36.3768141 +0000 UTC m=+123.613464501"}
{"action":"CRREGUS032","level":"info","location":"RegisteredUserHandler","msg":"Successfully created registered user!","status":"success","time":"2021-06-12T14:10:36Z","timestamp":"2021-06-12 14:10:36.3872944 +0000 UTC m=+123.623944801"}
{"action":"VERFYCONFTOK322","level":"info","location":"ConfirmationTokenHandler","msg":"Successfully verifed account with token!","status":"success","time":"2021-06-12T14:10:57Z","timestamp":"2021-06-12 14:10:57.9036123 +0000 UTC m=+145.140262601"}
{"action":"LOG85310","level":"info","location":"RegisteredUserHandler","msg":"Successfully sign up user! User: janko","status":"success","time":"2021-06-12T14:11:07Z","timestamp":"2021-06-12 14:11:07.6207535 +0000 UTC m=+154.857403801"}
{"action":"FIDCLASSUSBYID943","level":"info","location":"ClassicUserHandler","msg":"Successfully founded classic user by id! Result: {\"id\":\"68cbb2b2-d1eb-4a85-bf41-cc78c859db6d\",\"username\":\"janko\",\"password\":\"$2a$12$26k19fPMEZOKfzdoeIO6PeZy/YyY3njKKjp3gRbgRkTZouu409N8S\",\"email\":\"dusan.trkulja999@gmail.com\",\"phoneNumber\":\"dusan.trkulja999@gmail.com\",\"firstName\":\"Dusan\",\"lastName\":\"Trkulja\",\"gender\":\"MALE\",\"dateOfBirth\":\"2000-12-11T11:45:26.371Z\",\"website\":\"vscdsvdvd\",\"biography\":\"advvfssdf\",\"salt\":\"bd30da77-53a4-4f77-8db4-1d3a0f06e277\",\"is_confirmed\":true,\"user_type\":\"REGISTERED_USER\",\"is_deleted\":false}","status":"success","time":"2021-06-12T14:11:23Z","timestamp":"2021-06-12 14:11:23.218838 +0000 UTC m=+170.455488401"}
{"action":"FIDBYID0329","level":"info","location":"RegisteredUserHandler","msg":"Successfully founded user by id!","status":"success","time":"2021-06-12T14:14:49Z","timestamp":"2021-06-12 14:14:49.7851816 +0000 UTC m=+377.021831901"}
{"action":"FIDCLASSUSBYID943","level":"info","location":"ClassicUserHandler","msg":"Successfully founded classic user by id! Result: {\"id\":\"68cbb2b2-d1eb-4a85-bf41-cc78c859db6d\",\"username\":\"janko\",\"password\":\"$2a$12$26k19fPMEZOKfzdoeIO6PeZy/YyY3njKKjp3gRbgRkTZouu409N8S\",\"email\":\"dusan.trkulja999@gmail.com\",\"phoneNumber\":\"dusan.trkulja999@gmail.com\",\"firstName\":\"Dusan\",\"lastName\":\"Trkulja\",\"gender\":\"MALE\",\"dateOfBirth\":\"2000-12-11T11:45:26.371Z\",\"website\":\"vscdsvdvd\",\"biography\":\"advvfssdf\",\"salt\":\"bd30da77-53a4-4f77-8db4-1d3a0f06e277\",\"is_confirmed\":true,\"user_type\":\"REGISTERED_USER\",\"is_deleted\":false}","status":"success","time":"2021-06-12T14:14:55Z","timestamp":"2021-06-12 14:14:55.9077897 +0000 UTC m=+383.144440001"}
{"action":"SEDCONFMAIL227","level":"info","location":"RegisteredUserHandler","msg":"Successfully sended email with confirmation token!","status":"success","time":"2021-06-12T14:23:28Z","timestamp":"2021-06-12 14:23:28.6985012 +0000 UTC m=+90.910571701"}
{"action":"CRREGUS032","level":"info","location":"RegisteredUserHandler","msg":"Successfully created registered user!","status":"success","time":"2021-06-12T14:23:28Z","timestamp":"2021-06-12 14:23:28.7439386 +0000 UTC m=+90.956009001"}
{"action":"VERFYCONFTOK322","level":"info","location":"ConfirmationTokenHandler","msg":"Successfully verifed account with token!","status":"success","time":"2021-06-12T14:23:41Z","timestamp":"2021-06-12 14:23:41.7797666 +0000 UTC m=+103.991837001"}
{"action":"LOG85310","level":"info","location":"RegisteredUserHandler","msg":"Successfully sign up user! User: janko","status":"success","time":"2021-06-12T14:23:51Z","timestamp":"2021-06-12 14:23:51.9885075 +0000 UTC m=+114.200578001"}
{"action":"FIDCLASSUSBYID943","level":"info","location":"ClassicUserHandler","msg":"Successfully founded classic user by id! Result: {\"id\":\"8c205f11-f364-426b-852f-feaabf4714f7\",\"username\":\"janko\",\"password\":\"$2a$12$bOuUYAZyX0RayHNk7eeyUuPdVG.RljvYFDMtVNdkC.2LdWePHVHsq\",\"email\":\"dusan.trkulja999@gmail.com\",\"phoneNumber\":\"dusan.trkulja999@gmail.com\",\"firstName\":\"Dusan\",\"lastName\":\"Trkulja\",\"gender\":\"MALE\",\"dateOfBirth\":\"2000-12-12T11:45:26.371Z\",\"website\":\"oifbmoiefmw\",\"biography\":\"vfedewf\",\"salt\":\"1a3be4da-33dc-4636-837d-347f8139c235\",\"is_confirmed\":true,\"user_type\":\"REGISTERED_USER\",\"is_deleted\":false}","status":"success","time":"2021-06-12T14:23:59Z","timestamp":"2021-06-12 14:23:59.3938008 +0000 UTC m=+121.605871201"}
{"action":"SEDCONFMAIL227","level":"info","location":"RegisteredUserHandler","msg":"Successfully sended email with confirmation token!","status":"success","time":"2021-06-12T15:16:23Z","timestamp":"2021-06-12 15:16:23.0890217 +0000 UTC m=+531.156194601"}
{"action":"CRREGUS032","level":"info","location":"RegisteredUserHandler","msg":"Successfully created registered user!","status":"success","time":"2021-06-12T15:16:23Z","timestamp":"2021-06-12 15:16:23.1004192 +0000 UTC m=+531.167592001"}
{"action":"VERFYCONFTOK322","level":"info","location":"ConfirmationTokenHandler","msg":"Successfully verifed account with token!","status":"success","time":"2021-06-12T15:16:54Z","timestamp":"2021-06-12 15:16:54.5128794 +0000 UTC m=+562.580052301"}
{"action":"LOG85310","level":"info","location":"RegisteredUserHandler","msg":"Successfully sign up user! User: janko","status":"success","time":"2021-06-12T15:17:13Z","timestamp":"2021-06-12 15:17:13.6024414 +0000 UTC m=+581.669614301"}
{"action":"SEDCONFMAIL227","level":"info","location":"RegisteredUserHandler","msg":"Successfully sended email with confirmation token!","status":"success","time":"2021-06-12T15:25:38Z","timestamp":"2021-06-12 15:25:38.5779618 +0000 UTC m=+196.453512701"}
{"action":"CRREGUS032","level":"info","location":"RegisteredUserHandler","msg":"Successfully created registered user!","status":"success","time":"2021-06-12T15:25:38Z","timestamp":"2021-06-12 15:25:38.6243149 +0000 UTC m=+196.499865801"}
{"action":"VERFYCONFTOK322","level":"info","location":"ConfirmationTokenHandler","msg":"Successfully verifed account with token!","status":"success","time":"2021-06-12T15:25:58Z","timestamp":"2021-06-12 15:25:58.2178326 +0000 UTC m=+216.093383601"}
{"action":"LOG85310","level":"info","location":"RegisteredUserHandler","msg":"Successfully sign up user! User: janko","status":"success","time":"2021-06-12T15:26:09Z","timestamp":"2021-06-12 15:26:09.4141519 +0000 UTC m=+227.289702801"}
{"action":"SEDCONFMAIL227","level":"info","location":"RegisteredUserHandler","msg":"Successfully sended email with confirmation token!","status":"success","time":"2021-06-12T15:40:41Z","timestamp":"2021-06-12 15:40:41.7157255 +0000 UTC m=+113.104211001"}
{"action":"CRREGUS032","level":"info","location":"RegisteredUserHandler","msg":"Successfully created registered user!","status":"success","time":"2021-06-12T15:40:41Z","timestamp":"2021-06-12 15:40:41.7699511 +0000 UTC m=+113.158436601"}
{"action":"VERFYCONFTOK322","level":"info","location":"ConfirmationTokenHandler","msg":"Successfully verifed account with token!","status":"success","time":"2021-06-12T15:41:00Z","timestamp":"2021-06-12 15:41:00.1689653 +0000 UTC m=+131.557450801"}
{"action":"LOG85310","level":"info","location":"RegisteredUserHandler","msg":"Successfully sign up user! User: janko","status":"success","time":"2021-06-12T15:41:07Z","timestamp":"2021-06-12 15:41:07.448443 +0000 UTC m=+138.836928501"}
{"action":"SEDCONFMAIL227","level":"info","location":"RegisteredUserHandler","msg":"Successfully sended email with confirmation token!","status":"success","time":"2021-06-12T15:49:55Z","timestamp":"2021-06-12 15:49:55.3224162 +0000 UTC m=+172.925701501"}
{"action":"CRREGUS032","level":"info","location":"RegisteredUserHandler","msg":"Successfully created registered user!","status":"success","time":"2021-06-12T15:49:55Z","timestamp":"2021-06-12 15:49:55.3338172 +0000 UTC m=+172.937102501"}
{"action":"VERFYCONFTOK322","level":"info","location":"ConfirmationTokenHandler","msg":"Successfully verifed account with token!","status":"success","time":"2021-06-12T15:50:14Z","timestamp":"2021-06-12 15:50:14.4903269 +0000 UTC m=+192.093612201"}
{"action":"LOG85310","level":"info","location":"RegisteredUserHandler","msg":"Successfully sign up user! User: janko","status":"success","time":"2021-06-12T15:50:48Z","timestamp":"2021-06-12 15:50:48.9194671 +0000 UTC m=+226.522752301"}
