{"action":"CRPROFSETTINGS2712","level":"info","location":"ProfileSettingsHandler","msg":"Successfully created profile settings!","status":"success","time":"2021-06-10T17:49:03Z","timestamp":"2021-06-10 17:49:03.2834113 +0000 UTC m=+70.981761601"}
{"action":"CRPROFSETTINGS2712","level":"info","location":"ProfileSettingsHandler","msg":"Successfully created profile settings!","status":"success","time":"2021-06-11T12:35:08Z","timestamp":"2021-06-11 12:35:08.6875135 +0000 UTC m=+383.740670601"}
{"action":"CRPROFSETTINGS2712","level":"info","location":"ProfileSettingsHandler","msg":"Successfully created profile settings!","status":"success","time":"2021-06-11T13:14:36Z","timestamp":"2021-06-11 13:14:36.7145783 +0000 UTC m=+473.954937001"}
{"action":"CRPROFSETTINGS2712","level":"info","location":"ProfileSettingsHandler","msg":"Successfully created profile settings!","status":"success","time":"2021-06-11T13:59:52Z","timestamp":"2021-06-11 13:59:52.8479294 +0000 UTC m=+90.519398201"}
{"action":"CRPROFSETTINGS2712","level":"info","location":"ProfileSettingsHandler","msg":"Successfully created profile settings!","status":"success","time":"2021-06-12T12:04:22Z","timestamp":"2021-06-12 12:04:22.1756026 +0000 UTC m=+80.152305401"}
{"action":"FINDPROFSETTINGSBYUSID1411","level":"info","location":"ProfileSettingsHandler","msg":"Successfully found profile setting by user id!","status":"success","time":"2021-06-12T12:05:01Z","timestamp":"2021-06-12 12:05:01.5987496 +0000 UTC m=+119.575452501"}
{"action":"CRPROFSETTINGS2712","level":"info","location":"ProfileSettingsHandler","msg":"Successfully created profile settings!","status":"success","time":"2021-06-12T14:10:36Z","timestamp":"2021-06-12 14:10:36.3855932 +0000 UTC m=+123.992201401"}
{"action":"FINDPROFSETTINGSBYUSID1411","level":"info","location":"ProfileSettingsHandler","msg":"Successfully found profile setting by user id!","status":"success","time":"2021-06-12T14:11:07Z","timestamp":"2021-06-12 14:11:07.6322168 +0000 UTC m=+155.238826601"}
{"action":"FINDPROFSETTINGSBYUSID1411","level":"info","location":"ProfileSettingsHandler","msg":"Successfully found profile setting by user id!","status":"success","time":"2021-06-12T14:11:23Z","timestamp":"2021-06-12 14:11:23.2161617 +0000 UTC m=+170.822769901"}
{"action":"FINDPROFSETTINGSBYUSID1411","level":"info","location":"ProfileSettingsHandler","msg":"Successfully found profile setting by user id!","status":"success","time":"2021-06-12T14:14:55Z","timestamp":"2021-06-12 14:14:55.9058969 +0000 UTC m=+383.512505101"}
{"action":"CRPROFSETTINGS2712","level":"info","location":"ProfileSettingsHandler","msg":"Successfully created profile settings!","status":"success","time":"2021-06-12T14:23:28Z","timestamp":"2021-06-12 14:23:28.7422558 +0000 UTC m=+90.930967201"}
{"action":"FINDPROFSETTINGSBYUSID1411","level":"info","location":"ProfileSettingsHandler","msg":"Successfully found profile setting by user id!","status":"success","time":"2021-06-12T14:23:52Z","timestamp":"2021-06-12 14:23:52.0001103 +0000 UTC m=+114.188821801"}
{"action":"FINDPROFSETTINGSBYUSID1411","level":"info","location":"ProfileSettingsHandler","msg":"Successfully found profile setting by user id!","status":"success","time":"2021-06-12T14:23:59Z","timestamp":"2021-06-12 14:23:59.3918615 +0000 UTC m=+121.580572901"}
{"action":"CRPROFSETTINGS2712","level":"info","location":"ProfileSettingsHandler","msg":"Successfully created profile settings!","status":"success","time":"2021-06-12T15:16:23Z","timestamp":"2021-06-12 15:16:23.0989778 +0000 UTC m=+530.837810601"}
{"action":"FINDPROFSETTINGSBYUSID1411","level":"info","location":"ProfileSettingsHandler","msg":"Successfully found profile setting by user id!","status":"success","time":"2021-06-12T15:17:13Z","timestamp":"2021-06-12 15:17:13.6119946 +0000 UTC m=+581.350827501"}
{"action":"CRPROFSETTINGS2712","level":"info","location":"ProfileSettingsHandler","msg":"Successfully created profile settings!","status":"success","time":"2021-06-12T15:25:38Z","timestamp":"2021-06-12 15:25:38.6225326 +0000 UTC m=+194.597594901"}
{"action":"FINDPROFSETTINGSBYUSID1411","level":"info","location":"ProfileSettingsHandler","msg":"Successfully found profile setting by user id!","status":"success","time":"2021-06-12T15:26:09Z","timestamp":"2021-06-12 15:26:09.4246827 +0000 UTC m=+225.399745001"}
{"action":"CRPROFSETTINGS2712","level":"info","location":"ProfileSettingsHandler","msg":"Successfully created profile settings!","status":"success","time":"2021-06-12T15:40:41Z","timestamp":"2021-06-12 15:40:41.7687617 +0000 UTC m=+114.725673201"}
{"action":"FINDPROFSETTINGSBYUSID1411","level":"info","location":"ProfileSettingsHandler","msg":"Successfully found profile setting by user id!","status":"success","time":"2021-06-12T15:41:07Z","timestamp":"2021-06-12 15:41:07.4589204 +0000 UTC m=+140.415831801"}
{"action":"CRPROFSETTINGS2712","level":"info","location":"ProfileSettingsHandler","msg":"Successfully created profile settings!","status":"success","time":"2021-06-12T15:49:55Z","timestamp":"2021-06-12 15:49:55.33199 +0000 UTC m=+171.729837401"}
{"action":"FINDPROFSETTINGSBYUSID1411","level":"info","location":"ProfileSettingsHandler","msg":"Successfully found profile setting by user id!","status":"success","time":"2021-06-12T15:50:48Z","timestamp":"2021-06-12 15:50:48.9303671 +0000 UTC m=+225.328214401"}
{"action":"CRPROFSETTINGS2712","level":"info","location":"ProfileSettingsHandler","msg":"Successfully created profile settings!","status":"success","time":"2021-06-13T05:16:45Z","timestamp":"2021-06-13 05:16:45.6139725 +0000 UTC m=+150.349688701"}
{"action":"CRPROFSETTINGS2712","level":"info","location":"ProfileSettingsHandler","msg":"Successfully created profile settings!","status":"success","time":"2021-06-13T05:27:11Z","timestamp":"2021-06-13 05:27:11.8353889 +0000 UTC m=+776.571105101"}
{"action":"FINDPROFSETTINGSBYUSID1411","level":"info","location":"ProfileSettingsHandler","msg":"Successfully found profile setting by user id!","status":"success","time":"2021-06-13T05:27:53Z","timestamp":"2021-06-13 05:27:53.4455898 +0000 UTC m=+818.181306001"}
{"action":"CRPROFSETTINGS2712","level":"info","location":"ProfileSettingsHandler","msg":"Successfully created profile settings!","status":"success","time":"2021-06-13T05:29:30Z","timestamp":"2021-06-13 05:29:30.6054759 +0000 UTC m=+915.341192101"}
{"action":"FINDPROFSETTINGSBYUSID1411","level":"info","location":"ProfileSettingsHandler","msg":"Successfully found profile setting by user id!","status":"success","time":"2021-06-13T05:30:38Z","timestamp":"2021-06-13 05:30:38.7486254 +0000 UTC m=+983.484341601"}
{"action":"FINDPROFSETTINGSBYUSID1411","level":"info","location":"ProfileSettingsHandler","msg":"Successfully found profile setting by user id!","status":"success","time":"2021-06-13T05:30:50Z","timestamp":"2021-06-13 05:30:50.4290637 +0000 UTC m=+995.164779901"}
{"action":"FINDPROFSETTINGSBYUSID1411","level":"info","location":"ProfileSettingsHandler","msg":"Successfully found profile setting by user id!","status":"success","time":"2021-06-13T05:30:50Z","timestamp":"2021-06-13 05:30:50.4412742 +0000 UTC m=+995.176990501"}
{"action":"FINDPROFSETTINGSBYUSID1411","level":"info","location":"ProfileSettingsHandler","msg":"Successfully found profile setting by user id!","status":"success","time":"2021-06-13T05:30:50Z","timestamp":"2021-06-13 05:30:50.4460636 +0000 UTC m=+995.181779901"}
{"action":"CRPROFSETTINGS2712","level":"info","location":"ProfileSettingsHandler","msg":"Successfully created profile settings!","status":"success","time":"2021-06-13T05:53:14Z","timestamp":"2021-06-13 05:53:14.2477066 +0000 UTC m=+123.251281801"}
{"action":"FINDPROFSETTINGSBYUSID1411","level":"info","location":"ProfileSettingsHandler","msg":"Successfully found profile setting by user id!","status":"success","time":"2021-06-13T05:54:07Z","timestamp":"2021-06-13 05:54:07.1925852 +0000 UTC m=+176.196160401"}
{"action":"FINDPROFSETTINGSBYUSID1411","level":"info","location":"ProfileSettingsHandler","msg":"Successfully found profile setting by user id!","status":"success","time":"2021-06-13T05:54:13Z","timestamp":"2021-06-13 05:54:13.3028745 +0000 UTC m=+182.306449701"}
{"action":"CRPROFSETTINGS2712","level":"info","location":"ProfileSettingsHandler","msg":"Successfully created profile settings!","status":"success","time":"2021-06-13T06:07:54Z","timestamp":"2021-06-13 06:07:54.6980898 +0000 UTC m=+95.199608301"}
{"action":"FIDALLPUBUS3110","level":"info","location":"ProfileSettingsHandler","msg":"Successfully found profile all public users!","status":"success","time":"2021-06-13T06:08:22Z","timestamp":"2021-06-13 06:08:22.4299605 +0000 UTC m=+122.931479101"}
{"action":"FINDPROFSETTINGSBYUSID1411","level":"info","location":"ProfileSettingsHandler","msg":"Successfully found profile setting by user id!","status":"success","time":"2021-06-13T06:11:23Z","timestamp":"2021-06-13 06:11:23.4356524 +0000 UTC m=+303.937170901"}
{"action":"FINDPROFSETTINGSBYUSID1411","level":"info","location":"ProfileSettingsHandler","msg":"Successfully found profile setting by user id!","status":"success","time":"2021-06-13T06:11:26Z","timestamp":"2021-06-13 06:11:26.5407222 +0000 UTC m=+307.042240801"}
{"action":"FIDALLPUBUS3110","level":"info","location":"ProfileSettingsHandler","msg":"Successfully found profile all public users!","status":"success","time":"2021-06-13T06:12:08Z","timestamp":"2021-06-13 06:12:08.2395853 +0000 UTC m=+348.741103901"}
{"action":"FIDALLPUBUS3110","level":"info","location":"ProfileSettingsHandler","msg":"Successfully found profile all public users!","status":"success","time":"2021-06-13T06:12:21Z","timestamp":"2021-06-13 06:12:21.6262016 +0000 UTC m=+362.127720101"}
{"action":"CRPROFSETTINGS2712","level":"info","location":"ProfileSettingsHandler","msg":"Successfully created profile settings!","status":"success","time":"2021-06-18T15:37:35Z","timestamp":"2021-06-18 15:37:35.1050067 +0000 UTC m=+221.472679301"}
{"action":"FINDPROFSETTINGSBYUSID1411","level":"info","location":"ProfileSettingsHandler","msg":"Successfully found profile setting by user id!","status":"success","time":"2021-06-18T15:38:04Z","timestamp":"2021-06-18 15:38:04.954734 +0000 UTC m=+251.322406601"}
{"action":"FINDPROFSETTINGSBYUSID1411","level":"info","location":"ProfileSettingsHandler","msg":"Successfully found profile setting by user id!","status":"success","time":"2021-06-18T15:38:14Z","timestamp":"2021-06-18 15:38:14.5541382 +0000 UTC m=+260.921810801"}
{"action":"UPPRSEO777","level":"info","location":"ProfileSettingsHandler","msg":"Successfully updated profile settings!","status":"success","time":"2021-06-18T15:38:38Z","timestamp":"2021-06-18 15:38:38.1706338 +0000 UTC m=+284.538306401"}
{"action":"FINDPROFSETTINGSBYUSID1411","level":"info","location":"ProfileSettingsHandler","msg":"Successfully found profile setting by user id!","status":"success","time":"2021-06-18T15:38:40Z","timestamp":"2021-06-18 15:38:40.6402296 +0000 UTC m=+287.007902201"}
{"action":"UPPRSEO777","level":"info","location":"ProfileSettingsHandler","msg":"Successfully updated profile settings!","status":"success","time":"2021-06-18T15:38:56Z","timestamp":"2021-06-18 15:38:56.2433778 +0000 UTC m=+302.611050501"}
{"action":"FINDPROFSETTINGSBYUSID1411","level":"info","location":"ProfileSettingsHandler","msg":"Successfully found profile setting by user id!","status":"success","time":"2021-06-18T15:38:58Z","timestamp":"2021-06-18 15:38:58.6306655 +0000 UTC m=+304.998338101"}
{"action":"UPPRSEO777","level":"info","location":"ProfileSettingsHandler","msg":"Successfully updated profile settings!","status":"success","time":"2021-06-18T15:39:09Z","timestamp":"2021-06-18 15:39:09.3300081 +0000 UTC m=+315.697680701"}
{"action":"FINDPROFSETTINGSBYUSID1411","level":"info","location":"ProfileSettingsHandler","msg":"Successfully found profile setting by user id!","status":"success","time":"2021-06-18T15:39:11Z","timestamp":"2021-06-18 15:39:11.6120434 +0000 UTC m=+317.979716001"}
{"action":"UPPRSEO777","level":"info","location":"ProfileSettingsHandler","msg":"Successfully updated profile settings!","status":"success","time":"2021-06-18T15:39:17Z","timestamp":"2021-06-18 15:39:17.1801573 +0000 UTC m=+323.547829901"}
{"action":"FINDPROFSETTINGSBYUSID1411","level":"info","location":"ProfileSettingsHandler","msg":"Successfully found profile setting by user id!","status":"success","time":"2021-06-18T15:39:19Z","timestamp":"2021-06-18 15:39:19.3487533 +0000 UTC m=+325.716426001"}
{"action":"UPPRSEO777","level":"info","location":"ProfileSettingsHandler","msg":"Successfully updated profile settings!","status":"success","time":"2021-06-18T15:39:32Z","timestamp":"2021-06-18 15:39:32.2676176 +0000 UTC m=+338.635290201"}
{"action":"FINDPROFSETTINGSBYUSID1411","level":"info","location":"ProfileSettingsHandler","msg":"Successfully found profile setting by user id!","status":"success","time":"2021-06-18T15:39:34Z","timestamp":"2021-06-18 15:39:34.959845 +0000 UTC m=+341.327517601"}
{"action":"CRPROFSETTINGS2712","level":"info","location":"ProfileSettingsHandler","msg":"Successfully created profile settings!","status":"success","time":"2021-06-18T15:43:56Z","timestamp":"2021-06-18 15:43:56.1369082 +0000 UTC m=+602.504580801"}
{"action":"FINDPROFSETTINGSBYUSID1411","level":"info","location":"ProfileSettingsHandler","msg":"Successfully found profile setting by user id!","status":"success","time":"2021-06-18T15:44:18Z","timestamp":"2021-06-18 15:44:18.1953765 +0000 UTC m=+624.563049101"}
{"action":"FINDPROFSETTINGSBYUSID1411","level":"info","location":"ProfileSettingsHandler","msg":"Successfully found profile setting by user id!","status":"success","time":"2021-06-18T15:44:39Z","timestamp":"2021-06-18 15:44:39.4270272 +0000 UTC m=+645.794699801"}
{"action":"FINDPROFSETTINGSBYUSID1411","level":"info","location":"ProfileSettingsHandler","msg":"Successfully found profile setting by user id!","status":"success","time":"2021-06-18T15:44:45Z","timestamp":"2021-06-18 15:44:45.6691355 +0000 UTC m=+652.036808201"}
{"action":"FINDPROFSETTINGSBYUSID1411","level":"info","location":"ProfileSettingsHandler","msg":"Successfully found profile setting by user id!","status":"success","time":"2021-06-18T15:44:45Z","timestamp":"2021-06-18 15:44:45.6899343 +0000 UTC m=+652.057607001"}
{"action":"FINDPROFSETTINGSBYUSID1411","level":"info","location":"ProfileSettingsHandler","msg":"Successfully found profile setting by user id!","status":"success","time":"2021-06-18T15:44:45Z","timestamp":"2021-06-18 15:44:45.7616956 +0000 UTC m=+652.129368301"}
{"action":"FINDPROFSETTINGSBYUSID1411","level":"info","location":"ProfileSettingsHandler","msg":"Successfully found profile setting by user id!","status":"success","time":"2021-06-18T15:44:49Z","timestamp":"2021-06-18 15:44:49.237986 +0000 UTC m=+655.605658601"}
{"action":"FINDPROFSETTINGSBYUSID1411","level":"info","location":"ProfileSettingsHandler","msg":"Successfully found profile setting by user id!","status":"success","time":"2021-06-18T15:44:49Z","timestamp":"2021-06-18 15:44:49.2446368 +0000 UTC m=+655.612309401"}
{"action":"FINDPROFSETTINGSBYUSID1411","level":"info","location":"ProfileSettingsHandler","msg":"Successfully found profile setting by user id!","status":"success","time":"2021-06-18T15:44:49Z","timestamp":"2021-06-18 15:44:49.2464326 +0000 UTC m=+655.614105201"}
{"action":"FINDPROFSETTINGSBYUSID1411","level":"info","location":"ProfileSettingsHandler","msg":"Successfully found profile setting by user id!","status":"success","time":"2021-06-18T15:45:11Z","timestamp":"2021-06-18 15:45:11.554632 +0000 UTC m=+677.922304601"}
{"action":"FINDPROFSETTINGSBYUSID1411","level":"info","location":"ProfileSettingsHandler","msg":"Successfully found profile setting by user id!","status":"success","time":"2021-06-18T15:45:11Z","timestamp":"2021-06-18 15:45:11.5687007 +0000 UTC m=+677.936373301"}
{"action":"FINDPROFSETTINGSBYUSID1411","level":"info","location":"ProfileSettingsHandler","msg":"Successfully found profile setting by user id!","status":"success","time":"2021-06-18T15:45:11Z","timestamp":"2021-06-18 15:45:11.5779525 +0000 UTC m=+677.945625101"}
{"action":"CRPROFSETTINGS2712","level":"info","location":"ProfileSettingsHandler","msg":"Successfully created profile settings!","status":"success","time":"2021-06-18T15:52:29Z","timestamp":"2021-06-18 15:52:29.0732572 +0000 UTC m=+178.074086601"}
{"action":"FINDPROFSETTINGSBYUSID1411","level":"info","location":"ProfileSettingsHandler","msg":"Successfully found profile setting by user id!","status":"success","time":"2021-06-18T15:52:55Z","timestamp":"2021-06-18 15:52:55.4908889 +0000 UTC m=+204.491718301"}
{"action":"FINDPROFSETTINGSBYUSID1411","level":"info","location":"ProfileSettingsHandler","msg":"Successfully found profile setting by user id!","status":"success","time":"2021-06-18T15:53:07Z","timestamp":"2021-06-18 15:53:07.4348761 +0000 UTC m=+216.435705501"}
{"action":"UPPRSEO777","level":"info","location":"ProfileSettingsHandler","msg":"Successfully updated profile settings!","status":"success","time":"2021-06-18T15:53:38Z","timestamp":"2021-06-18 15:53:38.0062704 +0000 UTC m=+247.007099801"}
{"action":"FINDPROFSETTINGSBYUSID1411","level":"info","location":"ProfileSettingsHandler","msg":"Successfully found profile setting by user id!","status":"success","time":"2021-06-18T15:53:40Z","timestamp":"2021-06-18 15:53:40.3038969 +0000 UTC m=+249.304726301"}
{"action":"UPPRSEO777","level":"info","location":"ProfileSettingsHandler","msg":"Successfully updated profile settings!","status":"success","time":"2021-06-18T15:53:55Z","timestamp":"2021-06-18 15:53:55.0574681 +0000 UTC m=+264.058297601"}
{"action":"FINDPROFSETTINGSBYUSID1411","level":"info","location":"ProfileSettingsHandler","msg":"Successfully found profile setting by user id!","status":"success","time":"2021-06-18T15:53:56Z","timestamp":"2021-06-18 15:53:56.9554353 +0000 UTC m=+265.956264801"}
{"action":"CRPROFSETTINGS2712","level":"info","location":"ProfileSettingsHandler","msg":"Successfully created profile settings!","status":"success","time":"2021-06-18T15:55:01Z","timestamp":"2021-06-18 15:55:01.7316492 +0000 UTC m=+330.732478601"}
{"action":"FINDPROFSETTINGSBYUSID1411","level":"info","location":"ProfileSettingsHandler","msg":"Successfully found profile setting by user id!","status":"success","time":"2021-06-18T15:55:24Z","timestamp":"2021-06-18 15:55:24.1419912 +0000 UTC m=+353.142820701"}
{"action":"FINDPROFSETTINGSBYUSID1411","level":"info","location":"ProfileSettingsHandler","msg":"Successfully found profile setting by user id!","status":"success","time":"2021-06-18T15:56:15Z","timestamp":"2021-06-18 15:56:15.9191636 +0000 UTC m=+404.919993101"}
{"action":"UPPRSEO777","level":"info","location":"ProfileSettingsHandler","msg":"Successfully updated profile settings!","status":"success","time":"2021-06-18T15:56:23Z","timestamp":"2021-06-18 15:56:23.5128766 +0000 UTC m=+412.513706101"}
{"action":"FINDPROFSETTINGSBYUSID1411","level":"info","location":"ProfileSettingsHandler","msg":"Successfully found profile setting by user id!","status":"success","time":"2021-06-18T15:56:25Z","timestamp":"2021-06-18 15:56:25.7220989 +0000 UTC m=+414.722928301"}
{"action":"FINDPROFSETTINGSBYUSID1411","level":"info","location":"ProfileSettingsHandler","msg":"Successfully found profile setting by user id!","status":"success","time":"2021-06-18T15:57:27Z","timestamp":"2021-06-18 15:57:27.0944693 +0000 UTC m=+476.095298701"}
{"action":"FINDPROFSETTINGSBYUSID1411","level":"info","location":"ProfileSettingsHandler","msg":"Successfully found profile setting by user id!","status":"success","time":"2021-06-18T15:57:30Z","timestamp":"2021-06-18 15:57:30.1911956 +0000 UTC m=+479.192025001"}
{"action":"FINDPROFSETTINGSBYUSID1411","level":"info","location":"ProfileSettingsHandler","msg":"Successfully found profile setting by user id!","status":"success","time":"2021-06-18T15:57:30Z","timestamp":"2021-06-18 15:57:30.2321794 +0000 UTC m=+479.233008901"}
{"action":"FINDPROFSETTINGSBYUSID1411","level":"info","location":"ProfileSettingsHandler","msg":"Successfully found profile setting by user id!","status":"success","time":"2021-06-18T15:57:30Z","timestamp":"2021-06-18 15:57:30.2664254 +0000 UTC m=+479.267254801"}
{"action":"FINDPROFSETTINGSBYUSID1411","level":"info","location":"ProfileSettingsHandler","msg":"Successfully found profile setting by user id!","status":"success","time":"2021-06-18T15:57:36Z","timestamp":"2021-06-18 15:57:36.6279718 +0000 UTC m=+485.628801301"}
{"action":"FINDPROFSETTINGSBYUSID1411","level":"info","location":"ProfileSettingsHandler","msg":"Successfully found profile setting by user id!","status":"success","time":"2021-06-18T15:57:49Z","timestamp":"2021-06-18 15:57:49.1602558 +0000 UTC m=+498.161085201"}
{"action":"FINDPROFSETTINGSBYUSID1411","level":"info","location":"ProfileSettingsHandler","msg":"Successfully found profile setting by user id!","status":"success","time":"2021-06-18T15:57:49Z","timestamp":"2021-06-18 15:57:49.1740462 +0000 UTC m=+498.174875701"}
{"action":"FINDPROFSETTINGSBYUSID1411","level":"info","location":"ProfileSettingsHandler","msg":"Successfully found profile setting by user id!","status":"success","time":"2021-06-18T15:57:49Z","timestamp":"2021-06-18 15:57:49.1792639 +0000 UTC m=+498.180093401"}
{"action":"FINDPROFSETTINGSBYUSID1411","level":"info","location":"ProfileSettingsHandler","msg":"Successfully found profile setting by user id!","status":"success","time":"2021-06-18T15:58:49Z","timestamp":"2021-06-18 15:58:49.4326322 +0000 UTC m=+558.433461601"}
{"action":"CRPROFSETTINGS2712","level":"info","location":"ProfileSettingsHandler","msg":"Successfully created profile settings!","status":"success","time":"2021-06-20T12:24:38Z","timestamp":"2021-06-20 12:24:38.3547687 +0000 UTC m=+67.040068801"}
{"action":"CRPROFSETTINGS2712","level":"info","location":"ProfileSettingsHandler","msg":"Successfully created profile settings!","status":"success","time":"2021-06-20T12:25:42Z","timestamp":"2021-06-20 12:25:42.1126128 +0000 UTC m=+130.797912801"}
{"action":"CRPROFSETTINGS2712","level":"info","location":"ProfileSettingsHandler","msg":"Successfully created profile settings!","status":"success","time":"2021-06-20T12:26:52Z","timestamp":"2021-06-20 12:26:52.2531154 +0000 UTC m=+200.938415501"}
{"action":"FINDPROFSETTINGSBYUSID1411","level":"info","location":"ProfileSettingsHandler","msg":"Successfully found profile setting by user id!","status":"success","time":"2021-06-20T12:27:55Z","timestamp":"2021-06-20 12:27:55.236826 +0000 UTC m=+263.922126001"}
{"action":"FINDPROFSETTINGSBYUSID1411","level":"info","location":"ProfileSettingsHandler","msg":"Successfully found profile setting by user id!","status":"success","time":"2021-06-20T12:28:01Z","timestamp":"2021-06-20 12:28:01.0569763 +0000 UTC m=+269.742276301"}
{"action":"FINDPROFSETTINGSBYUSID1411","level":"info","location":"ProfileSettingsHandler","msg":"Successfully found profile setting by user id!","status":"success","time":"2021-06-20T12:28:01Z","timestamp":"2021-06-20 12:28:01.1185806 +0000 UTC m=+269.803880601"}
{"action":"FINDPROFSETTINGSBYUSID1411","level":"info","location":"ProfileSettingsHandler","msg":"Successfully found profile setting by user id!","status":"success","time":"2021-06-20T12:28:01Z","timestamp":"2021-06-20 12:28:01.1212506 +0000 UTC m=+269.806550601"}
{"action":"FINDPROFSETTINGSBYUSID1411","level":"info","location":"ProfileSettingsHandler","msg":"Successfully found profile setting by user id!","status":"success","time":"2021-06-20T12:28:03Z","timestamp":"2021-06-20 12:28:03.5146896 +0000 UTC m=+272.199989701"}
{"action":"FINDPROFSETTINGSBYUSID1411","level":"info","location":"ProfileSettingsHandler","msg":"Successfully found profile setting by user id!","status":"success","time":"2021-06-20T12:28:03Z","timestamp":"2021-06-20 12:28:03.5185239 +0000 UTC m=+272.203823901"}
{"action":"FINDPROFSETTINGSBYUSID1411","level":"info","location":"ProfileSettingsHandler","msg":"Successfully found profile setting by user id!","status":"success","time":"2021-06-20T12:28:03Z","timestamp":"2021-06-20 12:28:03.5195308 +0000 UTC m=+272.204830901"}
{"action":"FINDPROFSETTINGSBYUSID1411","level":"info","location":"ProfileSettingsHandler","msg":"Successfully found profile setting by user id!","status":"success","time":"2021-06-20T12:28:08Z","timestamp":"2021-06-20 12:28:08.3368747 +0000 UTC m=+277.022174701"}
{"action":"FINDPROFSETTINGSBYUSID1411","level":"info","location":"ProfileSettingsHandler","msg":"Successfully found profile setting by user id!","status":"success","time":"2021-06-20T12:28:08Z","timestamp":"2021-06-20 12:28:08.3490056 +0000 UTC m=+277.034305701"}
{"action":"FINDPROFSETTINGSBYUSID1411","level":"info","location":"ProfileSettingsHandler","msg":"Successfully found profile setting by user id!","status":"success","time":"2021-06-20T12:28:08Z","timestamp":"2021-06-20 12:28:08.3512435 +0000 UTC m=+277.036543501"}
{"action":"FINDPROFSETTINGSBYUSID1411","level":"info","location":"ProfileSettingsHandler","msg":"Successfully found profile setting by user id!","status":"success","time":"2021-06-20T12:28:11Z","timestamp":"2021-06-20 12:28:11.0988172 +0000 UTC m=+279.784117301"}
{"action":"FINDPROFSETTINGSBYUSID1411","level":"info","location":"ProfileSettingsHandler","msg":"Successfully found profile setting by user id!","status":"success","time":"2021-06-20T12:28:11Z","timestamp":"2021-06-20 12:28:11.1078294 +0000 UTC m=+279.793129401"}
{"action":"FINDPROFSETTINGSBYUSID1411","level":"info","location":"ProfileSettingsHandler","msg":"Successfully found profile setting by user id!","status":"success","time":"2021-06-20T12:28:11Z","timestamp":"2021-06-20 12:28:11.1102974 +0000 UTC m=+279.795597401"}
{"action":"FINDPROFSETTINGSBYUSID1411","level":"info","location":"ProfileSettingsHandler","msg":"Successfully found profile setting by user id!","status":"success","time":"2021-06-20T12:30:08Z","timestamp":"2021-06-20 12:30:08.2158513 +0000 UTC m=+396.901151401"}
{"action":"FINDPROFSETTINGSBYUSID1411","level":"info","location":"ProfileSettingsHandler","msg":"Successfully found profile setting by user id!","status":"success","time":"2021-06-20T12:30:12Z","timestamp":"2021-06-20 12:30:12.7715537 +0000 UTC m=+401.456853801"}
{"action":"FINDPROFSETTINGSBYUSID1411","level":"info","location":"ProfileSettingsHandler","msg":"Successfully found profile setting by user id!","status":"success","time":"2021-06-20T12:30:43Z","timestamp":"2021-06-20 12:30:43.3840606 +0000 UTC m=+432.069360701"}
{"action":"FINDPROFSETTINGSBYUSID1411","level":"info","location":"ProfileSettingsHandler","msg":"Successfully found profile setting by user id!","status":"success","time":"2021-06-20T12:30:43Z","timestamp":"2021-06-20 12:30:43.4294993 +0000 UTC m=+432.114799401"}
{"action":"FINDPROFSETTINGSBYUSID1411","level":"info","location":"ProfileSettingsHandler","msg":"Successfully found profile setting by user id!","status":"success","time":"2021-06-20T12:30:43Z","timestamp":"2021-06-20 12:30:43.4340234 +0000 UTC m=+432.119323501"}
{"action":"FINDPROFSETTINGSBYUSID1411","level":"info","location":"ProfileSettingsHandler","msg":"Successfully found profile setting by user id!","status":"success","time":"2021-06-20T12:30:45Z","timestamp":"2021-06-20 12:30:45.7411445 +0000 UTC m=+434.426444601"}
{"action":"FINDPROFSETTINGSBYUSID1411","level":"info","location":"ProfileSettingsHandler","msg":"Successfully found profile setting by user id!","status":"success","time":"2021-06-20T12:30:45Z","timestamp":"2021-06-20 12:30:45.7474672 +0000 UTC m=+434.432767201"}
{"action":"FINDPROFSETTINGSBYUSID1411","level":"info","location":"ProfileSettingsHandler","msg":"Successfully found profile setting by user id!","status":"success","time":"2021-06-20T12:30:45Z","timestamp":"2021-06-20 12:30:45.7517878 +0000 UTC m=+434.437087901"}
{"action":"FINDPROFSETTINGSBYUSID1411","level":"info","location":"ProfileSettingsHandler","msg":"Successfully found profile setting by user id!","status":"success","time":"2021-06-20T12:31:59Z","timestamp":"2021-06-20 12:31:59.8486237 +0000 UTC m=+508.533923701"}
{"action":"CRPROFSETTINGS2712","level":"info","location":"ProfileSettingsHandler","msg":"Successfully created profile settings!","status":"success","time":"2021-06-20T12:36:25Z","timestamp":"2021-06-20 12:36:25.1103902 +0000 UTC m=+107.810567801"}
{"action":"CRPROFSETTINGS2712","level":"info","location":"ProfileSettingsHandler","msg":"Successfully created profile settings!","status":"success","time":"2021-06-20T12:36:58Z","timestamp":"2021-06-20 12:36:58.3181414 +0000 UTC m=+141.018319101"}
{"action":"FINDPROFSETTINGSBYUSID1411","level":"info","location":"ProfileSettingsHandler","msg":"Successfully found profile setting by user id!","status":"success","time":"2021-06-20T12:37:28Z","timestamp":"2021-06-20 12:37:28.6348737 +0000 UTC m=+171.335051401"}
{"action":"FINDPROFSETTINGSBYUSID1411","level":"info","location":"ProfileSettingsHandler","msg":"Successfully found profile setting by user id!","status":"success","time":"2021-06-20T12:37:38Z","timestamp":"2021-06-20 12:37:38.9206788 +0000 UTC m=+181.620856401"}
{"action":"FINDPROFSETTINGSBYUSID1411","level":"info","location":"ProfileSettingsHandler","msg":"Successfully found profile setting by user id!","status":"success","time":"2021-06-20T12:37:38Z","timestamp":"2021-06-20 12:37:38.9365304 +0000 UTC m=+181.636708001"}
{"action":"FINDPROFSETTINGSBYUSID1411","level":"info","location":"ProfileSettingsHandler","msg":"Successfully found profile setting by user id!","status":"success","time":"2021-06-20T12:37:38Z","timestamp":"2021-06-20 12:37:38.9514558 +0000 UTC m=+181.651633501"}
{"action":"FINDPROFSETTINGSBYUSID1411","level":"info","location":"ProfileSettingsHandler","msg":"Successfully found profile setting by user id!","status":"success","time":"2021-06-20T12:37:41Z","timestamp":"2021-06-20 12:37:41.4610785 +0000 UTC m=+184.161256101"}
{"action":"FINDPROFSETTINGSBYUSID1411","level":"info","location":"ProfileSettingsHandler","msg":"Successfully found profile setting by user id!","status":"success","time":"2021-06-20T12:37:41Z","timestamp":"2021-06-20 12:37:41.4666086 +0000 UTC m=+184.166786201"}
{"action":"FINDPROFSETTINGSBYUSID1411","level":"info","location":"ProfileSettingsHandler","msg":"Successfully found profile setting by user id!","status":"success","time":"2021-06-20T12:37:41Z","timestamp":"2021-06-20 12:37:41.46844 +0000 UTC m=+184.168617701"}
{"action":"CRPROFSETTINGS2712","level":"info","location":"ProfileSettingsHandler","msg":"Successfully created profile settings!","status":"success","time":"2021-06-20T12:48:38Z","timestamp":"2021-06-20 12:48:38.9450689 +0000 UTC m=+93.851868901"}
{"action":"CRPROFSETTINGS2712","level":"info","location":"ProfileSettingsHandler","msg":"Successfully created profile settings!","status":"success","time":"2021-06-20T12:49:20Z","timestamp":"2021-06-20 12:49:20.4751423 +0000 UTC m=+135.381942401"}
{"action":"FINDPROFSETTINGSBYUSID1411","level":"info","location":"ProfileSettingsHandler","msg":"Successfully found profile setting by user id!","status":"success","time":"2021-06-20T12:50:09Z","timestamp":"2021-06-20 12:50:09.1739077 +0000 UTC m=+184.080707801"}
{"action":"CRPROFSETTINGS2712","level":"info","location":"ProfileSettingsHandler","msg":"Successfully created profile settings!","status":"success","time":"2021-06-20T12:56:22Z","timestamp":"2021-06-20 12:56:22.765164 +0000 UTC m=+81.303871601"}
{"action":"CRPROFSETTINGS2712","level":"info","location":"ProfileSettingsHandler","msg":"Successfully created profile settings!","status":"success","time":"2021-06-20T12:57:05Z","timestamp":"2021-06-20 12:57:05.0478675 +0000 UTC m=+123.586575101"}
{"action":"FINDPROFSETTINGSBYUSID1411","level":"info","location":"ProfileSettingsHandler","msg":"Successfully found profile setting by user id!","status":"success","time":"2021-06-20T12:57:40Z","timestamp":"2021-06-20 12:57:40.7307013 +0000 UTC m=+159.269408901"}
{"action":"CRPROFSETTINGS2712","level":"info","location":"ProfileSettingsHandler","msg":"Successfully created profile settings!","status":"success","time":"2021-06-20T13:01:27Z","timestamp":"2021-06-20 13:01:27.1961041 +0000 UTC m=+70.782098201"}
{"action":"CRPROFSETTINGS2712","level":"info","location":"ProfileSettingsHandler","msg":"Successfully created profile settings!","status":"success","time":"2021-06-20T13:01:57Z","timestamp":"2021-06-20 13:01:57.9560298 +0000 UTC m=+101.542024001"}
{"action":"FINDPROFSETTINGSBYUSID1411","level":"info","location":"ProfileSettingsHandler","msg":"Successfully found profile setting by user id!","status":"success","time":"2021-06-20T13:02:27Z","timestamp":"2021-06-20 13:02:27.4855987 +0000 UTC m=+131.071592801"}
{"action":"FINDPROFSETTINGSBYUSID1411","level":"info","location":"ProfileSettingsHandler","msg":"Successfully found profile setting by user id!","status":"success","time":"2021-06-20T13:02:45Z","timestamp":"2021-06-20 13:02:45.2219536 +0000 UTC m=+148.807947701"}
{"action":"FINDPROFSETTINGSBYUSID1411","level":"info","location":"ProfileSettingsHandler","msg":"Successfully found profile setting by user id!","status":"success","time":"2021-06-20T13:02:45Z","timestamp":"2021-06-20 13:02:45.2806544 +0000 UTC m=+148.866648501"}
{"action":"FINDPROFSETTINGSBYUSID1411","level":"info","location":"ProfileSettingsHandler","msg":"Successfully found profile setting by user id!","status":"success","time":"2021-06-20T13:02:45Z","timestamp":"2021-06-20 13:02:45.2920251 +0000 UTC m=+148.878019301"}
{"action":"FINDPROFSETTINGSBYUSID1411","level":"info","location":"ProfileSettingsHandler","msg":"Successfully found profile setting by user id!","status":"success","time":"2021-06-20T13:02:48Z","timestamp":"2021-06-20 13:02:48.5634643 +0000 UTC m=+152.149458401"}
{"action":"FINDPROFSETTINGSBYUSID1411","level":"info","location":"ProfileSettingsHandler","msg":"Successfully found profile setting by user id!","status":"success","time":"2021-06-20T13:02:48Z","timestamp":"2021-06-20 13:02:48.5668875 +0000 UTC m=+152.152881701"}
{"action":"FINDPROFSETTINGSBYUSID1411","level":"info","location":"ProfileSettingsHandler","msg":"Successfully found profile setting by user id!","status":"success","time":"2021-06-20T13:02:48Z","timestamp":"2021-06-20 13:02:48.5880196 +0000 UTC m=+152.174013801"}
{"action":"FINDPROFSETTINGSBYUSID1411","level":"info","location":"ProfileSettingsHandler","msg":"Successfully found profile setting by user id!","status":"success","time":"2021-06-20T13:03:45Z","timestamp":"2021-06-20 13:03:45.0153288 +0000 UTC m=+208.601323001"}
{"action":"FINDPROFSETTINGSBYUSID1411","level":"info","location":"ProfileSettingsHandler","msg":"Successfully found profile setting by user id!","status":"success","time":"2021-06-20T13:03:58Z","timestamp":"2021-06-20 13:03:58.0836047 +0000 UTC m=+221.669598901"}
{"action":"FINDPROFSETTINGSBYUSID1411","level":"info","location":"ProfileSettingsHandler","msg":"Successfully found profile setting by user id!","status":"success","time":"2021-06-20T13:04:02Z","timestamp":"2021-06-20 13:04:02.6163784 +0000 UTC m=+226.202372501"}
{"action":"CRPROFSETTINGS2712","level":"info","location":"ProfileSettingsHandler","msg":"Successfully created profile settings!","status":"success","time":"2021-06-20T13:22:28Z","timestamp":"2021-06-20 13:22:28.0918189 +0000 UTC m=+85.194410301"}
{"action":"CRPROFSETTINGS2712","level":"info","location":"ProfileSettingsHandler","msg":"Successfully created profile settings!","status":"success","time":"2021-06-20T13:23:06Z","timestamp":"2021-06-20 13:23:06.6996847 +0000 UTC m=+123.802276201"}
{"action":"FINDPROFSETTINGSBYUSID1411","level":"info","location":"ProfileSettingsHandler","msg":"Successfully found profile setting by user id!","status":"success","time":"2021-06-20T13:23:42Z","timestamp":"2021-06-20 13:23:42.8527674 +0000 UTC m=+159.955358801"}
{"action":"FINDPROFSETTINGSBYUSID1411","level":"info","location":"ProfileSettingsHandler","msg":"Successfully found profile setting by user id!","status":"success","time":"2021-06-20T13:23:51Z","timestamp":"2021-06-20 13:23:51.4366904 +0000 UTC m=+168.539281801"}
{"action":"FINDPROFSETTINGSBYUSID1411","level":"info","location":"ProfileSettingsHandler","msg":"Successfully found profile setting by user id!","status":"success","time":"2021-06-20T13:23:51Z","timestamp":"2021-06-20 13:23:51.4540681 +0000 UTC m=+168.556659501"}
{"action":"FINDPROFSETTINGSBYUSID1411","level":"info","location":"ProfileSettingsHandler","msg":"Successfully found profile setting by user id!","status":"success","time":"2021-06-20T13:23:51Z","timestamp":"2021-06-20 13:23:51.4796559 +0000 UTC m=+168.582247401"}
{"action":"FINDPROFSETTINGSBYUSID1411","level":"info","location":"ProfileSettingsHandler","msg":"Successfully found profile setting by user id!","status":"success","time":"2021-06-20T13:23:54Z","timestamp":"2021-06-20 13:23:54.0616571 +0000 UTC m=+171.164248501"}
{"action":"FINDPROFSETTINGSBYUSID1411","level":"info","location":"ProfileSettingsHandler","msg":"Successfully found profile setting by user id!","status":"success","time":"2021-06-20T13:23:54Z","timestamp":"2021-06-20 13:23:54.0669712 +0000 UTC m=+171.169562701"}
{"action":"FINDPROFSETTINGSBYUSID1411","level":"info","location":"ProfileSettingsHandler","msg":"Successfully found profile setting by user id!","status":"success","time":"2021-06-20T13:23:54Z","timestamp":"2021-06-20 13:23:54.0691924 +0000 UTC m=+171.171783901"}
{"action":"FindProfileSettingWithIDByUserId","level":"info","location":"ProfileSettingsHandler","msg":"Successfully found profile setting by user id!","status":"success","time":"2021-06-20T13:24:13Z","timestamp":"2021-06-20 13:24:13.4063616 +0000 UTC m=+190.508953001"}
{"action":"CreateProfileSettingsPostNotificationsProfiles","level":"info","location":"ProfileSettingsPostNotificationsProfilesHandler","msg":"Successfully created profile settings post notifications profiles!","status":"success","time":"2021-06-20T13:24:13Z","timestamp":"2021-06-20 13:24:13.4671357 +0000 UTC m=+190.569727201"}
{"action":"FindProfileSettingWithIDByUserId","level":"info","location":"ProfileSettingsHandler","msg":"Successfully found profile setting by user id!","status":"success","time":"2021-06-20T13:24:24Z","timestamp":"2021-06-20 13:24:24.2169683 +0000 UTC m=+201.319559701"}
{"action":"CreateProfileSettingsStoryNotificationsProfiles","level":"info","location":"ProfileSettingsStoryNotificationsProfilesHandler","msg":"Successfully created profile settings story notifications profiles!","status":"success","time":"2021-06-20T13:24:24Z","timestamp":"2021-06-20 13:24:24.2428329 +0000 UTC m=+201.345424401"}
{"action":"FINDPROFSETTINGSBYUSID1411","level":"info","location":"ProfileSettingsHandler","msg":"Successfully found profile setting by user id!","status":"success","time":"2021-06-20T13:25:12Z","timestamp":"2021-06-20 13:25:12.6913009 +0000 UTC m=+249.793892401"}
{"action":"FINDPROFSETTINGSBYUSID1411","level":"info","location":"ProfileSettingsHandler","msg":"Successfully found profile setting by user id!","status":"success","time":"2021-06-20T13:25:15Z","timestamp":"2021-06-20 13:25:15.6285222 +0000 UTC m=+252.731113601"}
{"action":"FINDPROFSETTINGSBYUSID1411","level":"info","location":"ProfileSettingsHandler","msg":"Successfully found profile setting by user id!","status":"success","time":"2021-06-20T13:25:15Z","timestamp":"2021-06-20 13:25:15.6348904 +0000 UTC m=+252.737481901"}
{"action":"CRPROFSETTINGS2712","level":"info","location":"ProfileSettingsHandler","msg":"Successfully created profile settings!","status":"success","time":"2021-06-20T13:35:43Z","timestamp":"2021-06-20 13:35:43.4354032 +0000 UTC m=+69.911190601"}
{"action":"CRPROFSETTINGS2712","level":"info","location":"ProfileSettingsHandler","msg":"Successfully created profile settings!","status":"success","time":"2021-06-20T13:36:22Z","timestamp":"2021-06-20 13:36:22.7436297 +0000 UTC m=+109.219417001"}
{"action":"FINDPROFSETTINGSBYUSID1411","level":"info","location":"ProfileSettingsHandler","msg":"Successfully found profile setting by user id!","status":"success","time":"2021-06-20T13:36:47Z","timestamp":"2021-06-20 13:36:47.751963 +0000 UTC m=+134.227750301"}
{"action":"FINDPROFSETTINGSBYUSID1411","level":"info","location":"ProfileSettingsHandler","msg":"Successfully found profile setting by user id!","status":"success","time":"2021-06-20T13:36:56Z","timestamp":"2021-06-20 13:36:56.8686178 +0000 UTC m=+143.344405201"}
{"action":"FINDPROFSETTINGSBYUSID1411","level":"info","location":"ProfileSettingsHandler","msg":"Successfully found profile setting by user id!","status":"success","time":"2021-06-20T13:36:56Z","timestamp":"2021-06-20 13:36:56.8875741 +0000 UTC m=+143.363361501"}
{"action":"FINDPROFSETTINGSBYUSID1411","level":"info","location":"ProfileSettingsHandler","msg":"Successfully found profile setting by user id!","status":"success","time":"2021-06-20T13:36:56Z","timestamp":"2021-06-20 13:36:56.9170402 +0000 UTC m=+143.392827501"}
{"action":"FINDPROFSETTINGSBYUSID1411","level":"info","location":"ProfileSettingsHandler","msg":"Successfully found profile setting by user id!","status":"success","time":"2021-06-20T13:36:59Z","timestamp":"2021-06-20 13:36:59.7628739 +0000 UTC m=+146.238661201"}
{"action":"FINDPROFSETTINGSBYUSID1411","level":"info","location":"ProfileSettingsHandler","msg":"Successfully found profile setting by user id!","status":"success","time":"2021-06-20T13:36:59Z","timestamp":"2021-06-20 13:36:59.7698059 +0000 UTC m=+146.245593301"}
{"action":"FINDPROFSETTINGSBYUSID1411","level":"info","location":"ProfileSettingsHandler","msg":"Successfully found profile setting by user id!","status":"success","time":"2021-06-20T13:36:59Z","timestamp":"2021-06-20 13:36:59.7788186 +0000 UTC m=+146.254605901"}
{"action":"FindProfileSettingWithIDByUserId","level":"info","location":"ProfileSettingsHandler","msg":"Successfully found profile setting by user id!","status":"success","time":"2021-06-20T13:37:05Z","timestamp":"2021-06-20 13:37:05.3143048 +0000 UTC m=+151.790092201"}
{"action":"CreateProfileSettingsPostNotificationsProfiles","level":"info","location":"ProfileSettingsPostNotificationsProfilesHandler","msg":"Successfully created profile settings post notifications profiles!","status":"success","time":"2021-06-20T13:37:05Z","timestamp":"2021-06-20 13:37:05.348522 +0000 UTC m=+151.824309301"}
{"action":"FindProfileSettingWithIDByUserId","level":"info","location":"ProfileSettingsHandler","msg":"Successfully found profile setting by user id!","status":"success","time":"2021-06-20T13:37:09Z","timestamp":"2021-06-20 13:37:09.4115491 +0000 UTC m=+155.887336401"}
{"action":"CreateProfileSettingsStoryNotificationsProfiles","level":"info","location":"ProfileSettingsStoryNotificationsProfilesHandler","msg":"Successfully created profile settings story notifications profiles!","status":"success","time":"2021-06-20T13:37:09Z","timestamp":"2021-06-20 13:37:09.4508634 +0000 UTC m=+155.926650801"}
{"action":"FINDPROFSETTINGSBYUSID1411","level":"info","location":"ProfileSettingsHandler","msg":"Successfully found profile setting by user id!","status":"success","time":"2021-06-20T13:37:23Z","timestamp":"2021-06-20 13:37:23.7431226 +0000 UTC m=+170.218909901"}
{"action":"FINDPROFSETTINGSBYUSID1411","level":"info","location":"ProfileSettingsHandler","msg":"Successfully found profile setting by user id!","status":"success","time":"2021-06-20T13:37:48Z","timestamp":"2021-06-20 13:37:48.4513291 +0000 UTC m=+194.927116501"}
{"action":"FINDPROFSETTINGSBYUSID1411","level":"info","location":"ProfileSettingsHandler","msg":"Successfully found profile setting by user id!","status":"success","time":"2021-06-20T13:37:48Z","timestamp":"2021-06-20 13:37:48.4580966 +0000 UTC m=+194.933883901"}
{"action":"CRPROFSETTINGS2712","level":"info","location":"ProfileSettingsHandler","msg":"Successfully created profile settings!","status":"success","time":"2021-06-20T13:50:34Z","timestamp":"2021-06-20 13:50:34.1008561 +0000 UTC m=+100.570306701"}
{"action":"CRPROFSETTINGS2712","level":"info","location":"ProfileSettingsHandler","msg":"Successfully created profile settings!","status":"success","time":"2021-06-20T13:51:36Z","timestamp":"2021-06-20 13:51:36.4063841 +0000 UTC m=+162.875834601"}
{"action":"FINDPROFSETTINGSBYUSID1411","level":"info","location":"ProfileSettingsHandler","msg":"Successfully found profile setting by user id!","status":"success","time":"2021-06-20T13:51:58Z","timestamp":"2021-06-20 13:51:58.6358681 +0000 UTC m=+185.105318601"}
{"action":"FINDPROFSETTINGSBYUSID1411","level":"info","location":"ProfileSettingsHandler","msg":"Successfully found profile setting by user id!","status":"success","time":"2021-06-20T13:52:53Z","timestamp":"2021-06-20 13:52:53.6555537 +0000 UTC m=+240.125004201"}
{"action":"FINDPROFSETTINGSBYUSID1411","level":"info","location":"ProfileSettingsHandler","msg":"Successfully found profile setting by user id!","status":"success","time":"2021-06-20T13:52:57Z","timestamp":"2021-06-20 13:52:57.4758836 +0000 UTC m=+243.945334101"}
{"action":"FindProfileSettingWithIDByUserId","level":"info","location":"ProfileSettingsHandler","msg":"Successfully found profile setting by user id!","status":"success","time":"2021-06-20T13:53:03Z","timestamp":"2021-06-20 13:53:03.2288047 +0000 UTC m=+249.698255201"}
{"action":"CreateProfileSettingsPostNotificationsProfiles","level":"info","location":"ProfileSettingsPostNotificationsProfilesHandler","msg":"Successfully created profile settings post notifications profiles!","status":"success","time":"2021-06-20T13:53:03Z","timestamp":"2021-06-20 13:53:03.2634333 +0000 UTC m=+249.732883801"}
{"action":"FindProfileSettingWithIDByUserId","level":"info","location":"ProfileSettingsHandler","msg":"Successfully found profile setting by user id!","status":"success","time":"2021-06-20T13:53:06Z","timestamp":"2021-06-20 13:53:06.7025456 +0000 UTC m=+253.171996201"}
{"action":"CreateProfileSettingsStoryNotificationsProfiles","level":"info","location":"ProfileSettingsStoryNotificationsProfilesHandler","msg":"Successfully created profile settings story notifications profiles!","status":"success","time":"2021-06-20T13:53:06Z","timestamp":"2021-06-20 13:53:06.7615137 +0000 UTC m=+253.230964301"}
{"action":"FINDPROFSETTINGSBYUSID1411","level":"info","location":"ProfileSettingsHandler","msg":"Successfully found profile setting by user id!","status":"success","time":"2021-06-20T13:53:23Z","timestamp":"2021-06-20 13:53:23.0901284 +0000 UTC m=+269.559578901"}
{"action":"FINDPROFSETTINGSBYUSID1411","level":"info","location":"ProfileSettingsHandler","msg":"Successfully found profile setting by user id!","status":"success","time":"2021-06-20T13:55:11Z","timestamp":"2021-06-20 13:55:11.272197 +0000 UTC m=+377.741647601"}
{"action":"FINDPROFSETTINGSBYUSID1411","level":"info","location":"ProfileSettingsHandler","msg":"Successfully found profile setting by user id!","status":"success","time":"2021-06-20T13:55:11Z","timestamp":"2021-06-20 13:55:11.276563 +0000 UTC m=+377.746013501"}
{"action":"CRPROFSETTINGS2712","level":"info","location":"ProfileSettingsHandler","msg":"Successfully created profile settings!","status":"success","time":"2021-06-20T14:05:10Z","timestamp":"2021-06-20 14:05:10.18479 +0000 UTC m=+79.150855401"}
{"action":"CRPROFSETTINGS2712","level":"info","location":"ProfileSettingsHandler","msg":"Successfully created profile settings!","status":"success","time":"2021-06-20T14:05:41Z","timestamp":"2021-06-20 14:05:41.1770938 +0000 UTC m=+110.143159301"}
{"action":"FINDPROFSETTINGSBYUSID1411","level":"info","location":"ProfileSettingsHandler","msg":"Successfully found profile setting by user id!","status":"success","time":"2021-06-20T14:06:06Z","timestamp":"2021-06-20 14:06:06.6459892 +0000 UTC m=+135.612054701"}
{"action":"FINDPROFSETTINGSBYUSID1411","level":"info","location":"ProfileSettingsHandler","msg":"Successfully found profile setting by user id!","status":"success","time":"2021-06-20T14:06:13Z","timestamp":"2021-06-20 14:06:13.6826492 +0000 UTC m=+142.648714701"}
{"action":"FINDPROFSETTINGSBYUSID1411","level":"info","location":"ProfileSettingsHandler","msg":"Successfully found profile setting by user id!","status":"success","time":"2021-06-20T14:06:13Z","timestamp":"2021-06-20 14:06:13.7192654 +0000 UTC m=+142.685330801"}
{"action":"FINDPROFSETTINGSBYUSID1411","level":"info","location":"ProfileSettingsHandler","msg":"Successfully found profile setting by user id!","status":"success","time":"2021-06-20T14:06:13Z","timestamp":"2021-06-20 14:06:13.7250873 +0000 UTC m=+142.691152701"}
{"action":"FINDPROFSETTINGSBYUSID1411","level":"info","location":"ProfileSettingsHandler","msg":"Successfully found profile setting by user id!","status":"success","time":"2021-06-20T14:06:16Z","timestamp":"2021-06-20 14:06:16.7168493 +0000 UTC m=+145.682914701"}
{"action":"FINDPROFSETTINGSBYUSID1411","level":"info","location":"ProfileSettingsHandler","msg":"Successfully found profile setting by user id!","status":"success","time":"2021-06-20T14:06:16Z","timestamp":"2021-06-20 14:06:16.7201138 +0000 UTC m=+145.686179301"}
{"action":"FINDPROFSETTINGSBYUSID1411","level":"info","location":"ProfileSettingsHandler","msg":"Successfully found profile setting by user id!","status":"success","time":"2021-06-20T14:06:16Z","timestamp":"2021-06-20 14:06:16.7401486 +0000 UTC m=+145.706214001"}
{"action":"FindProfileSettingWithIDByUserId","level":"info","location":"ProfileSettingsHandler","msg":"Successfully found profile setting by user id!","status":"success","time":"2021-06-20T14:06:27Z","timestamp":"2021-06-20 14:06:27.4671891 +0000 UTC m=+156.433254501"}
{"action":"CreateProfileSettingsPostNotificationsProfiles","level":"info","location":"ProfileSettingsPostNotificationsProfilesHandler","msg":"Successfully created profile settings post notifications profiles!","status":"success","time":"2021-06-20T14:06:27Z","timestamp":"2021-06-20 14:06:27.4892055 +0000 UTC m=+156.455271001"}
{"action":"FindProfileSettingWithIDByUserId","level":"info","location":"ProfileSettingsHandler","msg":"Successfully found profile setting by user id!","status":"success","time":"2021-06-20T14:06:30Z","timestamp":"2021-06-20 14:06:30.7216369 +0000 UTC m=+159.687702401"}
{"action":"CreateProfileSettingsStoryNotificationsProfiles","level":"info","location":"ProfileSettingsStoryNotificationsProfilesHandler","msg":"Successfully created profile settings story notifications profiles!","status":"success","time":"2021-06-20T14:06:30Z","timestamp":"2021-06-20 14:06:30.7718981 +0000 UTC m=+159.737963501"}
{"action":"FINDPROFSETTINGSBYUSID1411","level":"info","location":"ProfileSettingsHandler","msg":"Successfully found profile setting by user id!","status":"success","time":"2021-06-20T14:06:43Z","timestamp":"2021-06-20 14:06:43.5209607 +0000 UTC m=+172.487026101"}
{"action":"FINDPROFSETTINGSBYUSID1411","level":"info","location":"ProfileSettingsHandler","msg":"Successfully found profile setting by user id!","status":"success","time":"2021-06-20T14:06:47Z","timestamp":"2021-06-20 14:06:47.4204646 +0000 UTC m=+176.386530001"}
{"action":"FINDPROFSETTINGSBYUSID1411","level":"info","location":"ProfileSettingsHandler","msg":"Successfully found profile setting by user id!","status":"success","time":"2021-06-20T14:06:47Z","timestamp":"2021-06-20 14:06:47.424824 +0000 UTC m=+176.390889401"}
{"action":"FindAllUsersForPostNotifications","level":"info","location":"ProfileSettingsHandler","msg":"Successfully found all users for post notifications!","status":"success","time":"2021-06-20T14:07:04Z","timestamp":"2021-06-20 14:07:04.2131432 +0000 UTC m=+193.179210401"}
{"action":"FINDPROFSETTINGSBYUSID1411","level":"info","location":"ProfileSettingsHandler","msg":"Successfully found profile setting by user id!","status":"success","time":"2021-06-20T14:07:51Z","timestamp":"2021-06-20 14:07:51.1791532 +0000 UTC m=+240.145218701"}
{"action":"FINDPROFSETTINGSBYUSID1411","level":"info","location":"ProfileSettingsHandler","msg":"Successfully found profile setting by user id!","status":"success","time":"2021-06-20T14:07:51Z","timestamp":"2021-06-20 14:07:51.1869306 +0000 UTC m=+240.152996001"}
