{"action":"UPK523","level":"info","location":"SinglePostContentHandler","msg":"Successfully uploaded the media!","status":"success","time":"2021-06-12T12:06:03Z","timestamp":"2021-06-12 12:06:03.9735861 +0000 UTC m=+181.763955001"}
{"action":"UPK523","level":"info","location":"SinglePostContentHandler","msg":"Successfully uploaded the media!","status":"success","time":"2021-06-12T14:12:18Z","timestamp":"2021-06-12 14:12:18.6579938 +0000 UTC m=+226.583073601"}
{"action":"FIALCOFOPOQ771","level":"info","location":"SinglePostContentHandler","msg":"Successfully found contents for posts!","status":"success","time":"2021-06-12T14:13:21Z","timestamp":"2021-06-12 14:13:21.0473792 +0000 UTC m=+288.972459001"}
{"action":"FIALCOFOSTF439","level":"info","location":"SingleStoryContentHandler","msg":"Successfully found contents for stories!","status":"success","time":"2021-06-12T14:13:21Z","timestamp":"2021-06-12 14:13:21.0536916 +0000 UTC m=+288.978771301"}
{"action":"FIALCOFOSTALJ710","level":"info","location":"StoryAlbumContentHandler","msg":"Successfully found contents for story albums!","status":"success","time":"2021-06-12T14:13:21Z","timestamp":"2021-06-12 14:13:21.0593573 +0000 UTC m=+288.984437001"}
{"action":"FIALCOFOPOALO555","level":"info","location":"PostAlbumContentHandler","msg":"Successfully found contents for post albums!","status":"success","time":"2021-06-12T14:13:21Z","timestamp":"2021-06-12 14:13:21.0867539 +0000 UTC m=+289.011833701"}
{"action":"FIALCOFOPOQ771","level":"info","location":"SinglePostContentHandler","msg":"Successfully found contents for posts!","status":"success","time":"2021-06-12T14:13:34Z","timestamp":"2021-06-12 14:13:34.6422151 +0000 UTC m=+302.567294801"}
{"action":"FIALCOFOPOALO555","level":"info","location":"PostAlbumContentHandler","msg":"Successfully found contents for post albums!","status":"success","time":"2021-06-12T14:13:34Z","timestamp":"2021-06-12 14:13:34.6448022 +0000 UTC m=+302.569881901"}
{"action":"FIALCOFOSTF439","level":"info","location":"SingleStoryContentHandler","msg":"Successfully found contents for stories!","status":"success","time":"2021-06-12T14:13:34Z","timestamp":"2021-06-12 14:13:34.645845 +0000 UTC m=+302.570924701"}
{"action":"FIALCOFOSTALJ710","level":"info","location":"StoryAlbumContentHandler","msg":"Successfully found contents for story albums!","status":"success","time":"2021-06-12T14:13:34Z","timestamp":"2021-06-12 14:13:34.6472072 +0000 UTC m=+302.572286901"}
{"action":"UPK523","level":"info","location":"SinglePostContentHandler","msg":"Successfully uploaded the media!","status":"success","time":"2021-06-12T14:15:53Z","timestamp":"2021-06-12 14:15:53.4711733 +0000 UTC m=+441.396253101"}
{"action":"UPK523","level":"info","location":"SinglePostContentHandler","msg":"Successfully uploaded the media!","status":"success","time":"2021-06-12T14:24:34Z","timestamp":"2021-06-12 14:24:34.3676435 +0000 UTC m=+156.559975801"}
{"action":"CRSIPOCOB123","level":"info","location":"SinglePostContentHandler","msg":"Successfully created single post content!","status":"success","time":"2021-06-12T14:24:42Z","timestamp":"2021-06-12 14:24:42.9937503 +0000 UTC m=+165.186082601"}
{"action":"FIALCOFOPOQ771","level":"info","location":"SinglePostContentHandler","msg":"Successfully found contents for posts!","status":"success","time":"2021-06-12T14:25:23Z","timestamp":"2021-06-12 14:25:23.2027914 +0000 UTC m=+205.395123801"}
{"action":"FIALCOFOSTF439","level":"info","location":"SingleStoryContentHandler","msg":"Successfully found contents for stories!","status":"success","time":"2021-06-12T14:25:23Z","timestamp":"2021-06-12 14:25:23.2062485 +0000 UTC m=+205.398580901"}
{"action":"FIALCOFOSTALJ710","level":"info","location":"StoryAlbumContentHandler","msg":"Successfully found contents for story albums!","status":"success","time":"2021-06-12T14:25:23Z","timestamp":"2021-06-12 14:25:23.2123999 +0000 UTC m=+205.404732301"}
{"action":"FIALCOFOPOALO555","level":"info","location":"PostAlbumContentHandler","msg":"Successfully found contents for post albums!","status":"success","time":"2021-06-12T14:25:23Z","timestamp":"2021-06-12 14:25:23.2166893 +0000 UTC m=+205.409021701"}
{"action":"UPK523","level":"info","location":"SinglePostContentHandler","msg":"Successfully uploaded the media!","status":"success","time":"2021-06-13T05:31:13Z","timestamp":"2021-06-13 05:31:13.7667956 +0000 UTC m=+1017.982781701"}
{"action":"CRSIPOCOB123","level":"info","location":"SinglePostContentHandler","msg":"Successfully created single post content!","status":"success","time":"2021-06-13T05:31:21Z","timestamp":"2021-06-13 05:31:21.8983059 +0000 UTC m=+1026.114291901"}
{"action":"FIALCOFOPOQ771","level":"info","location":"SinglePostContentHandler","msg":"Successfully found contents for posts!","status":"success","time":"2021-06-13T05:31:39Z","timestamp":"2021-06-13 05:31:39.9411543 +0000 UTC m=+1044.157140301"}
{"action":"FIALCOFOPOALO555","level":"info","location":"PostAlbumContentHandler","msg":"Successfully found contents for post albums!","status":"success","time":"2021-06-13T05:31:39Z","timestamp":"2021-06-13 05:31:39.9662224 +0000 UTC m=+1044.182208401"}
{"action":"FIALCOFOSTALJ710","level":"info","location":"StoryAlbumContentHandler","msg":"Successfully found contents for story albums!","status":"success","time":"2021-06-13T05:31:39Z","timestamp":"2021-06-13 05:31:39.9907582 +0000 UTC m=+1044.206744201"}
{"action":"FIALCOFOSTF439","level":"info","location":"SingleStoryContentHandler","msg":"Successfully found contents for stories!","status":"success","time":"2021-06-13T05:31:39Z","timestamp":"2021-06-13 05:31:39.9975066 +0000 UTC m=+1044.213492701"}
{"action":"UPK523","level":"info","location":"SinglePostContentHandler","msg":"Successfully uploaded the media!","status":"success","time":"2021-06-13T05:54:57Z","timestamp":"2021-06-13 05:54:57.9503524 +0000 UTC m=+227.793346001"}
{"action":"CRSIPOCOB123","level":"info","location":"SinglePostContentHandler","msg":"Successfully created single post content!","status":"success","time":"2021-06-13T05:55:04Z","timestamp":"2021-06-13 05:55:04.8475044 +0000 UTC m=+234.690498001"}
{"action":"FIALCOFOSTF439","level":"info","location":"SingleStoryContentHandler","msg":"Successfully found contents for stories!","status":"success","time":"2021-06-13T05:55:37Z","timestamp":"2021-06-13 05:55:37.6417773 +0000 UTC m=+267.484771001"}
{"action":"FIALCOFOPOQ771","level":"info","location":"SinglePostContentHandler","msg":"Successfully found contents for posts!","status":"success","time":"2021-06-13T05:55:37Z","timestamp":"2021-06-13 05:55:37.6438292 +0000 UTC m=+267.486822901"}
{"action":"FIALCOFOSTALJ710","level":"info","location":"StoryAlbumContentHandler","msg":"Successfully found contents for story albums!","status":"success","time":"2021-06-13T05:55:37Z","timestamp":"2021-06-13 05:55:37.6492009 +0000 UTC m=+267.492194501"}
{"action":"FIALCOFOPOALO555","level":"info","location":"PostAlbumContentHandler","msg":"Successfully found contents for post albums!","status":"success","time":"2021-06-13T05:55:37Z","timestamp":"2021-06-13 05:55:37.6591197 +0000 UTC m=+267.502113401"}
{"action":"UPK523","level":"info","location":"SinglePostContentHandler","msg":"Successfully uploaded the media!","status":"success","time":"2021-06-13T06:11:45Z","timestamp":"2021-06-13 06:11:45.0358595 +0000 UTC m=+325.742808201"}
{"action":"CRSIPOCOB123","level":"info","location":"SinglePostContentHandler","msg":"Successfully created single post content!","status":"success","time":"2021-06-13T06:11:52Z","timestamp":"2021-06-13 06:11:52.0632641 +0000 UTC m=+332.770212701"}
{"action":"FIALCOFOPOQ771","level":"info","location":"SinglePostContentHandler","msg":"Successfully found contents for posts!","status":"success","time":"2021-06-13T06:12:00Z","timestamp":"2021-06-13 06:12:00.1101853 +0000 UTC m=+340.817134001"}
{"action":"FIALCOFOPOALO555","level":"info","location":"PostAlbumContentHandler","msg":"Successfully found contents for post albums!","status":"success","time":"2021-06-13T06:12:00Z","timestamp":"2021-06-13 06:12:00.115731 +0000 UTC m=+340.822679801"}
{"action":"FIALCOFOSTF439","level":"info","location":"SingleStoryContentHandler","msg":"Successfully found contents for stories!","status":"success","time":"2021-06-13T06:12:00Z","timestamp":"2021-06-13 06:12:00.142543 +0000 UTC m=+340.849491601"}
{"action":"FIALCOFOSTALJ710","level":"info","location":"StoryAlbumContentHandler","msg":"Successfully found contents for story albums!","status":"success","time":"2021-06-13T06:12:00Z","timestamp":"2021-06-13 06:12:00.1610986 +0000 UTC m=+340.868047201"}
{"action":"FIALCOFOPOQ771","level":"info","location":"SinglePostContentHandler","msg":"Successfully found contents for posts!","status":"success","time":"2021-06-13T06:12:08Z","timestamp":"2021-06-13 06:12:08.2428454 +0000 UTC m=+348.949794101"}
{"action":"FIALCOFOPOALO555","level":"info","location":"PostAlbumContentHandler","msg":"Successfully found contents for post albums!","status":"success","time":"2021-06-13T06:12:21Z","timestamp":"2021-06-13 06:12:21.632429 +0000 UTC m=+362.339377601"}
{"action":"FIALCOFOPOQ771","level":"info","location":"SinglePostContentHandler","msg":"Successfully found contents for posts!","status":"success","time":"2021-06-18T15:44:45Z","timestamp":"2021-06-18 15:44:45.7571145 +0000 UTC m=+652.131632601"}
{"action":"FIALCOFOSTF439","level":"info","location":"SingleStoryContentHandler","msg":"Successfully found contents for stories!","status":"success","time":"2021-06-18T15:44:45Z","timestamp":"2021-06-18 15:44:45.7766407 +0000 UTC m=+652.151158901"}
{"action":"FIALCOFOPOQ771","level":"info","location":"SinglePostContentHandler","msg":"Successfully found contents for posts!","status":"success","time":"2021-06-18T15:44:49Z","timestamp":"2021-06-18 15:44:49.2478863 +0000 UTC m=+655.622404401"}
{"action":"FIALCOFOSTF439","level":"info","location":"SingleStoryContentHandler","msg":"Successfully found contents for stories!","status":"success","time":"2021-06-18T15:44:49Z","timestamp":"2021-06-18 15:44:49.3137042 +0000 UTC m=+655.688222301"}
{"action":"FIALCOFOPOQ771","level":"info","location":"SinglePostContentHandler","msg":"Successfully found contents for posts!","status":"success","time":"2021-06-18T15:45:11Z","timestamp":"2021-06-18 15:45:11.5762802 +0000 UTC m=+677.950798401"}
{"action":"FIALCOFOSTF439","level":"info","location":"SingleStoryContentHandler","msg":"Successfully found contents for stories!","status":"success","time":"2021-06-18T15:45:11Z","timestamp":"2021-06-18 15:45:11.5964063 +0000 UTC m=+677.970924401"}
{"action":"FIALCOFOPOQ771","level":"info","location":"SinglePostContentHandler","msg":"Successfully found contents for posts!","status":"success","time":"2021-06-18T15:57:30Z","timestamp":"2021-06-18 15:57:30.2798501 +0000 UTC m=+481.737773301"}
{"action":"FIALCOFOSTF439","level":"info","location":"SingleStoryContentHandler","msg":"Successfully found contents for stories!","status":"success","time":"2021-06-18T15:57:30Z","timestamp":"2021-06-18 15:57:30.2952977 +0000 UTC m=+481.753220801"}
{"action":"FIALCOFOPOQ771","level":"info","location":"SinglePostContentHandler","msg":"Successfully found contents for posts!","status":"success","time":"2021-06-18T15:57:49Z","timestamp":"2021-06-18 15:57:49.1788524 +0000 UTC m=+500.636775501"}
{"action":"FIALCOFOSTF439","level":"info","location":"SingleStoryContentHandler","msg":"Successfully found contents for stories!","status":"success","time":"2021-06-18T15:57:49Z","timestamp":"2021-06-18 15:57:49.2069115 +0000 UTC m=+500.664834701"}
{"action":"FIALCOFOSTF439","level":"info","location":"SingleStoryContentHandler","msg":"Successfully found contents for stories!","status":"success","time":"2021-06-20T12:28:01Z","timestamp":"2021-06-20 12:28:01.1383745 +0000 UTC m=+270.926952401"}
{"action":"FIALCOFOPOQ771","level":"info","location":"SinglePostContentHandler","msg":"Successfully found contents for posts!","status":"success","time":"2021-06-20T12:28:01Z","timestamp":"2021-06-20 12:28:01.1428265 +0000 UTC m=+270.931404401"}
{"action":"FIALCOFOPOQ771","level":"info","location":"SinglePostContentHandler","msg":"Successfully found contents for posts!","status":"success","time":"2021-06-20T12:28:03Z","timestamp":"2021-06-20 12:28:03.5176361 +0000 UTC m=+273.306214001"}
{"action":"FIALCOFOSTF439","level":"info","location":"SingleStoryContentHandler","msg":"Successfully found contents for stories!","status":"success","time":"2021-06-20T12:28:03Z","timestamp":"2021-06-20 12:28:03.5377989 +0000 UTC m=+273.326376801"}
{"action":"FIALCOFOPOQ771","level":"info","location":"SinglePostContentHandler","msg":"Successfully found contents for posts!","status":"success","time":"2021-06-20T12:28:08Z","timestamp":"2021-06-20 12:28:08.3535947 +0000 UTC m=+278.142172601"}
{"action":"FIALCOFOSTF439","level":"info","location":"SingleStoryContentHandler","msg":"Successfully found contents for stories!","status":"success","time":"2021-06-20T12:28:08Z","timestamp":"2021-06-20 12:28:08.3625811 +0000 UTC m=+278.151159001"}
{"action":"FIALCOFOPOQ771","level":"info","location":"SinglePostContentHandler","msg":"Successfully found contents for posts!","status":"success","time":"2021-06-20T12:28:11Z","timestamp":"2021-06-20 12:28:11.1171512 +0000 UTC m=+280.905729101"}
{"action":"FIALCOFOSTF439","level":"info","location":"SingleStoryContentHandler","msg":"Successfully found contents for stories!","status":"success","time":"2021-06-20T12:28:11Z","timestamp":"2021-06-20 12:28:11.1253914 +0000 UTC m=+280.913969201"}
{"action":"FIALCOFOSTF439","level":"info","location":"SingleStoryContentHandler","msg":"Successfully found contents for stories!","status":"success","time":"2021-06-20T12:30:43Z","timestamp":"2021-06-20 12:30:43.4365899 +0000 UTC m=+433.225167801"}
{"action":"FIALCOFOPOQ771","level":"info","location":"SinglePostContentHandler","msg":"Successfully found contents for posts!","status":"success","time":"2021-06-20T12:30:43Z","timestamp":"2021-06-20 12:30:43.437062 +0000 UTC m=+433.225639901"}
{"action":"FIALCOFOSTF439","level":"info","location":"SingleStoryContentHandler","msg":"Successfully found contents for stories!","status":"success","time":"2021-06-20T12:30:45Z","timestamp":"2021-06-20 12:30:45.7554045 +0000 UTC m=+435.543982301"}
{"action":"FIALCOFOPOQ771","level":"info","location":"SinglePostContentHandler","msg":"Successfully found contents for posts!","status":"success","time":"2021-06-20T12:30:45Z","timestamp":"2021-06-20 12:30:45.7561002 +0000 UTC m=+435.544678101"}
{"action":"FIALCOFOPOQ771","level":"info","location":"SinglePostContentHandler","msg":"Successfully found contents for posts!","status":"success","time":"2021-06-20T12:37:38Z","timestamp":"2021-06-20 12:37:38.9455446 +0000 UTC m=+181.348941501"}
{"action":"FIALCOFOSTF439","level":"info","location":"SingleStoryContentHandler","msg":"Successfully found contents for stories!","status":"success","time":"2021-06-20T12:37:38Z","timestamp":"2021-06-20 12:37:38.9731246 +0000 UTC m=+181.376521601"}
{"action":"FIALCOFOPOQ771","level":"info","location":"SinglePostContentHandler","msg":"Successfully found contents for posts!","status":"success","time":"2021-06-20T12:37:41Z","timestamp":"2021-06-20 12:37:41.4693248 +0000 UTC m=+183.872721701"}
{"action":"FIALCOFOSTF439","level":"info","location":"SingleStoryContentHandler","msg":"Successfully found contents for stories!","status":"success","time":"2021-06-20T12:37:41Z","timestamp":"2021-06-20 12:37:41.4791817 +0000 UTC m=+183.882578601"}
{"action":"FIALCOFOSTF439","level":"info","location":"SingleStoryContentHandler","msg":"Successfully found contents for stories!","status":"success","time":"2021-06-20T13:02:45Z","timestamp":"2021-06-20 13:02:45.2917963 +0000 UTC m=+150.276372301"}
{"action":"FIALCOFOPOQ771","level":"info","location":"SinglePostContentHandler","msg":"Successfully found contents for posts!","status":"success","time":"2021-06-20T13:02:45Z","timestamp":"2021-06-20 13:02:45.3030898 +0000 UTC m=+150.287665901"}
{"action":"FIALCOFOSTF439","level":"info","location":"SingleStoryContentHandler","msg":"Successfully found contents for stories!","status":"success","time":"2021-06-20T13:02:48Z","timestamp":"2021-06-20 13:02:48.593123 +0000 UTC m=+153.577699001"}
{"action":"FIALCOFOPOQ771","level":"info","location":"SinglePostContentHandler","msg":"Successfully found contents for posts!","status":"success","time":"2021-06-20T13:02:48Z","timestamp":"2021-06-20 13:02:48.6008206 +0000 UTC m=+153.585396601"}
{"action":"FIALCOFOPOQ771","level":"info","location":"SinglePostContentHandler","msg":"Successfully found contents for posts!","status":"success","time":"2021-06-20T13:23:51Z","timestamp":"2021-06-20 13:23:51.4661892 +0000 UTC m=+167.176984601"}
{"action":"FIALCOFOSTF439","level":"info","location":"SingleStoryContentHandler","msg":"Successfully found contents for stories!","status":"success","time":"2021-06-20T13:23:51Z","timestamp":"2021-06-20 13:23:51.4904079 +0000 UTC m=+167.201203201"}
{"action":"FIALCOFOPOQ771","level":"info","location":"SinglePostContentHandler","msg":"Successfully found contents for posts!","status":"success","time":"2021-06-20T13:23:54Z","timestamp":"2021-06-20 13:23:54.0714354 +0000 UTC m=+169.782230701"}
{"action":"FIALCOFOSTF439","level":"info","location":"SingleStoryContentHandler","msg":"Successfully found contents for stories!","status":"success","time":"2021-06-20T13:23:54Z","timestamp":"2021-06-20 13:23:54.0969772 +0000 UTC m=+169.807772501"}
{"action":"UPK523","level":"info","location":"SinglePostContentHandler","msg":"Successfully uploaded the media!","status":"success","time":"2021-06-20T13:25:31Z","timestamp":"2021-06-20 13:25:31.6631057 +0000 UTC m=+267.373901101"}
{"action":"CRSIPOCOB123","level":"info","location":"SinglePostContentHandler","msg":"Successfully created single post content!","status":"success","time":"2021-06-20T13:25:38Z","timestamp":"2021-06-20 13:25:38.099226 +0000 UTC m=+273.810021301"}
{"action":"FIALCOFOPOQ771","level":"info","location":"SinglePostContentHandler","msg":"Successfully found contents for posts!","status":"success","time":"2021-06-20T13:27:21Z","timestamp":"2021-06-20 13:27:21.5114176 +0000 UTC m=+377.222212901"}
{"action":"FIALCOFOSTF439","level":"info","location":"SingleStoryContentHandler","msg":"Successfully found contents for stories!","status":"success","time":"2021-06-20T13:27:21Z","timestamp":"2021-06-20 13:27:21.5232828 +0000 UTC m=+377.234078101"}
{"action":"FIALCOFOSTALJ710","level":"info","location":"StoryAlbumContentHandler","msg":"Successfully found contents for story albums!","status":"success","time":"2021-06-20T13:27:21Z","timestamp":"2021-06-20 13:27:21.5284678 +0000 UTC m=+377.239263201"}
{"action":"FIALCOFOPOALO555","level":"info","location":"PostAlbumContentHandler","msg":"Successfully found contents for post albums!","status":"success","time":"2021-06-20T13:27:21Z","timestamp":"2021-06-20 13:27:21.5285217 +0000 UTC m=+377.239317001"}
{"action":"FIALCOFOPOW474","level":"info","location":"SinglePostContentHandler","msg":"Successfully found contents for post!","status":"success","time":"2021-06-20T13:27:28Z","timestamp":"2021-06-20 13:27:28.5193279 +0000 UTC m=+384.230123201"}
{"action":"FIALCOFOPOQ771","level":"info","location":"SinglePostContentHandler","msg":"Successfully found contents for posts!","status":"success","time":"2021-06-20T13:36:56Z","timestamp":"2021-06-20 13:36:56.9152496 +0000 UTC m=+145.196276401"}
{"action":"FIALCOFOSTF439","level":"info","location":"SingleStoryContentHandler","msg":"Successfully found contents for stories!","status":"success","time":"2021-06-20T13:36:56Z","timestamp":"2021-06-20 13:36:56.9284646 +0000 UTC m=+145.209491401"}
{"action":"FIALCOFOPOQ771","level":"info","location":"SinglePostContentHandler","msg":"Successfully found contents for posts!","status":"success","time":"2021-06-20T13:36:59Z","timestamp":"2021-06-20 13:36:59.7785266 +0000 UTC m=+148.059553501"}
{"action":"FIALCOFOSTF439","level":"info","location":"SingleStoryContentHandler","msg":"Successfully found contents for stories!","status":"success","time":"2021-06-20T13:36:59Z","timestamp":"2021-06-20 13:36:59.7974897 +0000 UTC m=+148.078516501"}
{"action":"UPK523","level":"info","location":"SinglePostContentHandler","msg":"Successfully uploaded the media!","status":"success","time":"2021-06-20T13:38:04Z","timestamp":"2021-06-20 13:38:04.7296395 +0000 UTC m=+213.010666401"}
{"action":"CRSIPOCOB123","level":"info","location":"SinglePostContentHandler","msg":"Successfully created single post content!","status":"success","time":"2021-06-20T13:38:10Z","timestamp":"2021-06-20 13:38:10.3638437 +0000 UTC m=+218.644870601"}
{"action":"FIALCOFOSTF439","level":"info","location":"SingleStoryContentHandler","msg":"Successfully found contents for stories!","status":"success","time":"2021-06-20T13:38:17Z","timestamp":"2021-06-20 13:38:17.3010362 +0000 UTC m=+225.582063101"}
{"action":"FIALCOFOPOQ771","level":"info","location":"SinglePostContentHandler","msg":"Successfully found contents for posts!","status":"success","time":"2021-06-20T13:38:17Z","timestamp":"2021-06-20 13:38:17.3080838 +0000 UTC m=+225.589110701"}
{"action":"FIALCOFOPOALO555","level":"info","location":"PostAlbumContentHandler","msg":"Successfully found contents for post albums!","status":"success","time":"2021-06-20T13:38:17Z","timestamp":"2021-06-20 13:38:17.3114417 +0000 UTC m=+225.592468601"}
{"action":"FIALCOFOSTALJ710","level":"info","location":"StoryAlbumContentHandler","msg":"Successfully found contents for story albums!","status":"success","time":"2021-06-20T13:38:17Z","timestamp":"2021-06-20 13:38:17.3405142 +0000 UTC m=+225.621541001"}
{"action":"FIALCOFOSTF439","level":"info","location":"SingleStoryContentHandler","msg":"Successfully found contents for stories!","status":"success","time":"2021-06-20T13:41:17Z","timestamp":"2021-06-20 13:41:17.4678667 +0000 UTC m=+405.748893501"}
{"action":"FIALCOFOPOALO555","level":"info","location":"PostAlbumContentHandler","msg":"Successfully found contents for post albums!","status":"success","time":"2021-06-20T13:41:17Z","timestamp":"2021-06-20 13:41:17.4686603 +0000 UTC m=+405.749687101"}
{"action":"FIALCOFOSTALJ710","level":"info","location":"StoryAlbumContentHandler","msg":"Successfully found contents for story albums!","status":"success","time":"2021-06-20T13:41:17Z","timestamp":"2021-06-20 13:41:17.4689923 +0000 UTC m=+405.750019101"}
{"action":"FIALCOFOPOQ771","level":"info","location":"SinglePostContentHandler","msg":"Successfully found contents for posts!","status":"success","time":"2021-06-20T13:41:17Z","timestamp":"2021-06-20 13:41:17.4767604 +0000 UTC m=+405.757787201"}
{"action":"UPK523","level":"info","location":"SinglePostContentHandler","msg":"Successfully uploaded the media!","status":"success","time":"2021-06-20T13:55:31Z","timestamp":"2021-06-20 13:55:31.6283161 +0000 UTC m=+396.748005101"}
{"action":"CRSIPOCOB123","level":"info","location":"SinglePostContentHandler","msg":"Successfully created single post content!","status":"success","time":"2021-06-20T13:55:46Z","timestamp":"2021-06-20 13:55:46.4747755 +0000 UTC m=+411.594464401"}
{"action":"FIALCOFOPOQ771","level":"info","location":"SinglePostContentHandler","msg":"Successfully found contents for posts!","status":"success","time":"2021-06-20T13:55:52Z","timestamp":"2021-06-20 13:55:52.2854833 +0000 UTC m=+417.405172201"}
{"action":"FIALCOFOPOALO555","level":"info","location":"PostAlbumContentHandler","msg":"Successfully found contents for post albums!","status":"success","time":"2021-06-20T13:55:52Z","timestamp":"2021-06-20 13:55:52.2874817 +0000 UTC m=+417.407170701"}
{"action":"FIALCOFOSTF439","level":"info","location":"SingleStoryContentHandler","msg":"Successfully found contents for stories!","status":"success","time":"2021-06-20T13:55:52Z","timestamp":"2021-06-20 13:55:52.3144031 +0000 UTC m=+417.434092001"}
{"action":"FIALCOFOSTALJ710","level":"info","location":"StoryAlbumContentHandler","msg":"Successfully found contents for story albums!","status":"success","time":"2021-06-20T13:55:52Z","timestamp":"2021-06-20 13:55:52.3176005 +0000 UTC m=+417.437289501"}
{"action":"FIALCOFOSTF439","level":"info","location":"SingleStoryContentHandler","msg":"Successfully found contents for stories!","status":"success","time":"2021-06-20T14:06:13Z","timestamp":"2021-06-20 14:06:13.7349104 +0000 UTC m=+143.568117601"}
{"action":"FIALCOFOPOQ771","level":"info","location":"SinglePostContentHandler","msg":"Successfully found contents for posts!","status":"success","time":"2021-06-20T14:06:13Z","timestamp":"2021-06-20 14:06:13.7449878 +0000 UTC m=+143.578195101"}
{"action":"FIALCOFOSTF439","level":"info","location":"SingleStoryContentHandler","msg":"Successfully found contents for stories!","status":"success","time":"2021-06-20T14:06:16Z","timestamp":"2021-06-20 14:06:16.7325681 +0000 UTC m=+146.565775301"}
{"action":"FIALCOFOPOQ771","level":"info","location":"SinglePostContentHandler","msg":"Successfully found contents for posts!","status":"success","time":"2021-06-20T14:06:16Z","timestamp":"2021-06-20 14:06:16.7460691 +0000 UTC m=+146.579276301"}
{"action":"UPK523","level":"info","location":"SinglePostContentHandler","msg":"Successfully uploaded the media!","status":"success","time":"2021-06-20T14:07:00Z","timestamp":"2021-06-20 14:07:00.5272476 +0000 UTC m=+190.360454801"}
{"action":"CRSIPOCOB123","level":"info","location":"SinglePostContentHandler","msg":"Successfully created single post content!","status":"success","time":"2021-06-20T14:07:06Z","timestamp":"2021-06-20 14:07:06.6771257 +0000 UTC m=+196.510333001"}
{"action":"FIALCOFOPOQ771","level":"info","location":"SinglePostContentHandler","msg":"Successfully found contents for posts!","status":"success","time":"2021-06-21T12:47:15Z","timestamp":"2021-06-21 12:47:15.9602151 +0000 UTC m=+149.990116801"}
{"action":"FIALCOFOSTF439","level":"info","location":"SingleStoryContentHandler","msg":"Successfully found contents for stories!","status":"success","time":"2021-06-21T12:47:15Z","timestamp":"2021-06-21 12:47:15.9794393 +0000 UTC m=+150.009341101"}
{"action":"FIALCOFOPOQ771","level":"info","location":"SinglePostContentHandler","msg":"Successfully found contents for posts!","status":"success","time":"2021-06-21T12:47:19Z","timestamp":"2021-06-21 12:47:19.8191531 +0000 UTC m=+153.849054901"}
{"action":"FIALCOFOSTF439","level":"info","location":"SingleStoryContentHandler","msg":"Successfully found contents for stories!","status":"success","time":"2021-06-21T12:47:19Z","timestamp":"2021-06-21 12:47:19.8349289 +0000 UTC m=+153.864830601"}
{"action":"FIALCOFOPOQ771","level":"info","location":"SinglePostContentHandler","msg":"Successfully found contents for posts!","status":"success","time":"2021-06-21T12:48:14Z","timestamp":"2021-06-21 12:48:14.4538626 +0000 UTC m=+208.483764301"}
{"action":"FIALCOFOSTF439","level":"info","location":"SingleStoryContentHandler","msg":"Successfully found contents for stories!","status":"success","time":"2021-06-21T12:48:14Z","timestamp":"2021-06-21 12:48:14.4861519 +0000 UTC m=+208.516053701"}
{"action":"FIALCOFOPOQ771","level":"info","location":"SinglePostContentHandler","msg":"Successfully found contents for posts!","status":"success","time":"2021-06-21T12:48:17Z","timestamp":"2021-06-21 12:48:17.8606735 +0000 UTC m=+211.890575301"}
{"action":"FIALCOFOSTF439","level":"info","location":"SingleStoryContentHandler","msg":"Successfully found contents for stories!","status":"success","time":"2021-06-21T12:48:17Z","timestamp":"2021-06-21 12:48:17.8806942 +0000 UTC m=+211.910595901"}
{"action":"UPK523","level":"info","location":"SinglePostContentHandler","msg":"Successfully uploaded the media!","status":"success","time":"2021-06-21T12:48:32Z","timestamp":"2021-06-21 12:48:32.3350864 +0000 UTC m=+226.364988101"}
{"action":"CRSIPOCOB123","level":"info","location":"SinglePostContentHandler","msg":"Successfully created single post content!","status":"success","time":"2021-06-21T12:48:36Z","timestamp":"2021-06-21 12:48:36.4790572 +0000 UTC m=+230.508958901"}
{"action":"FIALCOFOPOQ771","level":"info","location":"SinglePostContentHandler","msg":"Successfully found contents for posts!","status":"success","time":"2021-06-21T12:48:43Z","timestamp":"2021-06-21 12:48:43.8956961 +0000 UTC m=+237.925597801"}
{"action":"FIALCOFOSTF439","level":"info","location":"SingleStoryContentHandler","msg":"Successfully found contents for stories!","status":"success","time":"2021-06-21T12:48:43Z","timestamp":"2021-06-21 12:48:43.8989991 +0000 UTC m=+237.928900901"}
{"action":"FIALCOFOSTALJ710","level":"info","location":"StoryAlbumContentHandler","msg":"Successfully found contents for story albums!","status":"success","time":"2021-06-21T12:48:43Z","timestamp":"2021-06-21 12:48:43.9070238 +0000 UTC m=+237.936925501"}
{"action":"FIALCOFOPOALO555","level":"info","location":"PostAlbumContentHandler","msg":"Successfully found contents for post albums!","status":"success","time":"2021-06-21T12:48:43Z","timestamp":"2021-06-21 12:48:43.9115157 +0000 UTC m=+237.941417401"}
{"action":"UPM253","level":"info","location":"SingleStoryContentHandler","msg":"Successfully uploaded the media!","status":"success","time":"2021-06-21T12:50:42Z","timestamp":"2021-06-21 12:50:42.6298822 +0000 UTC m=+356.659783901"}
{"action":"CRSISTCOA197","level":"info","location":"SingleStoryContentHandler","msg":"Successfully created single story content!","status":"success","time":"2021-06-21T12:50:47Z","timestamp":"2021-06-21 12:50:47.3815566 +0000 UTC m=+361.411458301"}
{"action":"UPL887","level":"info","location":"PostAlbumContentHandler","msg":"Successfully uploaded the media!","status":"success","time":"2021-06-21T12:51:40Z","timestamp":"2021-06-21 12:51:40.9595125 +0000 UTC m=+414.989414201"}
{"action":"CRPOALCOL998","level":"info","location":"PostAlbumContentHandler","msg":"Successfully created content!","status":"success","time":"2021-06-21T12:51:47Z","timestamp":"2021-06-21 12:51:47.1105157 +0000 UTC m=+421.140417501"}
{"action":"UPL887","level":"info","location":"PostAlbumContentHandler","msg":"Successfully uploaded the media!","status":"success","time":"2021-06-21T12:51:53Z","timestamp":"2021-06-21 12:51:53.9906752 +0000 UTC m=+428.020576901"}
{"action":"CRPOALCOL998","level":"info","location":"PostAlbumContentHandler","msg":"Successfully created content!","status":"success","time":"2021-06-21T12:52:00Z","timestamp":"2021-06-21 12:52:00.9295621 +0000 UTC m=+434.959463901"}
{"action":"FIALCOFOPOQ771","level":"info","location":"SinglePostContentHandler","msg":"Successfully found contents for posts!","status":"success","time":"2021-06-21T12:52:11Z","timestamp":"2021-06-21 12:52:11.5981151 +0000 UTC m=+445.628016801"}
{"action":"FIALCOFOSTALJ710","level":"info","location":"StoryAlbumContentHandler","msg":"Successfully found contents for story albums!","status":"success","time":"2021-06-21T12:52:11Z","timestamp":"2021-06-21 12:52:11.6176338 +0000 UTC m=+445.647535501"}
{"action":"FIALCOFOSTF439","level":"info","location":"SingleStoryContentHandler","msg":"Successfully found contents for stories!","status":"success","time":"2021-06-21T12:52:11Z","timestamp":"2021-06-21 12:52:11.618603 +0000 UTC m=+445.648504701"}
{"action":"FIALCOFOPOALO555","level":"info","location":"PostAlbumContentHandler","msg":"Successfully found contents for post albums!","status":"success","time":"2021-06-21T12:52:11Z","timestamp":"2021-06-21 12:52:11.6257674 +0000 UTC m=+445.655669201"}
{"action":"FIALCOFOPOALO673","level":"info","location":"PostAlbumContentHandler","msg":"Successfully found contents for post album!","status":"success","time":"2021-06-21T12:52:14Z","timestamp":"2021-06-21 12:52:14.8194917 +0000 UTC m=+448.849393401"}
{"action":"UPQ799","level":"info","location":"StoryAlbumContentHandler","msg":"Successfully uploaded the media!","status":"success","time":"2021-06-21T12:52:49Z","timestamp":"2021-06-21 12:52:49.0045681 +0000 UTC m=+483.034469901"}
{"action":"CRSTALCOX866","level":"info","location":"StoryAlbumContentHandler","msg":"Successfully created story album content!","status":"success","time":"2021-06-21T12:52:53Z","timestamp":"2021-06-21 12:52:53.4528749 +0000 UTC m=+487.482776701"}
{"action":"UPQ799","level":"info","location":"StoryAlbumContentHandler","msg":"Successfully uploaded the media!","status":"success","time":"2021-06-21T12:52:58Z","timestamp":"2021-06-21 12:52:58.349387 +0000 UTC m=+492.379288701"}
{"action":"CRSTALCOX866","level":"info","location":"StoryAlbumContentHandler","msg":"Successfully created story album content!","status":"success","time":"2021-06-21T12:53:03Z","timestamp":"2021-06-21 12:53:03.5585564 +0000 UTC m=+497.588458101"}
{"action":"FIALCOFOPOQ771","level":"info","location":"SinglePostContentHandler","msg":"Successfully found contents for posts!","status":"success","time":"2021-06-21T12:53:39Z","timestamp":"2021-06-21 12:53:39.4363402 +0000 UTC m=+533.466242001"}
{"action":"FIALCOFOPOALO555","level":"info","location":"PostAlbumContentHandler","msg":"Successfully found contents for post albums!","status":"success","time":"2021-06-21T12:53:39Z","timestamp":"2021-06-21 12:53:39.4504733 +0000 UTC m=+533.480375001"}
{"action":"FIALCOFOPOALO555","level":"info","location":"PostAlbumContentHandler","msg":"Successfully found contents for post albums!","status":"success","time":"2021-06-21T12:53:41Z","timestamp":"2021-06-21 12:53:41.8827262 +0000 UTC m=+535.912627901"}
{"action":"FIALCOFOPOQ771","level":"info","location":"SinglePostContentHandler","msg":"Successfully found contents for posts!","status":"success","time":"2021-06-21T12:53:41Z","timestamp":"2021-06-21 12:53:41.8985767 +0000 UTC m=+535.928478401"}
{"action":"FIALCOFOPOALO555","level":"info","location":"PostAlbumContentHandler","msg":"Successfully found contents for post albums!","status":"success","time":"2021-06-21T12:54:20Z","timestamp":"2021-06-21 12:54:20.4394494 +0000 UTC m=+574.469351101"}
{"action":"FIALCOFOPOQ771","level":"info","location":"SinglePostContentHandler","msg":"Successfully found contents for posts!","status":"success","time":"2021-06-21T12:54:20Z","timestamp":"2021-06-21 12:54:20.4412405 +0000 UTC m=+574.471142201"}
{"action":"FIALCOFOPOQ771","level":"info","location":"SinglePostContentHandler","msg":"Successfully found contents for posts!","status":"success","time":"2021-06-21T12:54:23Z","timestamp":"2021-06-21 12:54:23.7920978 +0000 UTC m=+577.821999501"}
{"action":"FIALCOFOPOALO555","level":"info","location":"PostAlbumContentHandler","msg":"Successfully found contents for post albums!","status":"success","time":"2021-06-21T12:54:23Z","timestamp":"2021-06-21 12:54:23.7933623 +0000 UTC m=+577.823264101"}
{"action":"FIALCOFOPOW474","level":"info","location":"SinglePostContentHandler","msg":"Successfully found contents for post!","status":"success","time":"2021-06-21T12:54:25Z","timestamp":"2021-06-21 12:54:25.3740566 +0000 UTC m=+579.403958301"}
{"action":"FIALCOFOPOW474","level":"info","location":"SinglePostContentHandler","msg":"Successfully found contents for post!","status":"success","time":"2021-06-21T12:54:33Z","timestamp":"2021-06-21 12:54:33.6634665 +0000 UTC m=+587.693368301"}
{"action":"FIALCOFOPOQ771","level":"info","location":"SinglePostContentHandler","msg":"Successfully found contents for posts!","status":"success","time":"2021-06-21T13:16:12Z","timestamp":"2021-06-21 13:16:12.8817636 +0000 UTC m=+474.670767801"}
{"action":"FIALCOFOSTF439","level":"info","location":"SingleStoryContentHandler","msg":"Successfully found contents for stories!","status":"success","time":"2021-06-21T13:16:12Z","timestamp":"2021-06-21 13:16:12.9185273 +0000 UTC m=+474.707531601"}
{"action":"FIALCOFOPOQ771","level":"info","location":"SinglePostContentHandler","msg":"Successfully found contents for posts!","status":"success","time":"2021-06-21T13:16:17Z","timestamp":"2021-06-21 13:16:17.8245709 +0000 UTC m=+479.613575101"}
{"action":"FIALCOFOSTF439","level":"info","location":"SingleStoryContentHandler","msg":"Successfully found contents for stories!","status":"success","time":"2021-06-21T13:16:17Z","timestamp":"2021-06-21 13:16:17.8354717 +0000 UTC m=+479.624476001"}
{"action":"UPK523","level":"info","location":"SinglePostContentHandler","msg":"Successfully uploaded the media!","status":"success","time":"2021-06-21T13:17:57Z","timestamp":"2021-06-21 13:17:57.5659537 +0000 UTC m=+579.354958001"}
{"action":"CRSIPOCOB123","level":"info","location":"SinglePostContentHandler","msg":"Successfully created single post content!","status":"success","time":"2021-06-21T13:18:00Z","timestamp":"2021-06-21 13:18:00.9047155 +0000 UTC m=+582.693719701"}
{"action":"FIALCOFOPOQ771","level":"info","location":"SinglePostContentHandler","msg":"Successfully found contents for posts!","status":"success","time":"2021-06-21T13:18:18Z","timestamp":"2021-06-21 13:18:18.7320747 +0000 UTC m=+600.521078901"}
{"action":"FIALCOFOPOALO555","level":"info","location":"PostAlbumContentHandler","msg":"Successfully found contents for post albums!","status":"success","time":"2021-06-21T13:18:18Z","timestamp":"2021-06-21 13:18:18.7344227 +0000 UTC m=+600.523426901"}
{"action":"FIALCOFOSTF439","level":"info","location":"SingleStoryContentHandler","msg":"Successfully found contents for stories!","status":"success","time":"2021-06-21T13:18:20Z","timestamp":"2021-06-21 13:18:20.2617206 +0000 UTC m=+602.050724901"}
{"action":"FIALCOFOSTALJ710","level":"info","location":"StoryAlbumContentHandler","msg":"Successfully found contents for story albums!","status":"success","time":"2021-06-21T13:18:20Z","timestamp":"2021-06-21 13:18:20.2688851 +0000 UTC m=+602.057889301"}
{"action":"FIALCOFOPOALO555","level":"info","location":"PostAlbumContentHandler","msg":"Successfully found contents for post albums!","status":"success","time":"2021-06-21T13:18:23Z","timestamp":"2021-06-21 13:18:23.0662046 +0000 UTC m=+604.855208801"}
{"action":"FIALCOFOPOQ771","level":"info","location":"SinglePostContentHandler","msg":"Successfully found contents for posts!","status":"success","time":"2021-06-21T13:18:23Z","timestamp":"2021-06-21 13:18:23.0725395 +0000 UTC m=+604.861543701"}
{"action":"FIALCOFOPOQ771","level":"info","location":"SinglePostContentHandler","msg":"Successfully found contents for posts!","status":"success","time":"2021-06-21T13:18:26Z","timestamp":"2021-06-21 13:18:26.9989093 +0000 UTC m=+608.787913601"}
{"action":"FIALCOFOPOALO555","level":"info","location":"PostAlbumContentHandler","msg":"Successfully found contents for post albums!","status":"success","time":"2021-06-21T13:18:27Z","timestamp":"2021-06-21 13:18:27.0000526 +0000 UTC m=+608.789056901"}
{"action":"FIALCOFOSTF439","level":"info","location":"SingleStoryContentHandler","msg":"Successfully found contents for stories!","status":"success","time":"2021-06-21T13:18:27Z","timestamp":"2021-06-21 13:18:27.0160338 +0000 UTC m=+608.805038001"}
{"action":"FIALCOFOSTALJ710","level":"info","location":"StoryAlbumContentHandler","msg":"Successfully found contents for story albums!","status":"success","time":"2021-06-21T13:18:27Z","timestamp":"2021-06-21 13:18:27.0244632 +0000 UTC m=+608.813467501"}
{"action":"FIALCOFOPOQ771","level":"info","location":"SinglePostContentHandler","msg":"Successfully found contents for posts!","status":"success","time":"2021-06-21T13:19:27Z","timestamp":"2021-06-21 13:19:27.3843359 +0000 UTC m=+669.173340101"}
{"action":"FIALCOFOPOALO555","level":"info","location":"PostAlbumContentHandler","msg":"Successfully found contents for post albums!","status":"success","time":"2021-06-21T13:19:27Z","timestamp":"2021-06-21 13:19:27.3882241 +0000 UTC m=+669.177228301"}
{"action":"FIALCOFOPOALO555","level":"info","location":"PostAlbumContentHandler","msg":"Successfully found contents for post albums!","status":"success","time":"2021-06-21T13:19:34Z","timestamp":"2021-06-21 13:19:34.304096 +0000 UTC m=+676.093100301"}
{"action":"FIALCOFOPOQ771","level":"info","location":"SinglePostContentHandler","msg":"Successfully found contents for posts!","status":"success","time":"2021-06-21T13:19:34Z","timestamp":"2021-06-21 13:19:34.3253172 +0000 UTC m=+676.114321501"}
{"action":"FIALCOFOPOW474","level":"info","location":"SinglePostContentHandler","msg":"Successfully found contents for post!","status":"success","time":"2021-06-21T13:19:35Z","timestamp":"2021-06-21 13:19:35.9297026 +0000 UTC m=+677.718706801"}
{"action":"FIALCOFOPOALO555","level":"info","location":"PostAlbumContentHandler","msg":"Successfully found contents for post albums!","status":"success","time":"2021-06-21T13:19:56Z","timestamp":"2021-06-21 13:19:56.6362901 +0000 UTC m=+698.425294301"}
{"action":"FIALCOFOPOQ771","level":"info","location":"SinglePostContentHandler","msg":"Successfully found contents for posts!","status":"success","time":"2021-06-21T13:19:56Z","timestamp":"2021-06-21 13:19:56.6368998 +0000 UTC m=+698.425904001"}
{"action":"FIALCOFOPOW474","level":"info","location":"SinglePostContentHandler","msg":"Successfully found contents for post!","status":"success","time":"2021-06-21T13:19:57Z","timestamp":"2021-06-21 13:19:57.9411436 +0000 UTC m=+699.730147801"}
{"action":"FIALCOFOPOW474","level":"info","location":"SinglePostContentHandler","msg":"Successfully found contents for post!","status":"success","time":"2021-06-21T13:20:36Z","timestamp":"2021-06-21 13:20:36.1202644 +0000 UTC m=+737.909268601"}
{"action":"FIALCOFOPOQ771","level":"info","location":"SinglePostContentHandler","msg":"Successfully found contents for posts!","status":"success","time":"2021-06-21T13:24:39Z","timestamp":"2021-06-21 13:24:39.1369816 +0000 UTC m=+980.925985901"}
{"action":"FIALCOFOPOALO555","level":"info","location":"PostAlbumContentHandler","msg":"Successfully found contents for post albums!","status":"success","time":"2021-06-21T13:24:39Z","timestamp":"2021-06-21 13:24:39.1374322 +0000 UTC m=+980.926436401"}
{"action":"FIALCOFOPOW474","level":"info","location":"SinglePostContentHandler","msg":"Successfully found contents for post!","status":"success","time":"2021-06-21T13:24:46Z","timestamp":"2021-06-21 13:24:46.1327968 +0000 UTC m=+987.921801001"}
{"action":"FIALCOFOPOQ771","level":"info","location":"SinglePostContentHandler","msg":"Successfully found contents for posts!","status":"success","time":"2021-06-21T13:46:06Z","timestamp":"2021-06-21 13:46:06.8636498 +0000 UTC m=+429.740103901"}
{"action":"FIALCOFOSTF439","level":"info","location":"SingleStoryContentHandler","msg":"Successfully found contents for stories!","status":"success","time":"2021-06-21T13:46:06Z","timestamp":"2021-06-21 13:46:06.868586 +0000 UTC m=+429.745040101"}
{"action":"FIALCOFOPOQ771","level":"info","location":"SinglePostContentHandler","msg":"Successfully found contents for posts!","status":"success","time":"2021-06-21T13:46:10Z","timestamp":"2021-06-21 13:46:10.5408606 +0000 UTC m=+433.417314601"}
{"action":"FIALCOFOSTF439","level":"info","location":"SingleStoryContentHandler","msg":"Successfully found contents for stories!","status":"success","time":"2021-06-21T13:46:10Z","timestamp":"2021-06-21 13:46:10.5546147 +0000 UTC m=+433.431068701"}
{"action":"UPK523","level":"info","location":"SinglePostContentHandler","msg":"Successfully uploaded the media!","status":"success","time":"2021-06-21T13:49:36Z","timestamp":"2021-06-21 13:49:36.5342335 +0000 UTC m=+639.410687501"}
{"action":"CRSIPOCOB123","level":"info","location":"SinglePostContentHandler","msg":"Successfully created single post content!","status":"success","time":"2021-06-21T13:49:51Z","timestamp":"2021-06-21 13:49:51.651439 +0000 UTC m=+654.527893001"}
{"action":"FIALCOFOPOQ771","level":"info","location":"SinglePostContentHandler","msg":"Successfully found contents for posts!","status":"success","time":"2021-06-21T13:50:17Z","timestamp":"2021-06-21 13:50:17.9548411 +0000 UTC m=+680.831295201"}
{"action":"FIALCOFOPOALO555","level":"info","location":"PostAlbumContentHandler","msg":"Successfully found contents for post albums!","status":"success","time":"2021-06-21T13:50:17Z","timestamp":"2021-06-21 13:50:17.9861616 +0000 UTC m=+680.862615601"}
{"action":"FIALCOFOSTF439","level":"info","location":"SingleStoryContentHandler","msg":"Successfully found contents for stories!","status":"success","time":"2021-06-21T13:50:18Z","timestamp":"2021-06-21 13:50:18.0136429 +0000 UTC m=+680.890097001"}
{"action":"FIALCOFOSTALJ710","level":"info","location":"StoryAlbumContentHandler","msg":"Successfully found contents for story albums!","status":"success","time":"2021-06-21T13:50:18Z","timestamp":"2021-06-21 13:50:18.0147256 +0000 UTC m=+680.891179601"}
{"action":"FIALCOFOPOQ771","level":"info","location":"SinglePostContentHandler","msg":"Successfully found contents for posts!","status":"success","time":"2021-06-21T13:54:27Z","timestamp":"2021-06-21 13:54:27.5799949 +0000 UTC m=+930.456449001"}
{"action":"FIALCOFOPOALO555","level":"info","location":"PostAlbumContentHandler","msg":"Successfully found contents for post albums!","status":"success","time":"2021-06-21T13:54:27Z","timestamp":"2021-06-21 13:54:27.5825922 +0000 UTC m=+930.459046301"}
{"action":"FIALCOFOPOW474","level":"info","location":"SinglePostContentHandler","msg":"Successfully found contents for post!","status":"success","time":"2021-06-21T13:54:31Z","timestamp":"2021-06-21 13:54:31.1469934 +0000 UTC m=+934.023447401"}
{"action":"FIALCOFOPOW474","level":"info","location":"SinglePostContentHandler","msg":"Successfully found contents for post!","status":"success","time":"2021-06-21T13:56:15Z","timestamp":"2021-06-21 13:56:15.1293954 +0000 UTC m=+1038.005849401"}
{"action":"FIALCOFOPOW474","level":"info","location":"SinglePostContentHandler","msg":"Successfully found contents for post!","status":"success","time":"2021-06-21T14:01:01Z","timestamp":"2021-06-21 14:01:01.9721099 +0000 UTC m=+1324.848564001"}
{"action":"FIALCOFOPOW474","level":"info","location":"SinglePostContentHandler","msg":"Successfully found contents for post!","status":"success","time":"2021-06-21T14:14:01Z","timestamp":"2021-06-21 14:14:01.2465211 +0000 UTC m=+2104.122975101"}
{"action":"FIALCOFOPOQ771","level":"info","location":"SinglePostContentHandler","msg":"Successfully found contents for posts!","status":"success","time":"2021-06-21T14:22:23Z","timestamp":"2021-06-21 14:22:23.9662684 +0000 UTC m=+197.627883001"}
{"action":"FIALCOFOSTF439","level":"info","location":"SingleStoryContentHandler","msg":"Successfully found contents for stories!","status":"success","time":"2021-06-21T14:22:23Z","timestamp":"2021-06-21 14:22:23.9782834 +0000 UTC m=+197.639898101"}
{"action":"FIALCOFOPOQ771","level":"info","location":"SinglePostContentHandler","msg":"Successfully found contents for posts!","status":"success","time":"2021-06-21T14:22:27Z","timestamp":"2021-06-21 14:22:27.9455419 +0000 UTC m=+201.607156501"}
{"action":"FIALCOFOSTF439","level":"info","location":"SingleStoryContentHandler","msg":"Successfully found contents for stories!","status":"success","time":"2021-06-21T14:22:27Z","timestamp":"2021-06-21 14:22:27.9604497 +0000 UTC m=+201.622064401"}
{"action":"FIALCOFOPOQ771","level":"info","location":"SinglePostContentHandler","msg":"Successfully found contents for posts!","status":"success","time":"2021-06-21T14:22:48Z","timestamp":"2021-06-21 14:22:48.2796722 +0000 UTC m=+221.941286801"}
{"action":"FIALCOFOSTF439","level":"info","location":"SingleStoryContentHandler","msg":"Successfully found contents for stories!","status":"success","time":"2021-06-21T14:22:48Z","timestamp":"2021-06-21 14:22:48.2801263 +0000 UTC m=+221.941740901"}
{"action":"FIALCOFOPOALO555","level":"info","location":"PostAlbumContentHandler","msg":"Successfully found contents for post albums!","status":"success","time":"2021-06-21T14:22:48Z","timestamp":"2021-06-21 14:22:48.3017763 +0000 UTC m=+221.963390901"}
{"action":"FIALCOFOSTALJ710","level":"info","location":"StoryAlbumContentHandler","msg":"Successfully found contents for story albums!","status":"success","time":"2021-06-21T14:22:48Z","timestamp":"2021-06-21 14:22:48.3219442 +0000 UTC m=+221.983558901"}
{"action":"UPK523","level":"info","location":"SinglePostContentHandler","msg":"Successfully uploaded the media!","status":"success","time":"2021-06-21T14:23:15Z","timestamp":"2021-06-21 14:23:15.1757976 +0000 UTC m=+248.837412301"}
{"action":"CRSIPOCOB123","level":"info","location":"SinglePostContentHandler","msg":"Successfully created single post content!","status":"success","time":"2021-06-21T14:23:19Z","timestamp":"2021-06-21 14:23:19.5629002 +0000 UTC m=+253.224514901"}
{"action":"FIALCOFOPOQ771","level":"info","location":"SinglePostContentHandler","msg":"Successfully found contents for posts!","status":"success","time":"2021-06-21T14:23:24Z","timestamp":"2021-06-21 14:23:24.011555 +0000 UTC m=+257.673169601"}
{"action":"FIALCOFOSTF439","level":"info","location":"SingleStoryContentHandler","msg":"Successfully found contents for stories!","status":"success","time":"2021-06-21T14:23:24Z","timestamp":"2021-06-21 14:23:24.0124714 +0000 UTC m=+257.674086001"}
{"action":"FIALCOFOPOALO555","level":"info","location":"PostAlbumContentHandler","msg":"Successfully found contents for post albums!","status":"success","time":"2021-06-21T14:23:24Z","timestamp":"2021-06-21 14:23:24.0188224 +0000 UTC m=+257.680437001"}
{"action":"FIALCOFOSTALJ710","level":"info","location":"StoryAlbumContentHandler","msg":"Successfully found contents for story albums!","status":"success","time":"2021-06-21T14:23:24Z","timestamp":"2021-06-21 14:23:24.0215468 +0000 UTC m=+257.683161501"}
{"action":"FIALCOFOPOQ771","level":"info","location":"SinglePostContentHandler","msg":"Successfully found contents for posts!","status":"success","time":"2021-06-21T14:28:29Z","timestamp":"2021-06-21 14:28:29.0508938 +0000 UTC m=+172.569795301"}
{"action":"FIALCOFOSTF439","level":"info","location":"SingleStoryContentHandler","msg":"Successfully found contents for stories!","status":"success","time":"2021-06-21T14:28:29Z","timestamp":"2021-06-21 14:28:29.0651563 +0000 UTC m=+172.584057801"}
{"action":"FIALCOFOPOQ771","level":"info","location":"SinglePostContentHandler","msg":"Successfully found contents for posts!","status":"success","time":"2021-06-21T14:28:32Z","timestamp":"2021-06-21 14:28:32.9650377 +0000 UTC m=+176.483939301"}
{"action":"FIALCOFOSTF439","level":"info","location":"SingleStoryContentHandler","msg":"Successfully found contents for stories!","status":"success","time":"2021-06-21T14:28:32Z","timestamp":"2021-06-21 14:28:32.9662213 +0000 UTC m=+176.485122901"}
{"action":"UPK523","level":"info","location":"SinglePostContentHandler","msg":"Successfully uploaded the media!","status":"success","time":"2021-06-21T14:28:48Z","timestamp":"2021-06-21 14:28:48.5064719 +0000 UTC m=+192.025373401"}
{"action":"CRSIPOCOB123","level":"info","location":"SinglePostContentHandler","msg":"Successfully created single post content!","status":"success","time":"2021-06-21T14:28:52Z","timestamp":"2021-06-21 14:28:52.8930861 +0000 UTC m=+196.411987701"}
{"action":"FIALCOFOPOQ771","level":"info","location":"SinglePostContentHandler","msg":"Successfully found contents for posts!","status":"success","time":"2021-06-21T14:29:04Z","timestamp":"2021-06-21 14:29:04.8560878 +0000 UTC m=+208.374989301"}
{"action":"FIALCOFOPOALO555","level":"info","location":"PostAlbumContentHandler","msg":"Successfully found contents for post albums!","status":"success","time":"2021-06-21T14:29:04Z","timestamp":"2021-06-21 14:29:04.8676782 +0000 UTC m=+208.386579701"}
{"action":"FIALCOFOSTF439","level":"info","location":"SingleStoryContentHandler","msg":"Successfully found contents for stories!","status":"success","time":"2021-06-21T14:29:04Z","timestamp":"2021-06-21 14:29:04.8680946 +0000 UTC m=+208.386996201"}
{"action":"FIALCOFOSTALJ710","level":"info","location":"StoryAlbumContentHandler","msg":"Successfully found contents for story albums!","status":"success","time":"2021-06-21T14:29:04Z","timestamp":"2021-06-21 14:29:04.8788215 +0000 UTC m=+208.397723101"}
{"action":"FIALCOFOPOQ771","level":"info","location":"SinglePostContentHandler","msg":"Successfully found contents for posts!","status":"success","time":"2021-06-21T14:30:00Z","timestamp":"2021-06-21 14:30:00.0078825 +0000 UTC m=+263.526784001"}
{"action":"FIALCOFOPOALO555","level":"info","location":"PostAlbumContentHandler","msg":"Successfully found contents for post albums!","status":"success","time":"2021-06-21T14:30:00Z","timestamp":"2021-06-21 14:30:00.018126 +0000 UTC m=+263.537027501"}
{"action":"FIALCOFOSTALJ710","level":"info","location":"StoryAlbumContentHandler","msg":"Successfully found contents for story albums!","status":"success","time":"2021-06-21T14:30:00Z","timestamp":"2021-06-21 14:30:00.0255968 +0000 UTC m=+263.544498401"}
{"action":"FIALCOFOSTF439","level":"info","location":"SingleStoryContentHandler","msg":"Successfully found contents for stories!","status":"success","time":"2021-06-21T14:30:00Z","timestamp":"2021-06-21 14:30:00.0325043 +0000 UTC m=+263.551405901"}
{"action":"FIALCOFOPOQ771","level":"info","location":"SinglePostContentHandler","msg":"Successfully found contents for posts!","status":"success","time":"2021-06-21T14:30:03Z","timestamp":"2021-06-21 14:30:03.6341433 +0000 UTC m=+267.153044901"}
{"action":"FIALCOFOSTF439","level":"info","location":"SingleStoryContentHandler","msg":"Successfully found contents for stories!","status":"success","time":"2021-06-21T14:30:03Z","timestamp":"2021-06-21 14:30:03.6421938 +0000 UTC m=+267.161095401"}
{"action":"FIALCOFOPOQ771","level":"info","location":"SinglePostContentHandler","msg":"Successfully found contents for posts!","status":"success","time":"2021-06-21T14:30:08Z","timestamp":"2021-06-21 14:30:08.4205727 +0000 UTC m=+271.939474301"}
{"action":"FIALCOFOSTF439","level":"info","location":"SingleStoryContentHandler","msg":"Successfully found contents for stories!","status":"success","time":"2021-06-21T14:30:08Z","timestamp":"2021-06-21 14:30:08.4511148 +0000 UTC m=+271.970016301"}
{"action":"FIALCOFOPOQ771","level":"info","location":"SinglePostContentHandler","msg":"Successfully found contents for posts!","status":"success","time":"2021-06-21T14:30:15Z","timestamp":"2021-06-21 14:30:15.0534057 +0000 UTC m=+278.572307201"}
{"action":"FIALCOFOPOALO555","level":"info","location":"PostAlbumContentHandler","msg":"Successfully found contents for post albums!","status":"success","time":"2021-06-21T14:30:15Z","timestamp":"2021-06-21 14:30:15.0579967 +0000 UTC m=+278.576898201"}
{"action":"FIALCOFOPOW474","level":"info","location":"SinglePostContentHandler","msg":"Successfully found contents for post!","status":"success","time":"2021-06-21T14:30:16Z","timestamp":"2021-06-21 14:30:16.313274 +0000 UTC m=+279.832175601"}
{"action":"FIALCOFOPOQ771","level":"info","location":"SinglePostContentHandler","msg":"Successfully found contents for posts!","status":"success","time":"2021-06-21T14:46:58Z","timestamp":"2021-06-21 14:46:58.6061999 +0000 UTC m=+163.104812801"}
{"action":"FIALCOFOSTF439","level":"info","location":"SingleStoryContentHandler","msg":"Successfully found contents for stories!","status":"success","time":"2021-06-21T14:46:58Z","timestamp":"2021-06-21 14:46:58.6198329 +0000 UTC m=+163.118445701"}
{"action":"FIALCOFOPOQ771","level":"info","location":"SinglePostContentHandler","msg":"Successfully found contents for posts!","status":"success","time":"2021-06-21T14:47:03Z","timestamp":"2021-06-21 14:47:03.8966415 +0000 UTC m=+168.395254401"}
{"action":"FIALCOFOSTF439","level":"info","location":"SingleStoryContentHandler","msg":"Successfully found contents for stories!","status":"success","time":"2021-06-21T14:47:03Z","timestamp":"2021-06-21 14:47:03.9347161 +0000 UTC m=+168.433328901"}
{"action":"UPK523","level":"info","location":"SinglePostContentHandler","msg":"Successfully uploaded the media!","status":"success","time":"2021-06-21T14:47:41Z","timestamp":"2021-06-21 14:47:41.2868155 +0000 UTC m=+205.785428401"}
{"action":"CRSIPOCOB123","level":"info","location":"SinglePostContentHandler","msg":"Successfully created single post content!","status":"success","time":"2021-06-21T14:47:45Z","timestamp":"2021-06-21 14:47:45.465112 +0000 UTC m=+209.963724901"}
{"action":"FIALCOFOSTF439","level":"info","location":"SingleStoryContentHandler","msg":"Successfully found contents for stories!","status":"success","time":"2021-06-21T14:47:50Z","timestamp":"2021-06-21 14:47:50.685846 +0000 UTC m=+215.184458901"}
{"action":"FIALCOFOPOQ771","level":"info","location":"SinglePostContentHandler","msg":"Successfully found contents for posts!","status":"success","time":"2021-06-21T14:47:50Z","timestamp":"2021-06-21 14:47:50.6930492 +0000 UTC m=+215.191662101"}
{"action":"FIALCOFOSTALJ710","level":"info","location":"StoryAlbumContentHandler","msg":"Successfully found contents for story albums!","status":"success","time":"2021-06-21T14:47:50Z","timestamp":"2021-06-21 14:47:50.6940025 +0000 UTC m=+215.192615401"}
{"action":"FIALCOFOPOALO555","level":"info","location":"PostAlbumContentHandler","msg":"Successfully found contents for post albums!","status":"success","time":"2021-06-21T14:47:50Z","timestamp":"2021-06-21 14:47:50.7126962 +0000 UTC m=+215.211309001"}
{"action":"FIALCOFOPOQ771","level":"info","location":"SinglePostContentHandler","msg":"Successfully found contents for posts!","status":"success","time":"2021-06-21T14:48:14Z","timestamp":"2021-06-21 14:48:14.2855934 +0000 UTC m=+238.784206201"}
{"action":"FIALCOFOSTF439","level":"info","location":"SingleStoryContentHandler","msg":"Successfully found contents for stories!","status":"success","time":"2021-06-21T14:48:14Z","timestamp":"2021-06-21 14:48:14.2859993 +0000 UTC m=+238.784612201"}
{"action":"FIALCOFOPOQ771","level":"info","location":"SinglePostContentHandler","msg":"Successfully found contents for posts!","status":"success","time":"2021-06-21T14:48:19Z","timestamp":"2021-06-21 14:48:19.4337542 +0000 UTC m=+243.932367001"}
{"action":"FIALCOFOSTF439","level":"info","location":"SingleStoryContentHandler","msg":"Successfully found contents for stories!","status":"success","time":"2021-06-21T14:48:19Z","timestamp":"2021-06-21 14:48:19.4644938 +0000 UTC m=+243.963106701"}
{"action":"FIALCOFOSTF439","level":"info","location":"SingleStoryContentHandler","msg":"Successfully found contents for stories!","status":"success","time":"2021-06-21T14:48:34Z","timestamp":"2021-06-21 14:48:34.2868364 +0000 UTC m=+258.785449301"}
{"action":"FIALCOFOSTALJ710","level":"info","location":"StoryAlbumContentHandler","msg":"Successfully found contents for story albums!","status":"success","time":"2021-06-21T14:48:34Z","timestamp":"2021-06-21 14:48:34.3029931 +0000 UTC m=+258.801606001"}
{"action":"FIALCOFOPOQ771","level":"info","location":"SinglePostContentHandler","msg":"Successfully found contents for posts!","status":"success","time":"2021-06-21T14:48:36Z","timestamp":"2021-06-21 14:48:36.0905528 +0000 UTC m=+260.589165701"}
{"action":"FIALCOFOPOALO555","level":"info","location":"PostAlbumContentHandler","msg":"Successfully found contents for post albums!","status":"success","time":"2021-06-21T14:48:36Z","timestamp":"2021-06-21 14:48:36.0943607 +0000 UTC m=+260.592973601"}
{"action":"FIALCOFOPOW474","level":"info","location":"SinglePostContentHandler","msg":"Successfully found contents for post!","status":"success","time":"2021-06-21T14:48:37Z","timestamp":"2021-06-21 14:48:37.9925311 +0000 UTC m=+262.491144001"}
