{"action":"FIDALSTORISFORLOGGUS0213","level":"info","location":"SingleStoryHandler","msg":"Successfully founded all stories for logged user!","status":"success","time":"2021-06-12T14:13:21Z","timestamp":"2021-06-12 14:13:21.0786851 +0000 UTC m=+289.022904501"}
{"action":"FIDALALBSTORISFORLOGGUS8293","level":"info","location":"StoryAlbumHandler","msg":"Successfully founded all album stories for logged user!","status":"success","time":"2021-06-12T14:13:21Z","timestamp":"2021-06-12 14:13:21.095107 +0000 UTC m=+289.039326401"}
{"action":"FIDALSTORISFORLOGGUS0213","level":"info","location":"SingleStoryHandler","msg":"Successfully founded all stories for logged user!","status":"success","time":"2021-06-12T14:13:34Z","timestamp":"2021-06-12 14:13:34.6601405 +0000 UTC m=+302.604360001"}
{"action":"FIDALALBSTORISFORLOGGUS8293","level":"info","location":"StoryAlbumHandler","msg":"Successfully founded all album stories for logged user!","status":"success","time":"2021-06-12T14:13:34Z","timestamp":"2021-06-12 14:13:34.6750807 +0000 UTC m=+302.619300101"}
{"action":"FIDALSTRYHIGHLHTSFORUS8882","level":"info","location":"StoryHighlightHandler","msg":"Successfully founded all story highlights for user!","status":"success","time":"2021-06-12T14:14:49Z","timestamp":"2021-06-12 14:14:49.7846774 +0000 UTC m=+377.728896801"}
{"action":"FIDALSTORISFORLOGGUS0213","level":"info","location":"SingleStoryHandler","msg":"Successfully founded all stories for logged user!","status":"success","time":"2021-06-12T14:25:23Z","timestamp":"2021-06-12 14:25:23.2327054 +0000 UTC m=+204.296983801"}
{"action":"FIDALALBSTORISFORLOGGUS8293","level":"info","location":"StoryAlbumHandler","msg":"Successfully founded all album stories for logged user!","status":"success","time":"2021-06-12T14:25:23Z","timestamp":"2021-06-12 14:25:23.2381823 +0000 UTC m=+204.302460701"}
{"action":"FIDALSTORISFORLOGGUS0213","level":"info","location":"SingleStoryHandler","msg":"Successfully founded all stories for logged user!","status":"success","time":"2021-06-13T05:31:40Z","timestamp":"2021-06-13 05:31:40.0500672 +0000 UTC m=+1044.274342101"}
{"action":"FIDALALBSTORISFORLOGGUS8293","level":"info","location":"StoryAlbumHandler","msg":"Successfully founded all album stories for logged user!","status":"success","time":"2021-06-13T05:31:40Z","timestamp":"2021-06-13 05:31:40.0522676 +0000 UTC m=+1044.276542501"}
{"action":"FIDALSTORISFORLOGGUS0213","level":"info","location":"SingleStoryHandler","msg":"Successfully founded all stories for logged user!","status":"success","time":"2021-06-13T05:55:37Z","timestamp":"2021-06-13 05:55:37.6629036 +0000 UTC m=+266.407289601"}
{"action":"FIDALALBSTORISFORLOGGUS8293","level":"info","location":"StoryAlbumHandler","msg":"Successfully founded all album stories for logged user!","status":"success","time":"2021-06-13T05:55:37Z","timestamp":"2021-06-13 05:55:37.6824499 +0000 UTC m=+266.426835901"}
{"action":"FIDALSTORISFORLOGGUS0213","level":"info","location":"SingleStoryHandler","msg":"Successfully founded all stories for logged user!","status":"success","time":"2021-06-13T06:12:00Z","timestamp":"2021-06-13 06:12:00.1682894 +0000 UTC m=+339.212047701"}
{"action":"FIDALALBSTORISFORLOGGUS8293","level":"info","location":"StoryAlbumHandler","msg":"Successfully founded all album stories for logged user!","status":"success","time":"2021-06-13T06:12:00Z","timestamp":"2021-06-13 06:12:00.1742934 +0000 UTC m=+339.218051601"}
{"action":"FIDALSTORISFORUSREGUS9322","level":"info","location":"SingleStoryHandler","msg":"Successfully founded all stories for user registered user!","status":"success","time":"2021-06-20T15:17:56Z","timestamp":"2021-06-20 15:17:56.1447786 +0000 UTC m=+724.449457301"}
{"action":"FIDALSTORISFORUSREGUS9322","level":"info","location":"SingleStoryHandler","msg":"Successfully founded all stories for user registered user!","status":"success","time":"2021-06-20T15:18:08Z","timestamp":"2021-06-20 15:18:08.4273559 +0000 UTC m=+736.732034601"}
{"action":"FIDALSTORISFORLOGGUS0213","level":"info","location":"SingleStoryHandler","msg":"Successfully founded all stories for logged user!","status":"success","time":"2021-06-20T15:18:13Z","timestamp":"2021-06-20 15:18:13.613161 +0000 UTC m=+741.917839701"}
{"action":"FIDALALBSTORISFORLOGGUS8293","level":"info","location":"StoryAlbumHandler","msg":"Successfully founded all album stories for logged user!","status":"success","time":"2021-06-20T15:18:13Z","timestamp":"2021-06-20 15:18:13.6371873 +0000 UTC m=+741.941866001"}
{"action":"CRSINGLSTRY9023","level":"info","location":"SingleStoryHandler","msg":"Successfully created single story!","status":"success","time":"2021-06-20T15:18:42Z","timestamp":"2021-06-20 15:18:42.5602968 +0000 UTC m=+770.864975401"}
{"action":"CRSTORISDTOLST0914","level":"info","location":"SingleStoryHandler","msg":"Successfully created StoryDTO objects!","status":"success","time":"2021-06-20T15:18:50Z","timestamp":"2021-06-20 15:18:50.2199909 +0000 UTC m=+778.524669501"}
{"action":"FIDALSTORISFORLOGGUS0213","level":"info","location":"SingleStoryHandler","msg":"Successfully founded all stories for logged user!","status":"success","time":"2021-06-20T15:18:50Z","timestamp":"2021-06-20 15:18:50.2277744 +0000 UTC m=+778.532453101"}
{"action":"FIDALALBSTORISFORLOGGUS8293","level":"info","location":"StoryAlbumHandler","msg":"Successfully founded all album stories for logged user!","status":"success","time":"2021-06-20T15:18:50Z","timestamp":"2021-06-20 15:18:50.2320716 +0000 UTC m=+778.536750201"}
{"action":"FIDALSTORISFORUSREGUS9322","level":"info","location":"SingleStoryHandler","msg":"Successfully founded all stories for user registered user!","status":"success","time":"2021-06-20T15:19:15Z","timestamp":"2021-06-20 15:19:15.5186142 +0000 UTC m=+803.823292801"}
{"action":"FIDALSTORISFORUSREGUS9322","level":"info","location":"SingleStoryHandler","msg":"Successfully founded all stories for user registered user!","status":"success","time":"2021-06-20T15:19:19Z","timestamp":"2021-06-20 15:19:19.4712716 +0000 UTC m=+807.775950301"}
{"action":"CRSINGLSTRY9023","level":"info","location":"SingleStoryHandler","msg":"Successfully created single story!","status":"success","time":"2021-06-20T15:20:17Z","timestamp":"2021-06-20 15:20:17.7584022 +0000 UTC m=+866.063080801"}
{"action":"CRSTORISDTOLST0914","level":"info","location":"SingleStoryHandler","msg":"Successfully created StoryDTO objects!","status":"success","time":"2021-06-20T15:20:25Z","timestamp":"2021-06-20 15:20:25.4788544 +0000 UTC m=+873.783533101"}
{"action":"FIDALSTORISFORLOGGUS0213","level":"info","location":"SingleStoryHandler","msg":"Successfully founded all stories for logged user!","status":"success","time":"2021-06-20T15:20:25Z","timestamp":"2021-06-20 15:20:25.4797835 +0000 UTC m=+873.784462101"}
{"action":"FIDALALBSTORISFORLOGGUS8293","level":"info","location":"StoryAlbumHandler","msg":"Successfully founded all album stories for logged user!","status":"success","time":"2021-06-20T15:20:25Z","timestamp":"2021-06-20 15:20:25.5082769 +0000 UTC m=+873.812955501"}
{"action":"FIDALPUBALBSTORISREGUS9012","level":"info","location":"StoryAlbumHandler","msg":"Successfully founded all public album stories registered user!","status":"success","time":"2021-06-20T15:20:34Z","timestamp":"2021-06-20 15:20:34.6788801 +0000 UTC m=+882.983558801"}
{"action":"FIDALPUBSTORISREGUS9823","level":"info","location":"SingleStoryHandler","msg":"Successfully founded all public stories registered user!","status":"success","time":"2021-06-20T15:20:34Z","timestamp":"2021-06-20 15:20:34.6818509 +0000 UTC m=+882.986529501"}
{"action":"CRSTORISDTOLST0914","level":"info","location":"SingleStoryHandler","msg":"Successfully created StoryDTO objects!","status":"success","time":"2021-06-20T15:20:42Z","timestamp":"2021-06-20 15:20:42.2756562 +0000 UTC m=+890.580334801"}
{"action":"FIDALSTORISFORLOGGUS0213","level":"info","location":"SingleStoryHandler","msg":"Successfully founded all stories for logged user!","status":"success","time":"2021-06-20T15:20:42Z","timestamp":"2021-06-20 15:20:42.2774754 +0000 UTC m=+890.582154101"}
{"action":"FIDALALBSTORISFORLOGGUS8293","level":"info","location":"StoryAlbumHandler","msg":"Successfully founded all album stories for logged user!","status":"success","time":"2021-06-20T15:20:42Z","timestamp":"2021-06-20 15:20:42.2832932 +0000 UTC m=+890.587971801"}
{"action":"FIDALFOLLINGSTRYALBMS0910","level":"info","location":"StoryAlbumHandler","msg":"Successfully founded all following story albums!","status":"success","time":"2021-06-20T15:21:10Z","timestamp":"2021-06-20 15:21:10.0916523 +0000 UTC m=+918.396331001"}
{"action":"FIDALFOLLINGSTORIS8329","level":"info","location":"SingleStoryHandler","msg":"Successfully founded all following stories!","status":"success","time":"2021-06-20T15:21:10Z","timestamp":"2021-06-20 15:21:10.0959735 +0000 UTC m=+918.400652101"}
{"action":"FIDALPUBSTORISREGUS9823","level":"info","location":"SingleStoryHandler","msg":"Successfully founded all public stories registered user!","status":"success","time":"2021-06-20T15:21:12Z","timestamp":"2021-06-20 15:21:12.3678592 +0000 UTC m=+920.672537901"}
{"action":"FIDALPUBALBSTORISREGUS9012","level":"info","location":"StoryAlbumHandler","msg":"Successfully founded all public album stories registered user!","status":"success","time":"2021-06-20T15:21:12Z","timestamp":"2021-06-20 15:21:12.3708262 +0000 UTC m=+920.675504901"}
{"action":"CRSTORISDTOLST0914","level":"info","location":"SingleStoryHandler","msg":"Successfully created StoryDTO objects!","status":"success","time":"2021-06-20T15:21:28Z","timestamp":"2021-06-20 15:21:28.9472239 +0000 UTC m=+937.251902501"}
{"action":"FIDALSTORISFORUSREGUS9322","level":"info","location":"SingleStoryHandler","msg":"Successfully founded all stories for user registered user!","status":"success","time":"2021-06-20T15:21:28Z","timestamp":"2021-06-20 15:21:28.9478368 +0000 UTC m=+937.252515501"}
{"action":"FIDALFOLLINGSTORIS8329","level":"info","location":"SingleStoryHandler","msg":"Successfully founded all following stories!","status":"success","time":"2021-06-20T15:21:44Z","timestamp":"2021-06-20 15:21:44.6333621 +0000 UTC m=+952.938040701"}
{"action":"FIDALFOLLINGSTRYALBMS0910","level":"info","location":"StoryAlbumHandler","msg":"Successfully founded all following story albums!","status":"success","time":"2021-06-20T15:21:44Z","timestamp":"2021-06-20 15:21:44.6366423 +0000 UTC m=+952.941320901"}
{"action":"FIDALPUBSTORISREGUS9823","level":"info","location":"SingleStoryHandler","msg":"Successfully founded all public stories registered user!","status":"success","time":"2021-06-20T15:21:49Z","timestamp":"2021-06-20 15:21:49.5556513 +0000 UTC m=+957.860329901"}
{"action":"FIDALPUBALBSTORISREGUS9012","level":"info","location":"StoryAlbumHandler","msg":"Successfully founded all public album stories registered user!","status":"success","time":"2021-06-20T15:21:49Z","timestamp":"2021-06-20 15:21:49.5589823 +0000 UTC m=+957.863661001"}
{"action":"CRSINGLSTRY9023","level":"info","location":"SingleStoryHandler","msg":"Successfully created single story!","status":"success","time":"2021-06-20T15:47:40Z","timestamp":"2021-06-20 15:47:40.7332116 +0000 UTC m=+148.357199001"}
{"action":"FIDALALBSTORISFORLOGGUS8293","level":"info","location":"StoryAlbumHandler","msg":"Successfully founded all album stories for logged user!","status":"success","time":"2021-06-20T15:47:45Z","timestamp":"2021-06-20 15:47:45.6498583 +0000 UTC m=+153.273845801"}
{"action":"CRSTORISDTOLST0914","level":"info","location":"SingleStoryHandler","msg":"Successfully created StoryDTO objects!","status":"success","time":"2021-06-20T15:47:45Z","timestamp":"2021-06-20 15:47:45.6663869 +0000 UTC m=+153.290374301"}
{"action":"FIDALSTORISFORLOGGUS0213","level":"info","location":"SingleStoryHandler","msg":"Successfully founded all stories for logged user!","status":"success","time":"2021-06-20T15:47:45Z","timestamp":"2021-06-20 15:47:45.6670557 +0000 UTC m=+153.291043201"}
{"action":"FIDALPUBALBSTORISREGUS9012","level":"info","location":"StoryAlbumHandler","msg":"Successfully founded all public album stories registered user!","status":"success","time":"2021-06-20T15:48:58Z","timestamp":"2021-06-20 15:48:58.9196982 +0000 UTC m=+226.543685701"}
{"action":"CRSTORISDTOLST0914","level":"info","location":"SingleStoryHandler","msg":"Successfully created StoryDTO objects!","status":"success","time":"2021-06-20T15:48:58Z","timestamp":"2021-06-20 15:48:58.9238837 +0000 UTC m=+226.547871101"}
{"action":"FIDALPUBSTORISREGUS9823","level":"info","location":"SingleStoryHandler","msg":"Successfully founded all public stories registered user!","status":"success","time":"2021-06-20T15:48:58Z","timestamp":"2021-06-20 15:48:58.9244218 +0000 UTC m=+226.548409301"}
{"action":"CRSTORISDTOLST0914","level":"info","location":"SingleStoryHandler","msg":"Successfully created StoryDTO objects!","status":"success","time":"2021-06-20T15:49:06Z","timestamp":"2021-06-20 15:49:06.9957984 +0000 UTC m=+234.619785901"}
{"action":"FIDALSTORISFORUSREGUS9322","level":"info","location":"SingleStoryHandler","msg":"Successfully founded all stories for user registered user!","status":"success","time":"2021-06-20T15:49:06Z","timestamp":"2021-06-20 15:49:06.9966244 +0000 UTC m=+234.620611801"}
{"action":"FIDALPUBSTORISREGUS9823","level":"info","location":"SingleStoryHandler","msg":"Successfully founded all public stories registered user!","status":"success","time":"2021-06-20T15:49:18Z","timestamp":"2021-06-20 15:49:18.6171875 +0000 UTC m=+246.241175001"}
{"action":"FIDALPUBALBSTORISREGUS9012","level":"info","location":"StoryAlbumHandler","msg":"Successfully founded all public album stories registered user!","status":"success","time":"2021-06-20T15:49:18Z","timestamp":"2021-06-20 15:49:18.6279078 +0000 UTC m=+246.251895301"}
{"action":"CRSTORISDTOLST0914","level":"info","location":"SingleStoryHandler","msg":"Successfully created StoryDTO objects!","status":"success","time":"2021-06-20T15:49:32Z","timestamp":"2021-06-20 15:49:32.5814155 +0000 UTC m=+260.205403001"}
{"action":"FIDALSTORISFORUSREGUS9322","level":"info","location":"SingleStoryHandler","msg":"Successfully founded all stories for user registered user!","status":"success","time":"2021-06-20T15:49:32Z","timestamp":"2021-06-20 15:49:32.5818693 +0000 UTC m=+260.205856801"}
{"action":"CRSTORISDTOLST0914","level":"info","location":"SingleStoryHandler","msg":"Successfully created StoryDTO objects!","status":"success","time":"2021-06-20T15:49:39Z","timestamp":"2021-06-20 15:49:39.0617719 +0000 UTC m=+266.685759301"}
{"action":"FIDALSTORISFORUSREGUS9322","level":"info","location":"SingleStoryHandler","msg":"Successfully founded all stories for user registered user!","status":"success","time":"2021-06-20T15:49:39Z","timestamp":"2021-06-20 15:49:39.0626903 +0000 UTC m=+266.686677701"}
{"action":"FIDALFOLLINGSTORIS8329","level":"info","location":"SingleStoryHandler","msg":"Successfully founded all following stories!","status":"success","time":"2021-06-20T15:49:41Z","timestamp":"2021-06-20 15:49:41.2914044 +0000 UTC m=+268.915391801"}
{"action":"FIDALFOLLINGSTRYALBMS0910","level":"info","location":"StoryAlbumHandler","msg":"Successfully founded all following story albums!","status":"success","time":"2021-06-20T15:49:41Z","timestamp":"2021-06-20 15:49:41.293202 +0000 UTC m=+268.917189501"}
{"action":"CRSTORISDTOLST0914","level":"info","location":"SingleStoryHandler","msg":"Successfully created StoryDTO objects!","status":"success","time":"2021-06-20T15:49:55Z","timestamp":"2021-06-20 15:49:55.8539444 +0000 UTC m=+283.477931801"}
{"action":"FIDALSTORISFORUSREGUS9322","level":"info","location":"SingleStoryHandler","msg":"Successfully founded all stories for user registered user!","status":"success","time":"2021-06-20T15:49:55Z","timestamp":"2021-06-20 15:49:55.856648 +0000 UTC m=+283.480635401"}
{"action":"FIDALSTORISFORLOGGUS0213","level":"info","location":"SingleStoryHandler","msg":"Successfully founded all stories for logged user!","status":"success","time":"2021-06-20T17:22:07Z","timestamp":"2021-06-20 17:22:07.9688627 +0000 UTC m=+219.640625501"}
{"action":"FIDALALBSTORISFORLOGGUS8293","level":"info","location":"StoryAlbumHandler","msg":"Successfully founded all album stories for logged user!","status":"success","time":"2021-06-20T17:22:07Z","timestamp":"2021-06-20 17:22:07.9850248 +0000 UTC m=+219.656787601"}
{"action":"FIDALSTORISFORUSREGUS9322","level":"info","location":"SingleStoryHandler","msg":"Successfully founded all stories for user registered user!","status":"success","time":"2021-06-20T17:23:14Z","timestamp":"2021-06-20 17:23:14.4731198 +0000 UTC m=+286.144882601"}
{"action":"FIDALSTORISFORLOGGUS0213","level":"info","location":"SingleStoryHandler","msg":"Successfully founded all stories for logged user!","status":"success","time":"2021-06-20T17:30:24Z","timestamp":"2021-06-20 17:30:24.1799307 +0000 UTC m=+212.015139501"}
{"action":"FIDALALBSTORISFORLOGGUS8293","level":"info","location":"StoryAlbumHandler","msg":"Successfully founded all album stories for logged user!","status":"success","time":"2021-06-20T17:30:24Z","timestamp":"2021-06-20 17:30:24.197229 +0000 UTC m=+212.032437801"}
{"action":"FIDALSTORISFORUSREGUS9322","level":"info","location":"SingleStoryHandler","msg":"Successfully founded all stories for user registered user!","status":"success","time":"2021-06-20T17:31:50Z","timestamp":"2021-06-20 17:31:50.208222 +0000 UTC m=+298.043430701"}
{"action":"FIDALSTORISFORUSREGUS9322","level":"info","location":"SingleStoryHandler","msg":"Successfully founded all stories for user registered user!","status":"success","time":"2021-06-20T17:31:58Z","timestamp":"2021-06-20 17:31:58.9196125 +0000 UTC m=+306.754821201"}
{"action":"FIDALSTORISFORUSREGUS9322","level":"info","location":"SingleStoryHandler","msg":"Successfully founded all stories for user registered user!","status":"success","time":"2021-06-21T07:53:21Z","timestamp":"2021-06-21 07:53:21.206266 +0000 UTC m=+241.607460801"}
{"action":"FIDALSTORISFORUSREGUS9322","level":"info","location":"SingleStoryHandler","msg":"Successfully founded all stories for user registered user!","status":"success","time":"2021-06-21T07:53:31Z","timestamp":"2021-06-21 07:53:31.9406476 +0000 UTC m=+252.341842301"}
{"action":"FIDALSTORISFORUSREGUS9322","level":"info","location":"SingleStoryHandler","msg":"Successfully founded all stories for user registered user!","status":"success","time":"2021-06-21T07:54:22Z","timestamp":"2021-06-21 07:54:22.6552504 +0000 UTC m=+303.056445201"}
{"action":"FIDALSTORISFORUSREGUS9322","level":"info","location":"SingleStoryHandler","msg":"Successfully founded all stories for user registered user!","status":"success","time":"2021-06-21T07:56:51Z","timestamp":"2021-06-21 07:56:51.7763919 +0000 UTC m=+452.177586601"}
{"action":"FIDALSTORISFORUSREGUS9322","level":"info","location":"SingleStoryHandler","msg":"Successfully founded all stories for user registered user!","status":"success","time":"2021-06-21T07:57:03Z","timestamp":"2021-06-21 07:57:03.0295116 +0000 UTC m=+463.430706401"}
{"action":"FIDALSTORISFORUSREGUS9322","level":"info","location":"SingleStoryHandler","msg":"Successfully founded all stories for user registered user!","status":"success","time":"2021-06-21T08:04:34Z","timestamp":"2021-06-21 08:04:34.9636344 +0000 UTC m=+185.518449701"}
{"action":"FIDALSTORISFORUSREGUS9322","level":"info","location":"SingleStoryHandler","msg":"Successfully founded all stories for user registered user!","status":"success","time":"2021-06-21T08:04:42Z","timestamp":"2021-06-21 08:04:42.6534362 +0000 UTC m=+193.208251601"}
{"action":"FIDALSTORISFORUSREGUS9322","level":"info","location":"SingleStoryHandler","msg":"Successfully founded all stories for user registered user!","status":"success","time":"2021-06-21T08:05:00Z","timestamp":"2021-06-21 08:05:00.8931739 +0000 UTC m=+211.447989301"}
{"action":"FIDALSTORISFORUSREGUS9322","level":"info","location":"SingleStoryHandler","msg":"Successfully founded all stories for user registered user!","status":"success","time":"2021-06-21T08:05:53Z","timestamp":"2021-06-21 08:05:53.0744329 +0000 UTC m=+263.629248301"}
{"action":"FIDALSTORISFORUSREGUS9322","level":"info","location":"SingleStoryHandler","msg":"Successfully founded all stories for user registered user!","status":"success","time":"2021-06-21T08:22:32Z","timestamp":"2021-06-21 08:22:32.2545994 +0000 UTC m=+174.455338701"}
{"action":"FIDALSTORISFORUSREGUS9322","level":"info","location":"SingleStoryHandler","msg":"Successfully founded all stories for user registered user!","status":"success","time":"2021-06-21T08:22:37Z","timestamp":"2021-06-21 08:22:37.8851859 +0000 UTC m=+180.085925101"}
{"action":"FIDALSTORISFORUSREGUS9322","level":"info","location":"SingleStoryHandler","msg":"Successfully founded all stories for user registered user!","status":"success","time":"2021-06-21T08:22:45Z","timestamp":"2021-06-21 08:22:45.7538854 +0000 UTC m=+187.954624701"}
{"action":"FIDALSTORISFORUSREGUS9322","level":"info","location":"SingleStoryHandler","msg":"Successfully founded all stories for user registered user!","status":"success","time":"2021-06-21T08:22:54Z","timestamp":"2021-06-21 08:22:54.4395233 +0000 UTC m=+196.640262701"}
{"action":"FIDALSTORISFORUSREGUS9322","level":"info","location":"SingleStoryHandler","msg":"Successfully founded all stories for user registered user!","status":"success","time":"2021-06-21T08:23:57Z","timestamp":"2021-06-21 08:23:57.3883966 +0000 UTC m=+259.589135801"}
{"action":"FIDALSTORISFORUSREGUS9322","level":"info","location":"SingleStoryHandler","msg":"Successfully founded all stories for user registered user!","status":"success","time":"2021-06-21T08:24:48Z","timestamp":"2021-06-21 08:24:48.5381387 +0000 UTC m=+310.738878001"}
{"action":"FIDALSTORISFORUSREGUS9322","level":"info","location":"SingleStoryHandler","msg":"Successfully founded all stories for user registered user!","status":"success","time":"2021-06-21T08:33:39Z","timestamp":"2021-06-21 08:33:39.2042168 +0000 UTC m=+144.157599101"}
{"action":"FIDALSTORISFORUSREGUS9322","level":"info","location":"SingleStoryHandler","msg":"Successfully founded all stories for user registered user!","status":"success","time":"2021-06-21T08:33:49Z","timestamp":"2021-06-21 08:33:49.644118 +0000 UTC m=+154.597500201"}
{"action":"FIDALSTORISFORUSREGUS9322","level":"info","location":"SingleStoryHandler","msg":"Successfully founded all stories for user registered user!","status":"success","time":"2021-06-21T08:42:23Z","timestamp":"2021-06-21 08:42:23.2796733 +0000 UTC m=+207.579343001"}
{"action":"FIDALSTORISFORUSREGUS9322","level":"info","location":"SingleStoryHandler","msg":"Successfully founded all stories for user registered user!","status":"success","time":"2021-06-21T08:42:30Z","timestamp":"2021-06-21 08:42:30.3956834 +0000 UTC m=+214.695353101"}
{"action":"FIDALSTORISFORUSREGUS9322","level":"info","location":"SingleStoryHandler","msg":"Successfully founded all stories for user registered user!","status":"success","time":"2021-06-21T08:42:40Z","timestamp":"2021-06-21 08:42:40.1873977 +0000 UTC m=+224.487067301"}
{"action":"FIDALSTORISFORUSREGUS9322","level":"info","location":"SingleStoryHandler","msg":"Successfully founded all stories for user registered user!","status":"success","time":"2021-06-21T08:42:50Z","timestamp":"2021-06-21 08:42:50.0040689 +0000 UTC m=+234.303738601"}
{"action":"FIDALSTORISFORUSREGUS9322","level":"info","location":"SingleStoryHandler","msg":"Successfully founded all stories for user registered user!","status":"success","time":"2021-06-21T09:37:56Z","timestamp":"2021-06-21 09:37:56.4897149 +0000 UTC m=+229.594071301"}
{"action":"FIDALSTORISFORUSREGUS9322","level":"info","location":"SingleStoryHandler","msg":"Successfully founded all stories for user registered user!","status":"success","time":"2021-06-21T09:38:00Z","timestamp":"2021-06-21 09:38:00.0564996 +0000 UTC m=+233.160856001"}
{"action":"FIDALSTORISFORUSREGUS9322","level":"info","location":"SingleStoryHandler","msg":"Successfully founded all stories for user registered user!","status":"success","time":"2021-06-21T09:38:32Z","timestamp":"2021-06-21 09:38:32.4962475 +0000 UTC m=+265.600604001"}
{"action":"FIDALSTORISFORUSREGUS9322","level":"info","location":"SingleStoryHandler","msg":"Successfully founded all stories for user registered user!","status":"success","time":"2021-06-21T09:38:43Z","timestamp":"2021-06-21 09:38:43.1915457 +0000 UTC m=+276.295902201"}
{"action":"FIDALSTORISFORUSREGUS9322","level":"info","location":"SingleStoryHandler","msg":"Successfully founded all stories for user registered user!","status":"success","time":"2021-06-21T09:38:51Z","timestamp":"2021-06-21 09:38:51.879188 +0000 UTC m=+284.983544501"}
{"action":"FIDALSTORISFORUSREGUS9322","level":"info","location":"SingleStoryHandler","msg":"Successfully founded all stories for user registered user!","status":"success","time":"2021-06-21T10:16:21Z","timestamp":"2021-06-21 10:16:21.8331225 +0000 UTC m=+176.749308401"}
{"action":"FIDALSTORISFORUSREGUS9322","level":"info","location":"SingleStoryHandler","msg":"Successfully founded all stories for user registered user!","status":"success","time":"2021-06-21T10:17:13Z","timestamp":"2021-06-21 10:17:13.1066354 +0000 UTC m=+228.022821301"}
{"action":"FIDALSTORISFORUSREGUS9322","level":"info","location":"SingleStoryHandler","msg":"Successfully founded all stories for user registered user!","status":"success","time":"2021-06-21T10:17:20Z","timestamp":"2021-06-21 10:17:20.9259415 +0000 UTC m=+235.842127301"}
{"action":"FIDALALBSTORISFORLOGGUS8293","level":"info","location":"StoryAlbumHandler","msg":"Successfully founded all album stories for logged user!","status":"success","time":"2021-06-21T10:36:11Z","timestamp":"2021-06-21 10:36:11.2071192 +0000 UTC m=+222.193852901"}
{"action":"FIDALSTORISFORLOGGUS0213","level":"info","location":"SingleStoryHandler","msg":"Successfully founded all stories for logged user!","status":"success","time":"2021-06-21T10:36:11Z","timestamp":"2021-06-21 10:36:11.215326 +0000 UTC m=+222.202059601"}
{"action":"FIDALALBSTORISFORLOGGUS8293","level":"info","location":"StoryAlbumHandler","msg":"Successfully founded all album stories for logged user!","status":"success","time":"2021-06-21T10:36:59Z","timestamp":"2021-06-21 10:36:59.2406291 +0000 UTC m=+270.227362701"}
{"action":"FIDALSTORISFORLOGGUS0213","level":"info","location":"SingleStoryHandler","msg":"Successfully founded all stories for logged user!","status":"success","time":"2021-06-21T10:36:59Z","timestamp":"2021-06-21 10:36:59.2588566 +0000 UTC m=+270.245590201"}
{"action":"FIDALSTORISFORUSREGUS9322","level":"info","location":"SingleStoryHandler","msg":"Successfully founded all stories for user registered user!","status":"success","time":"2021-06-21T10:37:16Z","timestamp":"2021-06-21 10:37:16.4885119 +0000 UTC m=+287.475245501"}
{"action":"FIDALSTORISFORUSREGUS9322","level":"info","location":"SingleStoryHandler","msg":"Successfully founded all stories for user registered user!","status":"success","time":"2021-06-21T10:37:18Z","timestamp":"2021-06-21 10:37:18.8364512 +0000 UTC m=+289.823184901"}
{"action":"FIDALSTORISFORLOGGUS0213","level":"info","location":"SingleStoryHandler","msg":"Successfully founded all stories for logged user!","status":"success","time":"2021-06-21T10:39:55Z","timestamp":"2021-06-21 10:39:55.9745602 +0000 UTC m=+446.961293901"}
{"action":"FIDALALBSTORISFORLOGGUS8293","level":"info","location":"StoryAlbumHandler","msg":"Successfully founded all album stories for logged user!","status":"success","time":"2021-06-21T10:39:55Z","timestamp":"2021-06-21 10:39:55.9777285 +0000 UTC m=+446.964462201"}
{"action":"FIDALSTORISFORUSREGUS9322","level":"info","location":"SingleStoryHandler","msg":"Successfully founded all stories for user registered user!","status":"success","time":"2021-06-21T10:40:09Z","timestamp":"2021-06-21 10:40:09.4855663 +0000 UTC m=+460.472299901"}
{"action":"FIDALSTORISFORUSREGUS9322","level":"info","location":"SingleStoryHandler","msg":"Successfully founded all stories for user registered user!","status":"success","time":"2021-06-21T10:40:13Z","timestamp":"2021-06-21 10:40:13.8680959 +0000 UTC m=+464.854829601"}
{"action":"FIDALSTORISFORUSREGUS9322","level":"info","location":"SingleStoryHandler","msg":"Successfully founded all stories for user registered user!","status":"success","time":"2021-06-21T10:40:20Z","timestamp":"2021-06-21 10:40:20.2481584 +0000 UTC m=+471.234892001"}
{"action":"FIDALSTORISFORUSREGUS9322","level":"info","location":"SingleStoryHandler","msg":"Successfully founded all stories for user registered user!","status":"success","time":"2021-06-21T10:40:22Z","timestamp":"2021-06-21 10:40:22.9539706 +0000 UTC m=+473.940704201"}
{"action":"FIDALSTORISFORUSREGUS9322","level":"info","location":"SingleStoryHandler","msg":"Successfully founded all stories for user registered user!","status":"success","time":"2021-06-21T10:40:42Z","timestamp":"2021-06-21 10:40:42.0993243 +0000 UTC m=+493.086058001"}
{"action":"FIDALSTORISFORLOGGUS0213","level":"info","location":"SingleStoryHandler","msg":"Successfully founded all stories for logged user!","status":"success","time":"2021-06-21T10:41:19Z","timestamp":"2021-06-21 10:41:19.4560921 +0000 UTC m=+530.442825801"}
{"action":"FIDALALBSTORISFORLOGGUS8293","level":"info","location":"StoryAlbumHandler","msg":"Successfully founded all album stories for logged user!","status":"success","time":"2021-06-21T10:41:19Z","timestamp":"2021-06-21 10:41:19.5088898 +0000 UTC m=+530.495623501"}
{"action":"FIDALSTORISFORUSREGUS9322","level":"info","location":"SingleStoryHandler","msg":"Successfully founded all stories for user registered user!","status":"success","time":"2021-06-21T10:41:23Z","timestamp":"2021-06-21 10:41:23.774594 +0000 UTC m=+534.761327701"}
{"action":"FIDALSTORISFORUSREGUS9322","level":"info","location":"SingleStoryHandler","msg":"Successfully founded all stories for user registered user!","status":"success","time":"2021-06-21T10:41:26Z","timestamp":"2021-06-21 10:41:26.3885877 +0000 UTC m=+537.375321401"}
{"action":"FIDALSTORISFORUSREGUS9322","level":"info","location":"SingleStoryHandler","msg":"Successfully founded all stories for user registered user!","status":"success","time":"2021-06-21T10:43:12Z","timestamp":"2021-06-21 10:43:12.2559958 +0000 UTC m=+643.242729501"}
{"action":"FIDALSTORISFORUSREGUS9322","level":"info","location":"SingleStoryHandler","msg":"Successfully founded all stories for user registered user!","status":"success","time":"2021-06-21T10:43:32Z","timestamp":"2021-06-21 10:43:32.3157049 +0000 UTC m=+663.302438501"}
{"action":"FIDALSTORISFORUSREGUS9322","level":"info","location":"SingleStoryHandler","msg":"Successfully founded all stories for user registered user!","status":"success","time":"2021-06-21T10:43:52Z","timestamp":"2021-06-21 10:43:52.0680937 +0000 UTC m=+683.054827301"}
{"action":"FIDALSTORISFORUSREGUS9322","level":"info","location":"SingleStoryHandler","msg":"Successfully founded all stories for user registered user!","status":"success","time":"2021-06-21T10:44:01Z","timestamp":"2021-06-21 10:44:01.7625606 +0000 UTC m=+692.749294301"}
{"action":"FIDALSTORISFORUSREGUS9322","level":"info","location":"SingleStoryHandler","msg":"Successfully founded all stories for user registered user!","status":"success","time":"2021-06-21T10:45:24Z","timestamp":"2021-06-21 10:45:24.6829591 +0000 UTC m=+775.669692801"}
{"action":"FIDALSTORISFORLOGGUS0213","level":"info","location":"SingleStoryHandler","msg":"Successfully founded all stories for logged user!","status":"success","time":"2021-06-21T11:34:25Z","timestamp":"2021-06-21 11:34:25.1914375 +0000 UTC m=+232.284841201"}
{"action":"FIDALALBSTORISFORLOGGUS8293","level":"info","location":"StoryAlbumHandler","msg":"Successfully founded all album stories for logged user!","status":"success","time":"2021-06-21T11:34:25Z","timestamp":"2021-06-21 11:34:25.1934273 +0000 UTC m=+232.286831101"}
{"action":"FIDALSTORISFORUSREGUS9322","level":"info","location":"SingleStoryHandler","msg":"Successfully founded all stories for user registered user!","status":"success","time":"2021-06-21T11:34:50Z","timestamp":"2021-06-21 11:34:50.1200447 +0000 UTC m=+257.213448401"}
{"action":"FIDALSTORISFORUSREGUS9322","level":"info","location":"SingleStoryHandler","msg":"Successfully founded all stories for user registered user!","status":"success","time":"2021-06-21T11:34:52Z","timestamp":"2021-06-21 11:34:52.9023381 +0000 UTC m=+259.995741901"}
{"action":"FIDALSTORISFORUSREGUS9322","level":"info","location":"SingleStoryHandler","msg":"Successfully founded all stories for user registered user!","status":"success","time":"2021-06-21T11:36:59Z","timestamp":"2021-06-21 11:36:59.7905783 +0000 UTC m=+386.883982001"}
{"action":"FIDALSTORISFORUSREGUS9322","level":"info","location":"SingleStoryHandler","msg":"Successfully founded all stories for user registered user!","status":"success","time":"2021-06-21T11:37:19Z","timestamp":"2021-06-21 11:37:19.1359188 +0000 UTC m=+406.229322501"}
{"action":"FIDALSTORISFORUSREGUS9322","level":"info","location":"SingleStoryHandler","msg":"Successfully founded all stories for user registered user!","status":"success","time":"2021-06-21T11:37:33Z","timestamp":"2021-06-21 11:37:33.3542613 +0000 UTC m=+420.447665001"}
{"action":"FIDALSTORISFORUSREGUS9322","level":"info","location":"SingleStoryHandler","msg":"Successfully founded all stories for user registered user!","status":"success","time":"2021-06-21T11:37:42Z","timestamp":"2021-06-21 11:37:42.5798459 +0000 UTC m=+429.673249701"}
{"action":"FIDALSTORISFORUSREGUS9322","level":"info","location":"SingleStoryHandler","msg":"Successfully founded all stories for user registered user!","status":"success","time":"2021-06-21T11:37:57Z","timestamp":"2021-06-21 11:37:57.8925968 +0000 UTC m=+444.986000601"}
