{"action":"FAPLU678","level":"info","location":"SinglePostHandler","msg":"Successfully found all posts for logged in user!","status":"success","time":"2021-06-12T14:13:21Z","timestamp":"2021-06-12 14:13:21.0704638 +0000 UTC m=+287.682301701"}
{"action":"FAAPL581","level":"info","location":"PostAlbumHandler","msg":"Successfully found all post albums for logged user!","status":"success","time":"2021-06-12T14:13:21Z","timestamp":"2021-06-12 14:13:21.1091039 +0000 UTC m=+287.720941901"}
{"action":"FAPLU678","level":"info","location":"SinglePostHandler","msg":"Successfully found all posts for logged in user!","status":"success","time":"2021-06-12T14:13:34Z","timestamp":"2021-06-12 14:13:34.65044 +0000 UTC m=+301.262278001"}
{"action":"FAAPL581","level":"info","location":"PostAlbumHandler","msg":"Successfully found all post albums for logged user!","status":"success","time":"2021-06-12T14:13:34Z","timestamp":"2021-06-12 14:13:34.6562147 +0000 UTC m=+301.268052601"}
{"action":"CRESP670","level":"info","location":"SinglePostHandler","msg":"Successfully created single post!","status":"success","time":"2021-06-12T14:24:42Z","timestamp":"2021-06-12 14:24:42.9697598 +0000 UTC m=+165.174403401"}
{"action":"FAAPL581","level":"info","location":"PostAlbumHandler","msg":"Successfully found all post albums for logged user!","status":"success","time":"2021-06-12T14:25:23Z","timestamp":"2021-06-12 14:25:23.2380338 +0000 UTC m=+205.442677301"}
{"action":"FAPLU678","level":"info","location":"SinglePostHandler","msg":"Successfully found all posts for logged in user!","status":"success","time":"2021-06-12T14:25:23Z","timestamp":"2021-06-12 14:25:23.2628619 +0000 UTC m=+205.467505401"}
{"action":"CRESP670","level":"info","location":"SinglePostHandler","msg":"Successfully created single post!","status":"success","time":"2021-06-13T05:31:21Z","timestamp":"2021-06-13 05:31:21.8651151 +0000 UTC m=+1026.305072901"}
{"action":"FAPLU678","level":"info","location":"SinglePostHandler","msg":"Successfully found all posts for logged in user!","status":"success","time":"2021-06-13T05:31:39Z","timestamp":"2021-06-13 05:31:39.9729362 +0000 UTC m=+1044.412894001"}
{"action":"FAAPL581","level":"info","location":"PostAlbumHandler","msg":"Successfully found all post albums for logged user!","status":"success","time":"2021-06-13T05:31:39Z","timestamp":"2021-06-13 05:31:39.9815552 +0000 UTC m=+1044.421513001"}
{"action":"CRESP670","level":"info","location":"SinglePostHandler","msg":"Successfully created single post!","status":"success","time":"2021-06-13T05:55:04Z","timestamp":"2021-06-13 05:55:04.8210246 +0000 UTC m=+235.858758101"}
{"action":"FAAPL581","level":"info","location":"PostAlbumHandler","msg":"Successfully found all post albums for logged user!","status":"success","time":"2021-06-13T05:55:37Z","timestamp":"2021-06-13 05:55:37.6651479 +0000 UTC m=+268.702881401"}
{"action":"FAPLU678","level":"info","location":"SinglePostHandler","msg":"Successfully found all posts for logged in user!","status":"success","time":"2021-06-13T05:55:37Z","timestamp":"2021-06-13 05:55:37.7153018 +0000 UTC m=+268.753035201"}
{"action":"CRESP670","level":"info","location":"SinglePostHandler","msg":"Successfully created single post!","status":"success","time":"2021-06-13T06:11:52Z","timestamp":"2021-06-13 06:11:52.0357462 +0000 UTC m=+331.237124801"}
{"action":"FAAPL581","level":"info","location":"PostAlbumHandler","msg":"Successfully found all post albums for logged user!","status":"success","time":"2021-06-13T06:12:00Z","timestamp":"2021-06-13 06:12:00.1489897 +0000 UTC m=+339.350368301"}
{"action":"FAPLU678","level":"info","location":"SinglePostHandler","msg":"Successfully found all posts for logged in user!","status":"success","time":"2021-06-13T06:12:00Z","timestamp":"2021-06-13 06:12:00.149494 +0000 UTC m=+339.350872601"}
{"action":"FAPPN676","level":"info","location":"SinglePostHandler","msg":"Successfully found all public posts not registered user!","status":"success","time":"2021-06-13T06:12:08Z","timestamp":"2021-06-13 06:12:08.2494894 +0000 UTC m=+347.450867901"}
{"action":"FAPAP584","level":"info","location":"PostAlbumHandler","msg":"Successfully found all public post albums for registered user!","status":"success","time":"2021-06-13T06:12:21Z","timestamp":"2021-06-13 06:12:21.640372 +0000 UTC m=+360.841750501"}
{"action":"FPFUR672","level":"info","location":"SinglePostHandler","msg":"Successfully found all posts for user registered user for not following!","status":"success","time":"2021-06-18T15:44:45Z","timestamp":"2021-06-18 15:44:45.8325891 +0000 UTC m=+651.704421501"}
{"action":"FPFUR672","level":"info","location":"SinglePostHandler","msg":"Successfully found all posts for user registered user for not following!","status":"success","time":"2021-06-18T15:44:49Z","timestamp":"2021-06-18 15:44:49.2682152 +0000 UTC m=+655.140047601"}
{"action":"FPFUR672","level":"info","location":"SinglePostHandler","msg":"Successfully found all posts for user registered user for not following!","status":"success","time":"2021-06-18T15:45:11Z","timestamp":"2021-06-18 15:45:11.631117 +0000 UTC m=+677.502949401"}
{"action":"FPFUR672","level":"info","location":"SinglePostHandler","msg":"Successfully found all posts for user registered user for not following!","status":"success","time":"2021-06-18T15:57:30Z","timestamp":"2021-06-18 15:57:30.3631136 +0000 UTC m=+481.248136401"}
{"action":"FPFUR672","level":"info","location":"SinglePostHandler","msg":"Successfully found all posts for user registered user for not following!","status":"success","time":"2021-06-18T15:57:49Z","timestamp":"2021-06-18 15:57:49.2030868 +0000 UTC m=+500.088109701"}
{"action":"FPFUR672","level":"info","location":"SinglePostHandler","msg":"Successfully found all posts for user registered user for not following!","status":"success","time":"2021-06-20T12:28:01Z","timestamp":"2021-06-20 12:28:01.1735079 +0000 UTC m=+271.636362501"}
{"action":"FPFUR672","level":"info","location":"SinglePostHandler","msg":"Successfully found all posts for user registered user for not following!","status":"success","time":"2021-06-20T12:28:03Z","timestamp":"2021-06-20 12:28:03.5353802 +0000 UTC m=+273.998234801"}
{"action":"FPFUR672","level":"info","location":"SinglePostHandler","msg":"Successfully found all posts for user registered user for not following!","status":"success","time":"2021-06-20T12:28:08Z","timestamp":"2021-06-20 12:28:08.3617339 +0000 UTC m=+278.824588501"}
{"action":"FPFUR672","level":"info","location":"SinglePostHandler","msg":"Successfully found all posts for user registered user for not following!","status":"success","time":"2021-06-20T12:28:11Z","timestamp":"2021-06-20 12:28:11.1305735 +0000 UTC m=+281.593428101"}
{"action":"FPFUR672","level":"info","location":"SinglePostHandler","msg":"Successfully found all posts for user registered user for not following!","status":"success","time":"2021-06-20T12:30:43Z","timestamp":"2021-06-20 12:30:43.4435189 +0000 UTC m=+433.906373501"}
{"action":"FPFUR672","level":"info","location":"SinglePostHandler","msg":"Successfully found all posts for user registered user for not following!","status":"success","time":"2021-06-20T12:30:45Z","timestamp":"2021-06-20 12:30:45.7686376 +0000 UTC m=+436.231492301"}
{"action":"FPFUR672","level":"info","location":"SinglePostHandler","msg":"Successfully found all posts for user registered user for not following!","status":"success","time":"2021-06-20T12:37:38Z","timestamp":"2021-06-20 12:37:38.9637579 +0000 UTC m=+181.312290301"}
{"action":"FPFUR672","level":"info","location":"SinglePostHandler","msg":"Successfully found all posts for user registered user for not following!","status":"success","time":"2021-06-20T12:37:41Z","timestamp":"2021-06-20 12:37:41.4977781 +0000 UTC m=+183.846310501"}
{"action":"FPFUR672","level":"info","location":"SinglePostHandler","msg":"Successfully found all posts for user registered user for not following!","status":"success","time":"2021-06-20T13:02:45Z","timestamp":"2021-06-20 13:02:45.3363609 +0000 UTC m=+149.728085701"}
{"action":"FPFUR672","level":"info","location":"SinglePostHandler","msg":"Successfully found all posts for user registered user for not following!","status":"success","time":"2021-06-20T13:02:48Z","timestamp":"2021-06-20 13:02:48.6137753 +0000 UTC m=+153.005500201"}
{"action":"FPFUR672","level":"info","location":"SinglePostHandler","msg":"Successfully found all posts for user registered user for not following!","status":"success","time":"2021-06-20T13:23:51Z","timestamp":"2021-06-20 13:23:51.4884752 +0000 UTC m=+168.523909101"}
{"action":"FPFUR672","level":"info","location":"SinglePostHandler","msg":"Successfully found all posts for user registered user for not following!","status":"success","time":"2021-06-20T13:23:54Z","timestamp":"2021-06-20 13:23:54.0813085 +0000 UTC m=+171.116742301"}
{"action":"CRESP670","level":"info","location":"SinglePostHandler","msg":"Successfully created single post!","status":"success","time":"2021-06-20T13:25:38Z","timestamp":"2021-06-20 13:25:38.0600138 +0000 UTC m=+275.095447701"}
{"action":"FAPLU678","level":"info","location":"SinglePostHandler","msg":"Successfully found all posts for logged in user!","status":"success","time":"2021-06-20T13:27:21Z","timestamp":"2021-06-20 13:27:21.5253468 +0000 UTC m=+378.560780601"}
{"action":"FAAPL581","level":"info","location":"PostAlbumHandler","msg":"Successfully found all post albums for logged user!","status":"success","time":"2021-06-20T13:27:21Z","timestamp":"2021-06-20 13:27:21.5420857 +0000 UTC m=+378.577519501"}
{"action":"FSPLU679","level":"info","location":"SinglePostHandler","msg":"Successfully found selected post by id for logged in user!","status":"success","time":"2021-06-20T13:27:28Z","timestamp":"2021-06-20 13:27:28.528866 +0000 UTC m=+385.564299801"}
{"action":"FACFP572","level":"info","location":"CommentHandler","msg":"Successfully found all comments for post!","status":"success","time":"2021-06-20T13:27:28Z","timestamp":"2021-06-20 13:27:28.5438825 +0000 UTC m=+385.579316401"}
{"action":"FPFUR672","level":"info","location":"SinglePostHandler","msg":"Successfully found all posts for user registered user for not following!","status":"success","time":"2021-06-20T13:36:56Z","timestamp":"2021-06-20 13:36:56.9300533 +0000 UTC m=+143.138395801"}
{"action":"FPFUR672","level":"info","location":"SinglePostHandler","msg":"Successfully found all posts for user registered user for not following!","status":"success","time":"2021-06-20T13:36:59Z","timestamp":"2021-06-20 13:36:59.7973405 +0000 UTC m=+146.005683001"}
{"action":"CRESP670","level":"info","location":"SinglePostHandler","msg":"Successfully created single post!","status":"success","time":"2021-06-20T13:38:10Z","timestamp":"2021-06-20 13:38:10.3252712 +0000 UTC m=+216.533613801"}
{"action":"FAPLU678","level":"info","location":"SinglePostHandler","msg":"Successfully found all posts for logged in user!","status":"success","time":"2021-06-20T13:38:17Z","timestamp":"2021-06-20 13:38:17.3213634 +0000 UTC m=+223.529705901"}
{"action":"FAAPL581","level":"info","location":"PostAlbumHandler","msg":"Successfully found all post albums for logged user!","status":"success","time":"2021-06-20T13:38:17Z","timestamp":"2021-06-20 13:38:17.3258545 +0000 UTC m=+223.534197001"}
{"action":"FAPLU678","level":"info","location":"SinglePostHandler","msg":"Successfully found all posts for logged in user!","status":"success","time":"2021-06-20T13:41:17Z","timestamp":"2021-06-20 13:41:17.4902027 +0000 UTC m=+403.698545201"}
{"action":"FAAPL581","level":"info","location":"PostAlbumHandler","msg":"Successfully found all post albums for logged user!","status":"success","time":"2021-06-20T13:41:17Z","timestamp":"2021-06-20 13:41:17.4976439 +0000 UTC m=+403.705986401"}
{"action":"CRESP670","level":"info","location":"SinglePostHandler","msg":"Successfully created single post!","status":"success","time":"2021-06-20T13:55:46Z","timestamp":"2021-06-20 13:55:46.4326262 +0000 UTC m=+411.861048401"}
{"action":"FAAPL581","level":"info","location":"PostAlbumHandler","msg":"Successfully found all post albums for logged user!","status":"success","time":"2021-06-20T13:55:52Z","timestamp":"2021-06-20 13:55:52.3263304 +0000 UTC m=+417.754752701"}
{"action":"FAPLU678","level":"info","location":"SinglePostHandler","msg":"Successfully found all posts for logged in user!","status":"success","time":"2021-06-20T13:55:52Z","timestamp":"2021-06-20 13:55:52.3483616 +0000 UTC m=+417.776783901"}
{"action":"FPFUR672","level":"info","location":"SinglePostHandler","msg":"Successfully found all posts for user registered user for not following!","status":"success","time":"2021-06-20T14:06:13Z","timestamp":"2021-06-20 14:06:13.7689323 +0000 UTC m=+142.412544001"}
{"action":"FPFUR672","level":"info","location":"SinglePostHandler","msg":"Successfully found all posts for user registered user for not following!","status":"success","time":"2021-06-20T14:06:16Z","timestamp":"2021-06-20 14:06:16.7607509 +0000 UTC m=+145.404362601"}
{"action":"CRESP670","level":"info","location":"SinglePostHandler","msg":"Successfully created single post!","status":"success","time":"2021-06-20T14:07:04Z","timestamp":"2021-06-20 14:07:04.205263 +0000 UTC m=+192.848874701"}
{"action":"SEDCONFMAIL227","level":"info","location":"RegisteredUserHandler","msg":"Successfully sended email with confirmation token!","status":"success","time":"2021-06-20T14:07:05Z","timestamp":"2021-06-20 14:07:05.5140973 +0000 UTC m=+194.157709001"}
{"action":"FAPCU591","level":"info","location":"PostCollectionHandler","msg":"Successfully found all post collections for user!","status":"success","time":"2021-06-20T14:07:51Z","timestamp":"2021-06-20 14:07:51.1518182 +0000 UTC m=+239.795430001"}
{"action":"FACFP572","level":"info","location":"CommentHandler","msg":"Successfully found all comments for post!","status":"success","time":"2021-06-20T14:07:51Z","timestamp":"2021-06-20 14:07:51.1731148 +0000 UTC m=+239.816726601"}
