2021-04-18 16:22:53.816  INFO 9616 --- [main] bsep.bsep.BsepApplicationTests           : Starting BsepApplicationTests using Java 11.0.10 on Tamara with PID 9616 (started by Velickovic in C:\Users\Velickovic\Desktop\BSEP\PROJEKAT\XML-and-BSEP\BSEP\bsep)
2021-04-18 16:22:53.830  INFO 9616 --- [main] bsep.bsep.BsepApplicationTests           : No active profile set, falling back to default profiles: default
2021-04-18 16:23:14.551  INFO 9616 --- [main] .s.d.r.c.RepositoryConfigurationDelegate : Bootstrapping Spring Data JPA repositories in DEFAULT mode.
2021-04-18 16:23:17.446  INFO 9616 --- [main] .s.d.r.c.RepositoryConfigurationDelegate : Finished Spring Data repository scanning in 2692 ms. Found 5 JPA repository interfaces.
2021-04-18 16:23:29.290  INFO 9616 --- [main] trationDelegate$BeanPostProcessorChecker : Bean 'org.springframework.security.access.expression.method.DefaultMethodSecurityExpressionHandler@4d157493' of type [org.springframework.security.access.expression.method.DefaultMethodSecurityExpressionHandler] is not eligible for getting processed by all BeanPostProcessors (for example: not eligible for auto-proxying)
2021-04-18 16:23:29.395  INFO 9616 --- [main] trationDelegate$BeanPostProcessorChecker : Bean 'methodSecurityMetadataSource' of type [org.springframework.security.access.method.DelegatingMethodSecurityMetadataSource] is not eligible for getting processed by all BeanPostProcessors (for example: not eligible for auto-proxying)
2021-04-18 16:23:34.745  INFO 9616 --- [main] o.hibernate.jpa.internal.util.LogHelper  : HHH000204: Processing PersistenceUnitInfo [name: default]
2021-04-18 16:23:43.025  INFO 9616 --- [main] org.hibernate.Version                    : HHH000412: Hibernate ORM core version 5.4.28.Final
2021-04-18 16:23:47.164  INFO 9616 --- [main] o.hibernate.annotations.common.Version   : HCANN000001: Hibernate Commons Annotations {5.1.2.Final}
2021-04-18 16:23:50.025  INFO 9616 --- [main] com.zaxxer.hikari.HikariDataSource       : HikariPool-1 - Starting...
2021-04-18 16:23:58.174  INFO 9616 --- [main] com.zaxxer.hikari.HikariDataSource       : HikariPool-1 - Start completed.
2021-04-18 16:23:58.708  INFO 9616 --- [main] org.hibernate.dialect.Dialect            : HHH000400: Using dialect: org.hibernate.dialect.PostgreSQL95Dialect
2021-04-18 16:24:21.764  INFO 9616 --- [main] o.h.e.t.j.p.i.JtaPlatformInitiator       : HHH000490: Using JtaPlatform implementation: [org.hibernate.engine.transaction.jta.platform.internal.NoJtaPlatform]
2021-04-18 16:24:21.984  INFO 9616 --- [main] j.LocalContainerEntityManagerFactoryBean : Initialized JPA EntityManagerFactory for persistence unit 'default'
2021-04-18 16:24:23.229  WARN 9616 --- [main] JpaBaseConfiguration$JpaWebConfiguration : spring.jpa.open-in-view is enabled by default. Therefore, database queries may be performed during view rendering. Explicitly configure spring.jpa.open-in-view to disable this warning
2021-04-18 16:24:30.836 DEBUG 9616 --- [main] .PrePostAnnotationSecurityMetadataSource : @org.springframework.security.access.prepost.PostAuthorize(value="hasAuthority('USER_GET_CERTIFICATE_DTO_BY_SERIAL_NUMBER_PRIVILEGE')") found on specific method: public org.springframework.http.ResponseEntity bsep.bsep.controller.CertificateController.getCertificateDTOBySerialNumber(java.lang.String)
2021-04-18 16:24:31.101 DEBUG 9616 --- [main] m.DelegatingMethodSecurityMetadataSource : Caching method [CacheKey[bsep.bsep.controller.CertificateController; public org.springframework.http.ResponseEntity bsep.bsep.controller.CertificateController.getCertificateDTOBySerialNumber(java.lang.String)]] with attributes [[authorize: 'permitAll', filter: 'null', filterTarget: 'null'], [authorize: 'hasAuthority('USER_GET_CERTIFICATE_DTO_BY_SERIAL_NUMBER_PRIVILEGE')', filter: 'null']]
2021-04-18 16:24:31.427 DEBUG 9616 --- [main] .PrePostAnnotationSecurityMetadataSource : @org.springframework.security.access.prepost.PostAuthorize(value="hasAuthority('USER_ALL_VALID_CERTIFICATES_PRIVILEGE')") found on specific method: public org.springframework.http.ResponseEntity bsep.bsep.controller.CertificateController.allValidCertificates(java.lang.String)
2021-04-18 16:24:31.429 DEBUG 9616 --- [main] m.DelegatingMethodSecurityMetadataSource : Caching method [CacheKey[bsep.bsep.controller.CertificateController; public org.springframework.http.ResponseEntity bsep.bsep.controller.CertificateController.allValidCertificates(java.lang.String)]] with attributes [[authorize: 'permitAll', filter: 'null', filterTarget: 'null'], [authorize: 'hasAuthority('USER_ALL_VALID_CERTIFICATES_PRIVILEGE')', filter: 'null']]
2021-04-18 16:24:31.432 DEBUG 9616 --- [main] .PrePostAnnotationSecurityMetadataSource : @org.springframework.security.access.prepost.PostAuthorize(value="hasAuthority('USER_GET_CERTIFICATE_DTO_BY_SERIAL_NUMBER_PRIVILEGE')") found on specific method: public org.springframework.http.ResponseEntity bsep.bsep.controller.CertificateController.checkCertificateValidity(java.lang.String)
2021-04-18 16:24:31.434 DEBUG 9616 --- [main] m.DelegatingMethodSecurityMetadataSource : Caching method [CacheKey[bsep.bsep.controller.CertificateController; public org.springframework.http.ResponseEntity bsep.bsep.controller.CertificateController.checkCertificateValidity(java.lang.String)]] with attributes [[authorize: 'permitAll', filter: 'null', filterTarget: 'null'], [authorize: 'hasAuthority('USER_GET_CERTIFICATE_DTO_BY_SERIAL_NUMBER_PRIVILEGE')', filter: 'null']]
2021-04-18 16:24:31.435 DEBUG 9616 --- [main] .PrePostAnnotationSecurityMetadataSource : @org.springframework.security.access.prepost.PostAuthorize(value="hasAuthority('USER_ALL_REVOKED_OR_EXPIRED_CERTIFICATES_PRIVILEGE')") found on specific method: public org.springframework.http.ResponseEntity bsep.bsep.controller.CertificateController.allRevokedOrExpiredCertificates()
2021-04-18 16:24:31.436 DEBUG 9616 --- [main] m.DelegatingMethodSecurityMetadataSource : Caching method [CacheKey[bsep.bsep.controller.CertificateController; public org.springframework.http.ResponseEntity bsep.bsep.controller.CertificateController.allRevokedOrExpiredCertificates()]] with attributes [[authorize: 'permitAll', filter: 'null', filterTarget: 'null'], [authorize: 'hasAuthority('USER_ALL_REVOKED_OR_EXPIRED_CERTIFICATES_PRIVILEGE')', filter: 'null']]
2021-04-18 16:24:31.436 DEBUG 9616 --- [main] .PrePostAnnotationSecurityMetadataSource : @org.springframework.security.access.prepost.PostAuthorize(value="hasAuthority('USER_REVOKE_CERTIFICATE_PRIVILEGE')") found on specific method: public org.springframework.http.ResponseEntity bsep.bsep.controller.CertificateController.revokeCertificate(java.lang.String)
2021-04-18 16:24:31.437 DEBUG 9616 --- [main] m.DelegatingMethodSecurityMetadataSource : Caching method [CacheKey[bsep.bsep.controller.CertificateController; public org.springframework.http.ResponseEntity bsep.bsep.controller.CertificateController.revokeCertificate(java.lang.String)]] with attributes [[authorize: 'permitAll', filter: 'null', filterTarget: 'null'], [authorize: 'hasAuthority('USER_REVOKE_CERTIFICATE_PRIVILEGE')', filter: 'null']]
2021-04-18 16:24:31.438 DEBUG 9616 --- [main] .PrePostAnnotationSecurityMetadataSource : @org.springframework.security.access.prepost.PostAuthorize(value="hasAuthority('USER_GET_ALL_VALID_CERTIFICATES_DTO_PRIVILEGE')") found on specific method: public org.springframework.http.ResponseEntity bsep.bsep.controller.CertificateController.loadToFile(java.lang.String)
2021-04-18 16:24:31.439 DEBUG 9616 --- [main] m.DelegatingMethodSecurityMetadataSource : Caching method [CacheKey[bsep.bsep.controller.CertificateController; public org.springframework.http.ResponseEntity bsep.bsep.controller.CertificateController.loadToFile(java.lang.String)]] with attributes [[authorize: 'permitAll', filter: 'null', filterTarget: 'null'], [authorize: 'hasAuthority('USER_GET_ALL_VALID_CERTIFICATES_DTO_PRIVILEGE')', filter: 'null']]
2021-04-18 16:24:31.440 DEBUG 9616 --- [main] .PrePostAnnotationSecurityMetadataSource : @org.springframework.security.access.prepost.PostAuthorize(value="hasAuthority('USER_CREATE_CERTIFICATE_PRIVILEGE')") found on specific method: public org.springframework.http.ResponseEntity bsep.bsep.controller.CertificateController.createCertificate(bsep.bsep.dto.CertificateInfoDTO)
2021-04-18 16:24:31.441 DEBUG 9616 --- [main] m.DelegatingMethodSecurityMetadataSource : Caching method [CacheKey[bsep.bsep.controller.CertificateController; public org.springframework.http.ResponseEntity bsep.bsep.controller.CertificateController.createCertificate(bsep.bsep.dto.CertificateInfoDTO)]] with attributes [[authorize: 'permitAll', filter: 'null', filterTarget: 'null'], [authorize: 'hasAuthority('USER_CREATE_CERTIFICATE_PRIVILEGE')', filter: 'null']]
2021-04-18 16:24:43.612  INFO 9616 --- [main] o.s.s.web.DefaultSecurityFilterChain     : Will secure Ant [pattern='/users/confirm_account/*', PUT] with []
2021-04-18 16:24:43.612  INFO 9616 --- [main] o.s.s.web.DefaultSecurityFilterChain     : Will secure Ant [pattern='/users/changePassword', PUT] with []
2021-04-18 16:24:43.612  INFO 9616 --- [main] o.s.s.web.DefaultSecurityFilterChain     : Will secure Ant [pattern='/users/login', POST] with []
2021-04-18 16:24:43.612  INFO 9616 --- [main] o.s.s.web.DefaultSecurityFilterChain     : Will secure Ant [pattern='/users/register', POST] with []
2021-04-18 16:24:43.626  INFO 9616 --- [main] o.s.s.web.DefaultSecurityFilterChain     : Will secure Ant [pattern='/users/recoverPasswordWithToken', POST] with []
2021-04-18 16:24:43.627  INFO 9616 --- [main] o.s.s.web.DefaultSecurityFilterChain     : Will secure Ant [pattern='/users/findUserWithToken', POST] with []
2021-04-18 16:24:43.628  INFO 9616 --- [main] o.s.s.web.DefaultSecurityFilterChain     : Will secure Ant [pattern='/', GET] with []
2021-04-18 16:24:43.628  INFO 9616 --- [main] o.s.s.web.DefaultSecurityFilterChain     : Will secure Ant [pattern='/webjars/**', GET] with []
2021-04-18 16:24:43.628  INFO 9616 --- [main] o.s.s.web.DefaultSecurityFilterChain     : Will secure Ant [pattern='/*.html', GET] with []
2021-04-18 16:24:43.628  INFO 9616 --- [main] o.s.s.web.DefaultSecurityFilterChain     : Will secure Ant [pattern='/favicon.ico', GET] with []
2021-04-18 16:24:43.628  INFO 9616 --- [main] o.s.s.web.DefaultSecurityFilterChain     : Will secure Ant [pattern='/**/*.html', GET] with []
2021-04-18 16:24:43.628  INFO 9616 --- [main] o.s.s.web.DefaultSecurityFilterChain     : Will secure Ant [pattern='/**/*.css', GET] with []
2021-04-18 16:24:43.628  INFO 9616 --- [main] o.s.s.web.DefaultSecurityFilterChain     : Will secure Ant [pattern='/**/*.js', GET] with []
2021-04-18 16:24:43.628  INFO 9616 --- [main] o.s.s.web.DefaultSecurityFilterChain     : Will secure Ant [pattern='/auth/getRole', GET] with []
2021-04-18 16:24:44.366 DEBUG 9616 --- [main] edFilterInvocationSecurityMetadataSource : Adding web access control expression [permitAll] for Ant [pattern='/auth/**']
2021-04-18 16:24:44.366 DEBUG 9616 --- [main] edFilterInvocationSecurityMetadataSource : Adding web access control expression [permitAll] for Ant [pattern='/auth/**/*']
2021-04-18 16:24:44.366 DEBUG 9616 --- [main] edFilterInvocationSecurityMetadataSource : Adding web access control expression [permitAll] for Ant [pattern='/h2-console/**']
2021-04-18 16:24:44.366 DEBUG 9616 --- [main] edFilterInvocationSecurityMetadataSource : Adding web access control expression [permitAll] for Ant [pattern='/api/foo']
2021-04-18 16:24:44.366 DEBUG 9616 --- [main] edFilterInvocationSecurityMetadataSource : Adding web access control expression [permitAll] for Ant [pattern='/api/**']
2021-04-18 16:24:44.366 DEBUG 9616 --- [main] edFilterInvocationSecurityMetadataSource : Adding web access control expression [permitAll] for Ant [pattern='/users/login']
2021-04-18 16:24:44.366 DEBUG 9616 --- [main] edFilterInvocationSecurityMetadataSource : Adding web access control expression [permitAll] for Ant [pattern='/users/register']
2021-04-18 16:24:44.366 DEBUG 9616 --- [main] edFilterInvocationSecurityMetadataSource : Adding web access control expression [permitAll] for Ant [pattern='/users/changePassword']
2021-04-18 16:24:44.366 DEBUG 9616 --- [main] edFilterInvocationSecurityMetadataSource : Adding web access control expression [permitAll] for Ant [pattern='/users/findUserWithToken']
2021-04-18 16:24:44.366 DEBUG 9616 --- [main] edFilterInvocationSecurityMetadataSource : Adding web access control expression [permitAll] for Ant [pattern='/users/recoverPasswordWithToken']
2021-04-18 16:24:44.366 DEBUG 9616 --- [main] edFilterInvocationSecurityMetadataSource : Adding web access control expression [permitAll] for Ant [pattern='/users/confirm_account/*']
2021-04-18 16:24:44.381 DEBUG 9616 --- [main] edFilterInvocationSecurityMetadataSource : Adding web access control expression [authenticated] for any request
2021-04-18 16:24:44.413  INFO 9616 --- [main] o.s.s.web.DefaultSecurityFilterChain     : Will secure any request with [org.springframework.security.web.context.request.async.WebAsyncManagerIntegrationFilter@f73a7cf, org.springframework.security.web.context.SecurityContextPersistenceFilter@3d8b9dee, org.springframework.security.web.header.HeaderWriterFilter@6d2f910b, org.springframework.web.filter.CorsFilter@4198921f, org.springframework.security.web.authentication.logout.LogoutFilter@57063e08, bsep.bsep.security.TokenAuthenticationFilter@44181746, org.springframework.security.web.savedrequest.RequestCacheAwareFilter@51d76ad3, org.springframework.security.web.servletapi.SecurityContextHolderAwareRequestFilter@77b01226, org.springframework.security.web.authentication.AnonymousAuthenticationFilter@21fa19e4, org.springframework.security.web.session.SessionManagementFilter@5687ade6, org.springframework.security.web.access.ExceptionTranslationFilter@1002f859, org.springframework.security.web.access.intercept.FilterSecurityInterceptor@27adb90f]
2021-04-18 16:24:48.528  WARN 9616 --- [main] ion$DefaultTemplateResolverConfiguration : Cannot find template location: classpath:/templates/ (please add some templates or check your Thymeleaf configuration)
2021-04-18 16:24:49.313  INFO 9616 --- [main] bsep.bsep.BsepApplicationTests           : Started BsepApplicationTests in 121.279 seconds (JVM running for 131.191)
2021-04-18 16:24:50.822  INFO 9616 --- [SpringContextShutdownHook] j.LocalContainerEntityManagerFactoryBean : Closing JPA EntityManagerFactory for persistence unit 'default'
2021-04-18 16:24:50.822  INFO 9616 --- [SpringContextShutdownHook] .SchemaDropperImpl$DelayedDropActionImpl : HHH000477: Starting delayed evictData of schema as part of SessionFactory shut-down'
2021-04-18 16:24:51.057  INFO 9616 --- [SpringContextShutdownHook] com.zaxxer.hikari.HikariDataSource       : HikariPool-1 - Shutdown initiated...
2021-04-18 16:24:51.088  INFO 9616 --- [SpringContextShutdownHook] com.zaxxer.hikari.HikariDataSource       : HikariPool-1 - Shutdown completed.
2021-04-18 16:26:09.941  INFO 9340 --- [restartedMain] bsep.bsep.BsepApplication                : Starting BsepApplication using Java 11.0.10 on Tamara with PID 9340 (C:\Users\Velickovic\Desktop\BSEP\PROJEKAT\XML-and-BSEP\BSEP\bsep\target\classes started by Velickovic in C:\Users\Velickovic\Desktop\BSEP\PROJEKAT\XML-and-BSEP\BSEP\bsep)
2021-04-18 16:26:09.956  INFO 9340 --- [restartedMain] bsep.bsep.BsepApplication                : No active profile set, falling back to default profiles: default
2021-04-18 16:26:10.195  INFO 9340 --- [restartedMain] .e.DevToolsPropertyDefaultsPostProcessor : Devtools property defaults active! Set 'spring.devtools.add-properties' to 'false' to disable
2021-04-18 16:26:10.196  INFO 9340 --- [restartedMain] .e.DevToolsPropertyDefaultsPostProcessor : For additional web related logging consider setting the 'logging.level.web' property to 'DEBUG'
2021-04-18 16:26:12.490  INFO 9340 --- [restartedMain] .s.d.r.c.RepositoryConfigurationDelegate : Bootstrapping Spring Data JPA repositories in DEFAULT mode.
2021-04-18 16:26:12.720  INFO 9340 --- [restartedMain] .s.d.r.c.RepositoryConfigurationDelegate : Finished Spring Data repository scanning in 207 ms. Found 5 JPA repository interfaces.
2021-04-18 16:26:13.976  INFO 9340 --- [restartedMain] trationDelegate$BeanPostProcessorChecker : Bean 'org.springframework.security.access.expression.method.DefaultMethodSecurityExpressionHandler@278d26fc' of type [org.springframework.security.access.expression.method.DefaultMethodSecurityExpressionHandler] is not eligible for getting processed by all BeanPostProcessors (for example: not eligible for auto-proxying)
2021-04-18 16:26:13.979  INFO 9340 --- [restartedMain] trationDelegate$BeanPostProcessorChecker : Bean 'methodSecurityMetadataSource' of type [org.springframework.security.access.method.DelegatingMethodSecurityMetadataSource] is not eligible for getting processed by all BeanPostProcessors (for example: not eligible for auto-proxying)
2021-04-18 16:26:16.500  INFO 9340 --- [restartedMain] o.s.b.w.embedded.tomcat.TomcatWebServer  : Tomcat initialized with port(s): 8080 (https)
2021-04-18 16:26:16.563  INFO 9340 --- [restartedMain] o.apache.catalina.core.StandardService   : Starting service [Tomcat]
2021-04-18 16:26:16.563  INFO 9340 --- [restartedMain] org.apache.catalina.core.StandardEngine  : Starting Servlet engine: [Apache Tomcat/9.0.43]
2021-04-18 16:26:16.907  INFO 9340 --- [restartedMain] o.a.c.c.C.[Tomcat].[localhost].[/]       : Initializing Spring embedded WebApplicationContext
2021-04-18 16:26:16.907  INFO 9340 --- [restartedMain] w.s.c.ServletWebServerApplicationContext : Root WebApplicationContext: initialization completed in 6710 ms
2021-04-18 16:26:17.097  INFO 9340 --- [restartedMain] com.zaxxer.hikari.HikariDataSource       : HikariPool-1 - Starting...
2021-04-18 16:26:20.264  INFO 9340 --- [restartedMain] com.zaxxer.hikari.HikariDataSource       : HikariPool-1 - Start completed.
2021-04-18 16:26:20.287  INFO 9340 --- [restartedMain] o.s.b.a.h2.H2ConsoleAutoConfiguration    : H2 console available at '/h2-console'. Database available at 'jdbc:postgresql://localhost:5432/BSEP'
2021-04-18 16:26:21.061  INFO 9340 --- [restartedMain] o.hibernate.jpa.internal.util.LogHelper  : HHH000204: Processing PersistenceUnitInfo [name: default]
2021-04-18 16:26:21.265  INFO 9340 --- [restartedMain] org.hibernate.Version                    : HHH000412: Hibernate ORM core version 5.4.28.Final
2021-04-18 16:26:21.783  INFO 9340 --- [restartedMain] o.hibernate.annotations.common.Version   : HCANN000001: Hibernate Commons Annotations {5.1.2.Final}
2021-04-18 16:26:22.286  INFO 9340 --- [restartedMain] org.hibernate.dialect.Dialect            : HHH000400: Using dialect: org.hibernate.dialect.PostgreSQL95Dialect
2021-04-18 16:26:26.201  WARN 9340 --- [restartedMain] o.h.engine.jdbc.spi.SqlExceptionHelper   : SQL Warning Code: 0, SQLState: 00000
2021-04-18 16:26:26.201  WARN 9340 --- [restartedMain] o.h.engine.jdbc.spi.SqlExceptionHelper   : relation "confirmation_tokens" does not exist, skipping
2021-04-18 16:26:26.201  WARN 9340 --- [restartedMain] o.h.engine.jdbc.spi.SqlExceptionHelper   : SQL Warning Code: 0, SQLState: 00000
2021-04-18 16:26:26.201  WARN 9340 --- [restartedMain] o.h.engine.jdbc.spi.SqlExceptionHelper   : relation "recovery_password_tokens" does not exist, skipping
2021-04-18 16:26:26.201  WARN 9340 --- [restartedMain] o.h.engine.jdbc.spi.SqlExceptionHelper   : SQL Warning Code: 0, SQLState: 00000
2021-04-18 16:26:26.201  WARN 9340 --- [restartedMain] o.h.engine.jdbc.spi.SqlExceptionHelper   : relation "users_authorities" does not exist, skipping
2021-04-18 16:26:26.217  WARN 9340 --- [restartedMain] o.h.engine.jdbc.spi.SqlExceptionHelper   : SQL Warning Code: 0, SQLState: 00000
2021-04-18 16:26:26.217  WARN 9340 --- [restartedMain] o.h.engine.jdbc.spi.SqlExceptionHelper   : relation "users_authorities" does not exist, skipping
2021-04-18 16:26:26.232  WARN 9340 --- [restartedMain] o.h.engine.jdbc.spi.SqlExceptionHelper   : SQL Warning Code: 0, SQLState: 00000
2021-04-18 16:26:26.232  WARN 9340 --- [restartedMain] o.h.engine.jdbc.spi.SqlExceptionHelper   : table "authority" does not exist, skipping
2021-04-18 16:26:26.232  WARN 9340 --- [restartedMain] o.h.engine.jdbc.spi.SqlExceptionHelper   : SQL Warning Code: 0, SQLState: 00000
2021-04-18 16:26:26.232  WARN 9340 --- [restartedMain] o.h.engine.jdbc.spi.SqlExceptionHelper   : table "certificate_data" does not exist, skipping
2021-04-18 16:26:26.232  WARN 9340 --- [restartedMain] o.h.engine.jdbc.spi.SqlExceptionHelper   : SQL Warning Code: 0, SQLState: 00000
2021-04-18 16:26:26.232  WARN 9340 --- [restartedMain] o.h.engine.jdbc.spi.SqlExceptionHelper   : table "confirmation_tokens" does not exist, skipping
2021-04-18 16:26:26.232  WARN 9340 --- [restartedMain] o.h.engine.jdbc.spi.SqlExceptionHelper   : SQL Warning Code: 0, SQLState: 00000
2021-04-18 16:26:26.232  WARN 9340 --- [restartedMain] o.h.engine.jdbc.spi.SqlExceptionHelper   : table "recovery_password_tokens" does not exist, skipping
2021-04-18 16:26:26.248  WARN 9340 --- [restartedMain] o.h.engine.jdbc.spi.SqlExceptionHelper   : SQL Warning Code: 0, SQLState: 00000
2021-04-18 16:26:26.248  WARN 9340 --- [restartedMain] o.h.engine.jdbc.spi.SqlExceptionHelper   : table "users" does not exist, skipping
2021-04-18 16:26:26.248  WARN 9340 --- [restartedMain] o.h.engine.jdbc.spi.SqlExceptionHelper   : SQL Warning Code: 0, SQLState: 00000
2021-04-18 16:26:26.248  WARN 9340 --- [restartedMain] o.h.engine.jdbc.spi.SqlExceptionHelper   : table "users_authorities" does not exist, skipping
2021-04-18 16:26:26.248  WARN 9340 --- [restartedMain] o.h.engine.jdbc.spi.SqlExceptionHelper   : SQL Warning Code: 0, SQLState: 00000
2021-04-18 16:26:26.248  WARN 9340 --- [restartedMain] o.h.engine.jdbc.spi.SqlExceptionHelper   : sequence "certificate_id_seq" does not exist, skipping
2021-04-18 16:26:26.248  WARN 9340 --- [restartedMain] o.h.engine.jdbc.spi.SqlExceptionHelper   : SQL Warning Code: 0, SQLState: 00000
2021-04-18 16:26:26.248  WARN 9340 --- [restartedMain] o.h.engine.jdbc.spi.SqlExceptionHelper   : sequence "my_seq_authority" does not exist, skipping
2021-04-18 16:26:26.264  WARN 9340 --- [restartedMain] o.h.engine.jdbc.spi.SqlExceptionHelper   : SQL Warning Code: 0, SQLState: 00000
2021-04-18 16:26:26.264  WARN 9340 --- [restartedMain] o.h.engine.jdbc.spi.SqlExceptionHelper   : sequence "my_seq_confirmation_token" does not exist, skipping
2021-04-18 16:26:26.264  WARN 9340 --- [restartedMain] o.h.engine.jdbc.spi.SqlExceptionHelper   : SQL Warning Code: 0, SQLState: 00000
2021-04-18 16:26:26.264  WARN 9340 --- [restartedMain] o.h.engine.jdbc.spi.SqlExceptionHelper   : sequence "my_seq_recover_password_token" does not exist, skipping
2021-04-18 16:26:26.264  WARN 9340 --- [restartedMain] o.h.engine.jdbc.spi.SqlExceptionHelper   : SQL Warning Code: 0, SQLState: 00000
2021-04-18 16:26:26.264  WARN 9340 --- [restartedMain] o.h.engine.jdbc.spi.SqlExceptionHelper   : sequence "my_seq_users" does not exist, skipping
2021-04-18 16:26:27.558  INFO 9340 --- [restartedMain] o.h.e.t.j.p.i.JtaPlatformInitiator       : HHH000490: Using JtaPlatform implementation: [org.hibernate.engine.transaction.jta.platform.internal.NoJtaPlatform]
2021-04-18 16:26:27.605  INFO 9340 --- [restartedMain] j.LocalContainerEntityManagerFactoryBean : Initialized JPA EntityManagerFactory for persistence unit 'default'
2021-04-18 16:26:27.680  INFO 9340 --- [restartedMain] o.s.b.d.a.OptionalLiveReloadServer       : LiveReload server is running on port 35729
2021-04-18 16:26:27.885  WARN 9340 --- [restartedMain] JpaBaseConfiguration$JpaWebConfiguration : spring.jpa.open-in-view is enabled by default. Therefore, database queries may be performed during view rendering. Explicitly configure spring.jpa.open-in-view to disable this warning
2021-04-18 16:26:30.015 DEBUG 9340 --- [restartedMain] .PrePostAnnotationSecurityMetadataSource : @org.springframework.security.access.prepost.PostAuthorize(value="hasAuthority('USER_GET_CERTIFICATE_DTO_BY_SERIAL_NUMBER_PRIVILEGE')") found on specific method: public org.springframework.http.ResponseEntity bsep.bsep.controller.CertificateController.checkCertificateValidity(java.lang.String)
2021-04-18 16:26:30.156 DEBUG 9340 --- [restartedMain] m.DelegatingMethodSecurityMetadataSource : Caching method [CacheKey[bsep.bsep.controller.CertificateController; public org.springframework.http.ResponseEntity bsep.bsep.controller.CertificateController.checkCertificateValidity(java.lang.String)]] with attributes [[authorize: 'permitAll', filter: 'null', filterTarget: 'null'], [authorize: 'hasAuthority('USER_GET_CERTIFICATE_DTO_BY_SERIAL_NUMBER_PRIVILEGE')', filter: 'null']]
2021-04-18 16:26:30.187 DEBUG 9340 --- [restartedMain] .PrePostAnnotationSecurityMetadataSource : @org.springframework.security.access.prepost.PostAuthorize(value="hasAuthority('USER_ALL_REVOKED_OR_EXPIRED_CERTIFICATES_PRIVILEGE')") found on specific method: public org.springframework.http.ResponseEntity bsep.bsep.controller.CertificateController.allRevokedOrExpiredCertificates()
2021-04-18 16:26:30.187 DEBUG 9340 --- [restartedMain] m.DelegatingMethodSecurityMetadataSource : Caching method [CacheKey[bsep.bsep.controller.CertificateController; public org.springframework.http.ResponseEntity bsep.bsep.controller.CertificateController.allRevokedOrExpiredCertificates()]] with attributes [[authorize: 'permitAll', filter: 'null', filterTarget: 'null'], [authorize: 'hasAuthority('USER_ALL_REVOKED_OR_EXPIRED_CERTIFICATES_PRIVILEGE')', filter: 'null']]
2021-04-18 16:26:30.187 DEBUG 9340 --- [restartedMain] .PrePostAnnotationSecurityMetadataSource : @org.springframework.security.access.prepost.PostAuthorize(value="hasAuthority('USER_GET_CERTIFICATE_DTO_BY_SERIAL_NUMBER_PRIVILEGE')") found on specific method: public org.springframework.http.ResponseEntity bsep.bsep.controller.CertificateController.getCertificateDTOBySerialNumber(java.lang.String)
2021-04-18 16:26:30.187 DEBUG 9340 --- [restartedMain] m.DelegatingMethodSecurityMetadataSource : Caching method [CacheKey[bsep.bsep.controller.CertificateController; public org.springframework.http.ResponseEntity bsep.bsep.controller.CertificateController.getCertificateDTOBySerialNumber(java.lang.String)]] with attributes [[authorize: 'permitAll', filter: 'null', filterTarget: 'null'], [authorize: 'hasAuthority('USER_GET_CERTIFICATE_DTO_BY_SERIAL_NUMBER_PRIVILEGE')', filter: 'null']]
2021-04-18 16:26:30.187 DEBUG 9340 --- [restartedMain] .PrePostAnnotationSecurityMetadataSource : @org.springframework.security.access.prepost.PostAuthorize(value="hasAuthority('USER_ALL_VALID_CERTIFICATES_PRIVILEGE')") found on specific method: public org.springframework.http.ResponseEntity bsep.bsep.controller.CertificateController.allValidCertificates(java.lang.String)
2021-04-18 16:26:30.187 DEBUG 9340 --- [restartedMain] m.DelegatingMethodSecurityMetadataSource : Caching method [CacheKey[bsep.bsep.controller.CertificateController; public org.springframework.http.ResponseEntity bsep.bsep.controller.CertificateController.allValidCertificates(java.lang.String)]] with attributes [[authorize: 'permitAll', filter: 'null', filterTarget: 'null'], [authorize: 'hasAuthority('USER_ALL_VALID_CERTIFICATES_PRIVILEGE')', filter: 'null']]
2021-04-18 16:26:30.187 DEBUG 9340 --- [restartedMain] .PrePostAnnotationSecurityMetadataSource : @org.springframework.security.access.prepost.PostAuthorize(value="hasAuthority('USER_REVOKE_CERTIFICATE_PRIVILEGE')") found on specific method: public org.springframework.http.ResponseEntity bsep.bsep.controller.CertificateController.revokeCertificate(java.lang.String)
2021-04-18 16:26:30.187 DEBUG 9340 --- [restartedMain] m.DelegatingMethodSecurityMetadataSource : Caching method [CacheKey[bsep.bsep.controller.CertificateController; public org.springframework.http.ResponseEntity bsep.bsep.controller.CertificateController.revokeCertificate(java.lang.String)]] with attributes [[authorize: 'permitAll', filter: 'null', filterTarget: 'null'], [authorize: 'hasAuthority('USER_REVOKE_CERTIFICATE_PRIVILEGE')', filter: 'null']]
2021-04-18 16:26:30.187 DEBUG 9340 --- [restartedMain] .PrePostAnnotationSecurityMetadataSource : @org.springframework.security.access.prepost.PostAuthorize(value="hasAuthority('USER_GET_ALL_VALID_CERTIFICATES_DTO_PRIVILEGE')") found on specific method: public org.springframework.http.ResponseEntity bsep.bsep.controller.CertificateController.loadToFile(java.lang.String)
2021-04-18 16:26:30.202 DEBUG 9340 --- [restartedMain] m.DelegatingMethodSecurityMetadataSource : Caching method [CacheKey[bsep.bsep.controller.CertificateController; public org.springframework.http.ResponseEntity bsep.bsep.controller.CertificateController.loadToFile(java.lang.String)]] with attributes [[authorize: 'permitAll', filter: 'null', filterTarget: 'null'], [authorize: 'hasAuthority('USER_GET_ALL_VALID_CERTIFICATES_DTO_PRIVILEGE')', filter: 'null']]
2021-04-18 16:26:30.202 DEBUG 9340 --- [restartedMain] .PrePostAnnotationSecurityMetadataSource : @org.springframework.security.access.prepost.PostAuthorize(value="hasAuthority('USER_CREATE_CERTIFICATE_PRIVILEGE')") found on specific method: public org.springframework.http.ResponseEntity bsep.bsep.controller.CertificateController.createCertificate(bsep.bsep.dto.CertificateInfoDTO)
2021-04-18 16:26:30.202 DEBUG 9340 --- [restartedMain] m.DelegatingMethodSecurityMetadataSource : Caching method [CacheKey[bsep.bsep.controller.CertificateController; public org.springframework.http.ResponseEntity bsep.bsep.controller.CertificateController.createCertificate(bsep.bsep.dto.CertificateInfoDTO)]] with attributes [[authorize: 'permitAll', filter: 'null', filterTarget: 'null'], [authorize: 'hasAuthority('USER_CREATE_CERTIFICATE_PRIVILEGE')', filter: 'null']]
2021-04-18 16:26:30.973  INFO 9340 --- [restartedMain] o.s.s.web.DefaultSecurityFilterChain     : Will secure Ant [pattern='/users/confirm_account/*', PUT] with []
2021-04-18 16:26:30.973  INFO 9340 --- [restartedMain] o.s.s.web.DefaultSecurityFilterChain     : Will secure Ant [pattern='/users/changePassword', PUT] with []
2021-04-18 16:26:30.973  INFO 9340 --- [restartedMain] o.s.s.web.DefaultSecurityFilterChain     : Will secure Ant [pattern='/users/login', POST] with []
2021-04-18 16:26:30.973  INFO 9340 --- [restartedMain] o.s.s.web.DefaultSecurityFilterChain     : Will secure Ant [pattern='/users/register', POST] with []
2021-04-18 16:26:30.973  INFO 9340 --- [restartedMain] o.s.s.web.DefaultSecurityFilterChain     : Will secure Ant [pattern='/users/recoverPasswordWithToken', POST] with []
2021-04-18 16:26:30.973  INFO 9340 --- [restartedMain] o.s.s.web.DefaultSecurityFilterChain     : Will secure Ant [pattern='/users/findUserWithToken', POST] with []
2021-04-18 16:26:30.973  INFO 9340 --- [restartedMain] o.s.s.web.DefaultSecurityFilterChain     : Will secure Ant [pattern='/', GET] with []
2021-04-18 16:26:30.973  INFO 9340 --- [restartedMain] o.s.s.web.DefaultSecurityFilterChain     : Will secure Ant [pattern='/webjars/**', GET] with []
2021-04-18 16:26:30.973  INFO 9340 --- [restartedMain] o.s.s.web.DefaultSecurityFilterChain     : Will secure Ant [pattern='/*.html', GET] with []
2021-04-18 16:26:30.973  INFO 9340 --- [restartedMain] o.s.s.web.DefaultSecurityFilterChain     : Will secure Ant [pattern='/favicon.ico', GET] with []
2021-04-18 16:26:30.973  INFO 9340 --- [restartedMain] o.s.s.web.DefaultSecurityFilterChain     : Will secure Ant [pattern='/**/*.html', GET] with []
2021-04-18 16:26:30.973  INFO 9340 --- [restartedMain] o.s.s.web.DefaultSecurityFilterChain     : Will secure Ant [pattern='/**/*.css', GET] with []
2021-04-18 16:26:30.973  INFO 9340 --- [restartedMain] o.s.s.web.DefaultSecurityFilterChain     : Will secure Ant [pattern='/**/*.js', GET] with []
2021-04-18 16:26:30.973  INFO 9340 --- [restartedMain] o.s.s.web.DefaultSecurityFilterChain     : Will secure Ant [pattern='/auth/getRole', GET] with []
2021-04-18 16:26:31.035 DEBUG 9340 --- [restartedMain] edFilterInvocationSecurityMetadataSource : Adding web access control expression [permitAll] for Ant [pattern='/auth/**']
2021-04-18 16:26:31.045 DEBUG 9340 --- [restartedMain] edFilterInvocationSecurityMetadataSource : Adding web access control expression [permitAll] for Ant [pattern='/auth/**/*']
2021-04-18 16:26:31.046 DEBUG 9340 --- [restartedMain] edFilterInvocationSecurityMetadataSource : Adding web access control expression [permitAll] for Ant [pattern='/h2-console/**']
2021-04-18 16:26:31.046 DEBUG 9340 --- [restartedMain] edFilterInvocationSecurityMetadataSource : Adding web access control expression [permitAll] for Ant [pattern='/api/foo']
2021-04-18 16:26:31.046 DEBUG 9340 --- [restartedMain] edFilterInvocationSecurityMetadataSource : Adding web access control expression [permitAll] for Ant [pattern='/api/**']
2021-04-18 16:26:31.046 DEBUG 9340 --- [restartedMain] edFilterInvocationSecurityMetadataSource : Adding web access control expression [permitAll] for Ant [pattern='/users/login']
2021-04-18 16:26:31.046 DEBUG 9340 --- [restartedMain] edFilterInvocationSecurityMetadataSource : Adding web access control expression [permitAll] for Ant [pattern='/users/register']
2021-04-18 16:26:31.046 DEBUG 9340 --- [restartedMain] edFilterInvocationSecurityMetadataSource : Adding web access control expression [permitAll] for Ant [pattern='/users/changePassword']
2021-04-18 16:26:31.046 DEBUG 9340 --- [restartedMain] edFilterInvocationSecurityMetadataSource : Adding web access control expression [permitAll] for Ant [pattern='/users/findUserWithToken']
2021-04-18 16:26:31.046 DEBUG 9340 --- [restartedMain] edFilterInvocationSecurityMetadataSource : Adding web access control expression [permitAll] for Ant [pattern='/users/recoverPasswordWithToken']
2021-04-18 16:26:31.046 DEBUG 9340 --- [restartedMain] edFilterInvocationSecurityMetadataSource : Adding web access control expression [permitAll] for Ant [pattern='/users/confirm_account/*']
2021-04-18 16:26:31.046 DEBUG 9340 --- [restartedMain] edFilterInvocationSecurityMetadataSource : Adding web access control expression [authenticated] for any request
2021-04-18 16:26:31.061  INFO 9340 --- [restartedMain] o.s.s.web.DefaultSecurityFilterChain     : Will secure any request with [org.springframework.security.web.context.request.async.WebAsyncManagerIntegrationFilter@119b503c, org.springframework.security.web.context.SecurityContextPersistenceFilter@542a96ef, org.springframework.security.web.header.HeaderWriterFilter@5ffcaace, org.springframework.web.filter.CorsFilter@1dcb8235, org.springframework.security.web.authentication.logout.LogoutFilter@49272765, bsep.bsep.security.TokenAuthenticationFilter@8c04d15, org.springframework.security.web.savedrequest.RequestCacheAwareFilter@11da6e50, org.springframework.security.web.servletapi.SecurityContextHolderAwareRequestFilter@3b6ebc16, org.springframework.security.web.authentication.AnonymousAuthenticationFilter@bba71c, org.springframework.security.web.session.SessionManagementFilter@4ec74614, org.springframework.security.web.access.ExceptionTranslationFilter@7ab36707, org.springframework.security.web.access.intercept.FilterSecurityInterceptor@563c952c]
2021-04-18 16:26:31.583  WARN 9340 --- [restartedMain] ion$DefaultTemplateResolverConfiguration : Cannot find template location: classpath:/templates/ (please add some templates or check your Thymeleaf configuration)
2021-04-18 16:26:32.384  INFO 9340 --- [restartedMain] o.s.b.w.embedded.tomcat.TomcatWebServer  : Tomcat started on port(s): 8080 (https) with context path ''
2021-04-18 16:26:32.391  INFO 9340 --- [restartedMain] bsep.bsep.BsepApplication                : Started BsepApplication in 23.719 seconds (JVM running for 25.295)
2021-04-18 16:29:05.733  INFO 9340 --- [https-jsse-nio-8080-exec-6] o.a.c.c.C.[Tomcat].[localhost].[/]       : Initializing Spring DispatcherServlet 'dispatcherServlet'
2021-04-18 16:29:05.739  INFO 9340 --- [https-jsse-nio-8080-exec-6] o.s.web.servlet.DispatcherServlet        : Initializing Servlet 'dispatcherServlet'
2021-04-18 16:29:05.742  INFO 9340 --- [https-jsse-nio-8080-exec-6] o.s.web.servlet.DispatcherServlet        : Completed initialization in 2 ms
2021-04-18 16:29:05.757 DEBUG 9340 --- [https-jsse-nio-8080-exec-6] o.s.security.web.FilterChainProxy        : Securing OPTIONS /users/login
2021-04-18 16:29:05.788 DEBUG 9340 --- [https-jsse-nio-8080-exec-6] s.s.w.c.SecurityContextPersistenceFilter : Set SecurityContextHolder to empty SecurityContext
2021-04-18 16:29:06.087 DEBUG 9340 --- [https-jsse-nio-8080-exec-6] s.s.w.c.SecurityContextPersistenceFilter : Cleared SecurityContextHolder to complete request
2021-04-18 16:29:09.982 DEBUG 9340 --- [https-jsse-nio-8080-exec-5] o.s.s.a.dao.DaoAuthenticationProvider    : Authenticated user
2021-04-18 16:29:11.098  INFO 9340 --- [https-jsse-nio-8080-exec-5] bsep.bsep.service.UserService            : action=login status=success userEmail=jana.jaksic@gmail.com
2021-04-18 16:29:11.411 DEBUG 9340 --- [https-jsse-nio-8080-exec-7] o.s.security.web.FilterChainProxy        : Securing OPTIONS /users/redirectMeToMyHomePage
2021-04-18 16:29:11.412 DEBUG 9340 --- [https-jsse-nio-8080-exec-7] s.s.w.c.SecurityContextPersistenceFilter : Set SecurityContextHolder to empty SecurityContext
2021-04-18 16:29:11.414 DEBUG 9340 --- [https-jsse-nio-8080-exec-7] s.s.w.c.SecurityContextPersistenceFilter : Cleared SecurityContextHolder to complete request
2021-04-18 16:29:11.426 DEBUG 9340 --- [https-jsse-nio-8080-exec-8] o.s.security.web.FilterChainProxy        : Securing GET /users/redirectMeToMyHomePage
2021-04-18 16:29:11.426 DEBUG 9340 --- [https-jsse-nio-8080-exec-8] s.s.w.c.SecurityContextPersistenceFilter : Set SecurityContextHolder to empty SecurityContext
2021-04-18 16:29:11.660 DEBUG 9340 --- [https-jsse-nio-8080-exec-8] o.s.s.w.a.i.FilterSecurityInterceptor    : Authorized filter invocation [GET /users/redirectMeToMyHomePage] with attributes [authenticated]
2021-04-18 16:29:11.661 DEBUG 9340 --- [https-jsse-nio-8080-exec-8] o.s.security.web.FilterChainProxy        : Secured GET /users/redirectMeToMyHomePage
2021-04-18 16:29:11.663  INFO 9340 --- [https-jsse-nio-8080-exec-8] bsep.bsep.service.UserService            : action=redirectMeToMyHomePage status=success
2021-04-18 16:29:11.723 DEBUG 9340 --- [https-jsse-nio-8080-exec-8] s.s.w.c.SecurityContextPersistenceFilter : Cleared SecurityContextHolder to complete request
2021-04-18 16:29:36.177 ERROR 9340 --- [https-jsse-nio-8080-exec-3] o.a.c.c.C.[.[.[/].[dispatcherServlet]    : Servlet.service() for servlet [dispatcherServlet] in context with path [] threw exception [Request processing failed; nested exception is java.lang.NullPointerException] with root cause

java.lang.NullPointerException: null
	at bsep.bsep.controller.UserController.login(UserController.java:168) ~[classes/:na]
	at java.base/jdk.internal.reflect.NativeMethodAccessorImpl.invoke0(Native Method) ~[na:na]
	at java.base/jdk.internal.reflect.NativeMethodAccessorImpl.invoke(NativeMethodAccessorImpl.java:62) ~[na:na]
	at java.base/jdk.internal.reflect.DelegatingMethodAccessorImpl.invoke(DelegatingMethodAccessorImpl.java:43) ~[na:na]
	at java.base/java.lang.reflect.Method.invoke(Method.java:566) ~[na:na]
	at org.springframework.web.method.support.InvocableHandlerMethod.doInvoke(InvocableHandlerMethod.java:197) ~[spring-web-5.3.4.jar:5.3.4]
	at org.springframework.web.method.support.InvocableHandlerMethod.invokeForRequest(InvocableHandlerMethod.java:141) ~[spring-web-5.3.4.jar:5.3.4]
	at org.springframework.web.servlet.mvc.method.annotation.ServletInvocableHandlerMethod.invokeAndHandle(ServletInvocableHandlerMethod.java:106) ~[spring-webmvc-5.3.4.jar:5.3.4]
	at org.springframework.web.servlet.mvc.method.annotation.RequestMappingHandlerAdapter.invokeHandlerMethod(RequestMappingHandlerAdapter.java:894) ~[spring-webmvc-5.3.4.jar:5.3.4]
	at org.springframework.web.servlet.mvc.method.annotation.RequestMappingHandlerAdapter.handleInternal(RequestMappingHandlerAdapter.java:808) ~[spring-webmvc-5.3.4.jar:5.3.4]
	at org.springframework.web.servlet.mvc.method.AbstractHandlerMethodAdapter.handle(AbstractHandlerMethodAdapter.java:87) ~[spring-webmvc-5.3.4.jar:5.3.4]
	at org.springframework.web.servlet.DispatcherServlet.doDispatch(DispatcherServlet.java:1060) ~[spring-webmvc-5.3.4.jar:5.3.4]
	at org.springframework.web.servlet.DispatcherServlet.doService(DispatcherServlet.java:962) ~[spring-webmvc-5.3.4.jar:5.3.4]
	at org.springframework.web.servlet.FrameworkServlet.processRequest(FrameworkServlet.java:1006) ~[spring-webmvc-5.3.4.jar:5.3.4]
	at org.springframework.web.servlet.FrameworkServlet.doPost(FrameworkServlet.java:909) ~[spring-webmvc-5.3.4.jar:5.3.4]
	at javax.servlet.http.HttpServlet.service(HttpServlet.java:652) ~[tomcat-embed-core-9.0.43.jar:4.0.FR]
	at org.springframework.web.servlet.FrameworkServlet.service(FrameworkServlet.java:883) ~[spring-webmvc-5.3.4.jar:5.3.4]
	at javax.servlet.http.HttpServlet.service(HttpServlet.java:733) ~[tomcat-embed-core-9.0.43.jar:4.0.FR]
	at org.apache.catalina.core.ApplicationFilterChain.internalDoFilter(ApplicationFilterChain.java:227) ~[tomcat-embed-core-9.0.43.jar:9.0.43]
	at org.apache.catalina.core.ApplicationFilterChain.doFilter(ApplicationFilterChain.java:162) ~[tomcat-embed-core-9.0.43.jar:9.0.43]
	at org.apache.tomcat.websocket.server.WsFilter.doFilter(WsFilter.java:53) ~[tomcat-embed-websocket-9.0.43.jar:9.0.43]
	at org.apache.catalina.core.ApplicationFilterChain.internalDoFilter(ApplicationFilterChain.java:189) ~[tomcat-embed-core-9.0.43.jar:9.0.43]
	at org.apache.catalina.core.ApplicationFilterChain.doFilter(ApplicationFilterChain.java:162) ~[tomcat-embed-core-9.0.43.jar:9.0.43]
	at org.springframework.security.web.FilterChainProxy.doFilterInternal(FilterChainProxy.java:204) ~[spring-security-web-5.4.5.jar:5.4.5]
	at org.springframework.security.web.FilterChainProxy.doFilter(FilterChainProxy.java:183) ~[spring-security-web-5.4.5.jar:5.4.5]
	at org.springframework.web.filter.DelegatingFilterProxy.invokeDelegate(DelegatingFilterProxy.java:358) ~[spring-web-5.3.4.jar:5.3.4]
	at org.springframework.web.filter.DelegatingFilterProxy.doFilter(DelegatingFilterProxy.java:271) ~[spring-web-5.3.4.jar:5.3.4]
	at org.apache.catalina.core.ApplicationFilterChain.internalDoFilter(ApplicationFilterChain.java:189) ~[tomcat-embed-core-9.0.43.jar:9.0.43]
	at org.apache.catalina.core.ApplicationFilterChain.doFilter(ApplicationFilterChain.java:162) ~[tomcat-embed-core-9.0.43.jar:9.0.43]
	at org.springframework.web.filter.CharacterEncodingFilter.doFilterInternal(CharacterEncodingFilter.java:201) ~[spring-web-5.3.4.jar:5.3.4]
	at org.springframework.web.filter.OncePerRequestFilter.doFilter(OncePerRequestFilter.java:119) ~[spring-web-5.3.4.jar:5.3.4]
	at org.apache.catalina.core.ApplicationFilterChain.internalDoFilter(ApplicationFilterChain.java:189) ~[tomcat-embed-core-9.0.43.jar:9.0.43]
	at org.apache.catalina.core.ApplicationFilterChain.doFilter(ApplicationFilterChain.java:162) ~[tomcat-embed-core-9.0.43.jar:9.0.43]
	at org.apache.catalina.core.StandardWrapperValve.invoke(StandardWrapperValve.java:202) ~[tomcat-embed-core-9.0.43.jar:9.0.43]
	at org.apache.catalina.core.StandardContextValve.invoke(StandardContextValve.java:97) ~[tomcat-embed-core-9.0.43.jar:9.0.43]
	at org.apache.catalina.authenticator.AuthenticatorBase.invoke(AuthenticatorBase.java:542) ~[tomcat-embed-core-9.0.43.jar:9.0.43]
	at org.apache.catalina.core.StandardHostValve.invoke(StandardHostValve.java:143) ~[tomcat-embed-core-9.0.43.jar:9.0.43]
	at org.apache.catalina.valves.ErrorReportValve.invoke(ErrorReportValve.java:92) ~[tomcat-embed-core-9.0.43.jar:9.0.43]
	at org.apache.catalina.core.StandardEngineValve.invoke(StandardEngineValve.java:78) ~[tomcat-embed-core-9.0.43.jar:9.0.43]
	at org.apache.catalina.connector.CoyoteAdapter.service(CoyoteAdapter.java:346) ~[tomcat-embed-core-9.0.43.jar:9.0.43]
	at org.apache.coyote.http11.Http11Processor.service(Http11Processor.java:374) ~[tomcat-embed-core-9.0.43.jar:9.0.43]
	at org.apache.coyote.AbstractProcessorLight.process(AbstractProcessorLight.java:65) ~[tomcat-embed-core-9.0.43.jar:9.0.43]
	at org.apache.coyote.AbstractProtocol$ConnectionHandler.process(AbstractProtocol.java:887) ~[tomcat-embed-core-9.0.43.jar:9.0.43]
	at org.apache.tomcat.util.net.NioEndpoint$SocketProcessor.doRun(NioEndpoint.java:1684) ~[tomcat-embed-core-9.0.43.jar:9.0.43]
	at org.apache.tomcat.util.net.SocketProcessorBase.run(SocketProcessorBase.java:49) ~[tomcat-embed-core-9.0.43.jar:9.0.43]
	at java.base/java.util.concurrent.ThreadPoolExecutor.runWorker(ThreadPoolExecutor.java:1128) ~[na:na]
	at java.base/java.util.concurrent.ThreadPoolExecutor$Worker.run(ThreadPoolExecutor.java:628) ~[na:na]
	at org.apache.tomcat.util.threads.TaskThread$WrappingRunnable.run(TaskThread.java:61) ~[tomcat-embed-core-9.0.43.jar:9.0.43]
	at java.base/java.lang.Thread.run(Thread.java:834) ~[na:na]

2021-04-18 16:29:36.187 DEBUG 9340 --- [https-jsse-nio-8080-exec-3] o.s.security.web.FilterChainProxy        : Securing POST /error
2021-04-18 16:29:36.188 DEBUG 9340 --- [https-jsse-nio-8080-exec-3] s.s.w.c.SecurityContextPersistenceFilter : Set SecurityContextHolder to empty SecurityContext
2021-04-18 16:29:36.189 DEBUG 9340 --- [https-jsse-nio-8080-exec-3] o.s.s.w.a.AnonymousAuthenticationFilter  : Set SecurityContextHolder to anonymous SecurityContext
2021-04-18 16:29:36.191 DEBUG 9340 --- [https-jsse-nio-8080-exec-3] o.s.s.w.a.i.FilterSecurityInterceptor    : Failed to authorize filter invocation [POST /error] with attributes [authenticated]
2021-04-18 16:29:36.250 DEBUG 9340 --- [https-jsse-nio-8080-exec-3] s.s.w.c.SecurityContextPersistenceFilter : Cleared SecurityContextHolder to complete request
2021-04-18 16:35:33.457  INFO 9340 --- [Thread-5] j.LocalContainerEntityManagerFactoryBean : Closing JPA EntityManagerFactory for persistence unit 'default'
2021-04-18 16:35:33.467  INFO 9340 --- [Thread-5] .SchemaDropperImpl$DelayedDropActionImpl : HHH000477: Starting delayed evictData of schema as part of SessionFactory shut-down'
2021-04-18 16:35:33.872  INFO 9340 --- [Thread-5] com.zaxxer.hikari.HikariDataSource       : HikariPool-1 - Shutdown initiated...
2021-04-18 16:35:33.919  INFO 9340 --- [Thread-5] com.zaxxer.hikari.HikariDataSource       : HikariPool-1 - Shutdown completed.
2021-04-18 16:35:34.422  INFO 9340 --- [restartedMain] bsep.bsep.BsepApplication                : Starting BsepApplication using Java 11.0.10 on Tamara with PID 9340 (C:\Users\Velickovic\Desktop\BSEP\PROJEKAT\XML-and-BSEP\BSEP\bsep\target\classes started by Velickovic in C:\Users\Velickovic\Desktop\BSEP\PROJEKAT\XML-and-BSEP\BSEP\bsep)
2021-04-18 16:35:34.422  INFO 9340 --- [restartedMain] bsep.bsep.BsepApplication                : No active profile set, falling back to default profiles: default
2021-04-18 16:36:29.257  INFO 12572 --- [restartedMain] bsep.bsep.BsepApplication                : Starting BsepApplication using Java 11.0.10 on Tamara with PID 12572 (C:\Users\Velickovic\Desktop\BSEP\PROJEKAT\XML-and-BSEP\BSEP\bsep\target\classes started by Velickovic in C:\Users\Velickovic\Desktop\BSEP\PROJEKAT\XML-and-BSEP\BSEP\bsep)
2021-04-18 16:36:29.257  INFO 12572 --- [restartedMain] bsep.bsep.BsepApplication                : No active profile set, falling back to default profiles: default
2021-04-18 16:36:29.522  INFO 12572 --- [restartedMain] .e.DevToolsPropertyDefaultsPostProcessor : Devtools property defaults active! Set 'spring.devtools.add-properties' to 'false' to disable
2021-04-18 16:36:29.522  INFO 12572 --- [restartedMain] .e.DevToolsPropertyDefaultsPostProcessor : For additional web related logging consider setting the 'logging.level.web' property to 'DEBUG'
2021-04-18 16:36:31.549  INFO 12572 --- [restartedMain] .s.d.r.c.RepositoryConfigurationDelegate : Bootstrapping Spring Data JPA repositories in DEFAULT mode.
2021-04-18 16:36:31.801  INFO 12572 --- [restartedMain] .s.d.r.c.RepositoryConfigurationDelegate : Finished Spring Data repository scanning in 218 ms. Found 5 JPA repository interfaces.
2021-04-18 16:36:32.860  INFO 12572 --- [restartedMain] trationDelegate$BeanPostProcessorChecker : Bean 'org.springframework.security.access.expression.method.DefaultMethodSecurityExpressionHandler@26441b8a' of type [org.springframework.security.access.expression.method.DefaultMethodSecurityExpressionHandler] is not eligible for getting processed by all BeanPostProcessors (for example: not eligible for auto-proxying)
2021-04-18 16:36:32.871  INFO 12572 --- [restartedMain] trationDelegate$BeanPostProcessorChecker : Bean 'methodSecurityMetadataSource' of type [org.springframework.security.access.method.DelegatingMethodSecurityMetadataSource] is not eligible for getting processed by all BeanPostProcessors (for example: not eligible for auto-proxying)
2021-04-18 16:36:35.605  INFO 12572 --- [restartedMain] o.s.b.w.embedded.tomcat.TomcatWebServer  : Tomcat initialized with port(s): 8080 (https)
2021-04-18 16:36:35.720  INFO 12572 --- [restartedMain] o.apache.catalina.core.StandardService   : Starting service [Tomcat]
2021-04-18 16:36:35.720  INFO 12572 --- [restartedMain] org.apache.catalina.core.StandardEngine  : Starting Servlet engine: [Apache Tomcat/9.0.43]
2021-04-18 16:36:36.002  INFO 12572 --- [restartedMain] o.a.c.c.C.[Tomcat].[localhost].[/]       : Initializing Spring embedded WebApplicationContext
2021-04-18 16:36:36.002  INFO 12572 --- [restartedMain] w.s.c.ServletWebServerApplicationContext : Root WebApplicationContext: initialization completed in 6480 ms
2021-04-18 16:36:36.171  INFO 12572 --- [restartedMain] com.zaxxer.hikari.HikariDataSource       : HikariPool-1 - Starting...
2021-04-18 16:36:36.970  INFO 12572 --- [restartedMain] com.zaxxer.hikari.HikariDataSource       : HikariPool-1 - Start completed.
2021-04-18 16:36:36.984  INFO 12572 --- [restartedMain] o.s.b.a.h2.H2ConsoleAutoConfiguration    : H2 console available at '/h2-console'. Database available at 'jdbc:postgresql://localhost:5432/BSEP'
2021-04-18 16:36:37.580  INFO 12572 --- [restartedMain] o.hibernate.jpa.internal.util.LogHelper  : HHH000204: Processing PersistenceUnitInfo [name: default]
2021-04-18 16:36:37.957  INFO 12572 --- [restartedMain] org.hibernate.Version                    : HHH000412: Hibernate ORM core version 5.4.28.Final
2021-04-18 16:36:39.257  INFO 12572 --- [restartedMain] o.hibernate.annotations.common.Version   : HCANN000001: Hibernate Commons Annotations {5.1.2.Final}
2021-04-18 16:36:39.597  INFO 12572 --- [restartedMain] org.hibernate.dialect.Dialect            : HHH000400: Using dialect: org.hibernate.dialect.PostgreSQL95Dialect
2021-04-18 16:36:42.012  WARN 12572 --- [restartedMain] o.h.engine.jdbc.spi.SqlExceptionHelper   : SQL Warning Code: 0, SQLState: 00000
2021-04-18 16:36:42.012  WARN 12572 --- [restartedMain] o.h.engine.jdbc.spi.SqlExceptionHelper   : relation "confirmation_tokens" does not exist, skipping
2021-04-18 16:36:42.012  WARN 12572 --- [restartedMain] o.h.engine.jdbc.spi.SqlExceptionHelper   : SQL Warning Code: 0, SQLState: 00000
2021-04-18 16:36:42.012  WARN 12572 --- [restartedMain] o.h.engine.jdbc.spi.SqlExceptionHelper   : relation "recovery_password_tokens" does not exist, skipping
2021-04-18 16:36:42.012  WARN 12572 --- [restartedMain] o.h.engine.jdbc.spi.SqlExceptionHelper   : SQL Warning Code: 0, SQLState: 00000
2021-04-18 16:36:42.012  WARN 12572 --- [restartedMain] o.h.engine.jdbc.spi.SqlExceptionHelper   : relation "users_authorities" does not exist, skipping
2021-04-18 16:36:42.028  WARN 12572 --- [restartedMain] o.h.engine.jdbc.spi.SqlExceptionHelper   : SQL Warning Code: 0, SQLState: 00000
2021-04-18 16:36:42.028  WARN 12572 --- [restartedMain] o.h.engine.jdbc.spi.SqlExceptionHelper   : relation "users_authorities" does not exist, skipping
2021-04-18 16:36:42.028  WARN 12572 --- [restartedMain] o.h.engine.jdbc.spi.SqlExceptionHelper   : SQL Warning Code: 0, SQLState: 00000
2021-04-18 16:36:42.028  WARN 12572 --- [restartedMain] o.h.engine.jdbc.spi.SqlExceptionHelper   : table "authority" does not exist, skipping
2021-04-18 16:36:42.028  WARN 12572 --- [restartedMain] o.h.engine.jdbc.spi.SqlExceptionHelper   : SQL Warning Code: 0, SQLState: 00000
2021-04-18 16:36:42.028  WARN 12572 --- [restartedMain] o.h.engine.jdbc.spi.SqlExceptionHelper   : table "certificate_data" does not exist, skipping
2021-04-18 16:36:42.028  WARN 12572 --- [restartedMain] o.h.engine.jdbc.spi.SqlExceptionHelper   : SQL Warning Code: 0, SQLState: 00000
2021-04-18 16:36:42.028  WARN 12572 --- [restartedMain] o.h.engine.jdbc.spi.SqlExceptionHelper   : table "confirmation_tokens" does not exist, skipping
2021-04-18 16:36:42.043  WARN 12572 --- [restartedMain] o.h.engine.jdbc.spi.SqlExceptionHelper   : SQL Warning Code: 0, SQLState: 00000
2021-04-18 16:36:42.043  WARN 12572 --- [restartedMain] o.h.engine.jdbc.spi.SqlExceptionHelper   : table "recovery_password_tokens" does not exist, skipping
2021-04-18 16:36:42.043  WARN 12572 --- [restartedMain] o.h.engine.jdbc.spi.SqlExceptionHelper   : SQL Warning Code: 0, SQLState: 00000
2021-04-18 16:36:42.043  WARN 12572 --- [restartedMain] o.h.engine.jdbc.spi.SqlExceptionHelper   : table "users" does not exist, skipping
2021-04-18 16:36:42.043  WARN 12572 --- [restartedMain] o.h.engine.jdbc.spi.SqlExceptionHelper   : SQL Warning Code: 0, SQLState: 00000
2021-04-18 16:36:42.043  WARN 12572 --- [restartedMain] o.h.engine.jdbc.spi.SqlExceptionHelper   : table "users_authorities" does not exist, skipping
2021-04-18 16:36:42.043  WARN 12572 --- [restartedMain] o.h.engine.jdbc.spi.SqlExceptionHelper   : SQL Warning Code: 0, SQLState: 00000
2021-04-18 16:36:42.043  WARN 12572 --- [restartedMain] o.h.engine.jdbc.spi.SqlExceptionHelper   : sequence "certificate_id_seq" does not exist, skipping
2021-04-18 16:36:42.059  WARN 12572 --- [restartedMain] o.h.engine.jdbc.spi.SqlExceptionHelper   : SQL Warning Code: 0, SQLState: 00000
2021-04-18 16:36:42.059  WARN 12572 --- [restartedMain] o.h.engine.jdbc.spi.SqlExceptionHelper   : sequence "my_seq_authority" does not exist, skipping
2021-04-18 16:36:42.059  WARN 12572 --- [restartedMain] o.h.engine.jdbc.spi.SqlExceptionHelper   : SQL Warning Code: 0, SQLState: 00000
2021-04-18 16:36:42.059  WARN 12572 --- [restartedMain] o.h.engine.jdbc.spi.SqlExceptionHelper   : sequence "my_seq_confirmation_token" does not exist, skipping
2021-04-18 16:36:42.059  WARN 12572 --- [restartedMain] o.h.engine.jdbc.spi.SqlExceptionHelper   : SQL Warning Code: 0, SQLState: 00000
2021-04-18 16:36:42.059  WARN 12572 --- [restartedMain] o.h.engine.jdbc.spi.SqlExceptionHelper   : sequence "my_seq_recover_password_token" does not exist, skipping
2021-04-18 16:36:42.059  WARN 12572 --- [restartedMain] o.h.engine.jdbc.spi.SqlExceptionHelper   : SQL Warning Code: 0, SQLState: 00000
2021-04-18 16:36:42.059  WARN 12572 --- [restartedMain] o.h.engine.jdbc.spi.SqlExceptionHelper   : sequence "my_seq_users" does not exist, skipping
2021-04-18 16:36:42.973  INFO 12572 --- [restartedMain] o.h.e.t.j.p.i.JtaPlatformInitiator       : HHH000490: Using JtaPlatform implementation: [org.hibernate.engine.transaction.jta.platform.internal.NoJtaPlatform]
2021-04-18 16:36:43.011  INFO 12572 --- [restartedMain] j.LocalContainerEntityManagerFactoryBean : Initialized JPA EntityManagerFactory for persistence unit 'default'
2021-04-18 16:36:43.069  INFO 12572 --- [restartedMain] o.s.b.d.a.OptionalLiveReloadServer       : LiveReload server is running on port 35729
2021-04-18 16:36:43.288  WARN 12572 --- [restartedMain] JpaBaseConfiguration$JpaWebConfiguration : spring.jpa.open-in-view is enabled by default. Therefore, database queries may be performed during view rendering. Explicitly configure spring.jpa.open-in-view to disable this warning
2021-04-18 16:36:45.704 DEBUG 12572 --- [restartedMain] .PrePostAnnotationSecurityMetadataSource : @org.springframework.security.access.prepost.PostAuthorize(value="hasAuthority('USER_GET_CERTIFICATE_DTO_BY_SERIAL_NUMBER_PRIVILEGE')") found on specific method: public org.springframework.http.ResponseEntity bsep.bsep.controller.CertificateController.getCertificateDTOBySerialNumber(java.lang.String)
2021-04-18 16:36:45.761 DEBUG 12572 --- [restartedMain] m.DelegatingMethodSecurityMetadataSource : Caching method [CacheKey[bsep.bsep.controller.CertificateController; public org.springframework.http.ResponseEntity bsep.bsep.controller.CertificateController.getCertificateDTOBySerialNumber(java.lang.String)]] with attributes [[authorize: 'permitAll', filter: 'null', filterTarget: 'null'], [authorize: 'hasAuthority('USER_GET_CERTIFICATE_DTO_BY_SERIAL_NUMBER_PRIVILEGE')', filter: 'null']]
2021-04-18 16:36:45.793 DEBUG 12572 --- [restartedMain] .PrePostAnnotationSecurityMetadataSource : @org.springframework.security.access.prepost.PostAuthorize(value="hasAuthority('USER_ALL_REVOKED_OR_EXPIRED_CERTIFICATES_PRIVILEGE')") found on specific method: public org.springframework.http.ResponseEntity bsep.bsep.controller.CertificateController.allRevokedOrExpiredCertificates()
2021-04-18 16:36:45.793 DEBUG 12572 --- [restartedMain] m.DelegatingMethodSecurityMetadataSource : Caching method [CacheKey[bsep.bsep.controller.CertificateController; public org.springframework.http.ResponseEntity bsep.bsep.controller.CertificateController.allRevokedOrExpiredCertificates()]] with attributes [[authorize: 'permitAll', filter: 'null', filterTarget: 'null'], [authorize: 'hasAuthority('USER_ALL_REVOKED_OR_EXPIRED_CERTIFICATES_PRIVILEGE')', filter: 'null']]
2021-04-18 16:36:45.793 DEBUG 12572 --- [restartedMain] .PrePostAnnotationSecurityMetadataSource : @org.springframework.security.access.prepost.PostAuthorize(value="hasAuthority('USER_ALL_VALID_CERTIFICATES_PRIVILEGE')") found on specific method: public org.springframework.http.ResponseEntity bsep.bsep.controller.CertificateController.allValidCertificates(java.lang.String)
2021-04-18 16:36:45.793 DEBUG 12572 --- [restartedMain] m.DelegatingMethodSecurityMetadataSource : Caching method [CacheKey[bsep.bsep.controller.CertificateController; public org.springframework.http.ResponseEntity bsep.bsep.controller.CertificateController.allValidCertificates(java.lang.String)]] with attributes [[authorize: 'permitAll', filter: 'null', filterTarget: 'null'], [authorize: 'hasAuthority('USER_ALL_VALID_CERTIFICATES_PRIVILEGE')', filter: 'null']]
2021-04-18 16:36:45.793 DEBUG 12572 --- [restartedMain] .PrePostAnnotationSecurityMetadataSource : @org.springframework.security.access.prepost.PostAuthorize(value="hasAuthority('USER_GET_CERTIFICATE_DTO_BY_SERIAL_NUMBER_PRIVILEGE')") found on specific method: public org.springframework.http.ResponseEntity bsep.bsep.controller.CertificateController.checkCertificateValidity(java.lang.String)
2021-04-18 16:36:45.793 DEBUG 12572 --- [restartedMain] m.DelegatingMethodSecurityMetadataSource : Caching method [CacheKey[bsep.bsep.controller.CertificateController; public org.springframework.http.ResponseEntity bsep.bsep.controller.CertificateController.checkCertificateValidity(java.lang.String)]] with attributes [[authorize: 'permitAll', filter: 'null', filterTarget: 'null'], [authorize: 'hasAuthority('USER_GET_CERTIFICATE_DTO_BY_SERIAL_NUMBER_PRIVILEGE')', filter: 'null']]
2021-04-18 16:36:45.793 DEBUG 12572 --- [restartedMain] .PrePostAnnotationSecurityMetadataSource : @org.springframework.security.access.prepost.PostAuthorize(value="hasAuthority('USER_CREATE_CERTIFICATE_PRIVILEGE')") found on specific method: public org.springframework.http.ResponseEntity bsep.bsep.controller.CertificateController.createCertificate(bsep.bsep.dto.CertificateInfoDTO)
2021-04-18 16:36:45.793 DEBUG 12572 --- [restartedMain] m.DelegatingMethodSecurityMetadataSource : Caching method [CacheKey[bsep.bsep.controller.CertificateController; public org.springframework.http.ResponseEntity bsep.bsep.controller.CertificateController.createCertificate(bsep.bsep.dto.CertificateInfoDTO)]] with attributes [[authorize: 'permitAll', filter: 'null', filterTarget: 'null'], [authorize: 'hasAuthority('USER_CREATE_CERTIFICATE_PRIVILEGE')', filter: 'null']]
2021-04-18 16:36:45.793 DEBUG 12572 --- [restartedMain] .PrePostAnnotationSecurityMetadataSource : @org.springframework.security.access.prepost.PostAuthorize(value="hasAuthority('USER_REVOKE_CERTIFICATE_PRIVILEGE')") found on specific method: public org.springframework.http.ResponseEntity bsep.bsep.controller.CertificateController.revokeCertificate(java.lang.String)
2021-04-18 16:36:45.793 DEBUG 12572 --- [restartedMain] m.DelegatingMethodSecurityMetadataSource : Caching method [CacheKey[bsep.bsep.controller.CertificateController; public org.springframework.http.ResponseEntity bsep.bsep.controller.CertificateController.revokeCertificate(java.lang.String)]] with attributes [[authorize: 'permitAll', filter: 'null', filterTarget: 'null'], [authorize: 'hasAuthority('USER_REVOKE_CERTIFICATE_PRIVILEGE')', filter: 'null']]
2021-04-18 16:36:45.808 DEBUG 12572 --- [restartedMain] .PrePostAnnotationSecurityMetadataSource : @org.springframework.security.access.prepost.PostAuthorize(value="hasAuthority('USER_GET_ALL_VALID_CERTIFICATES_DTO_PRIVILEGE')") found on specific method: public org.springframework.http.ResponseEntity bsep.bsep.controller.CertificateController.loadToFile(java.lang.String)
2021-04-18 16:36:45.808 DEBUG 12572 --- [restartedMain] m.DelegatingMethodSecurityMetadataSource : Caching method [CacheKey[bsep.bsep.controller.CertificateController; public org.springframework.http.ResponseEntity bsep.bsep.controller.CertificateController.loadToFile(java.lang.String)]] with attributes [[authorize: 'permitAll', filter: 'null', filterTarget: 'null'], [authorize: 'hasAuthority('USER_GET_ALL_VALID_CERTIFICATES_DTO_PRIVILEGE')', filter: 'null']]
2021-04-18 16:36:46.596  INFO 12572 --- [restartedMain] o.s.s.web.DefaultSecurityFilterChain     : Will secure Ant [pattern='/users/confirm_account/*', PUT] with []
2021-04-18 16:36:46.612  INFO 12572 --- [restartedMain] o.s.s.web.DefaultSecurityFilterChain     : Will secure Ant [pattern='/users/changePassword', PUT] with []
2021-04-18 16:36:46.612  INFO 12572 --- [restartedMain] o.s.s.web.DefaultSecurityFilterChain     : Will secure Ant [pattern='/users/login', POST] with []
2021-04-18 16:36:46.612  INFO 12572 --- [restartedMain] o.s.s.web.DefaultSecurityFilterChain     : Will secure Ant [pattern='/users/register', POST] with []
2021-04-18 16:36:46.612  INFO 12572 --- [restartedMain] o.s.s.web.DefaultSecurityFilterChain     : Will secure Ant [pattern='/users/recoverPasswordWithToken', POST] with []
2021-04-18 16:36:46.612  INFO 12572 --- [restartedMain] o.s.s.web.DefaultSecurityFilterChain     : Will secure Ant [pattern='/users/findUserWithToken', POST] with []
2021-04-18 16:36:46.612  INFO 12572 --- [restartedMain] o.s.s.web.DefaultSecurityFilterChain     : Will secure Ant [pattern='/', GET] with []
2021-04-18 16:36:46.612  INFO 12572 --- [restartedMain] o.s.s.web.DefaultSecurityFilterChain     : Will secure Ant [pattern='/webjars/**', GET] with []
2021-04-18 16:36:46.612  INFO 12572 --- [restartedMain] o.s.s.web.DefaultSecurityFilterChain     : Will secure Ant [pattern='/*.html', GET] with []
2021-04-18 16:36:46.612  INFO 12572 --- [restartedMain] o.s.s.web.DefaultSecurityFilterChain     : Will secure Ant [pattern='/favicon.ico', GET] with []
2021-04-18 16:36:46.612  INFO 12572 --- [restartedMain] o.s.s.web.DefaultSecurityFilterChain     : Will secure Ant [pattern='/**/*.html', GET] with []
2021-04-18 16:36:46.612  INFO 12572 --- [restartedMain] o.s.s.web.DefaultSecurityFilterChain     : Will secure Ant [pattern='/**/*.css', GET] with []
2021-04-18 16:36:46.612  INFO 12572 --- [restartedMain] o.s.s.web.DefaultSecurityFilterChain     : Will secure Ant [pattern='/**/*.js', GET] with []
2021-04-18 16:36:46.612  INFO 12572 --- [restartedMain] o.s.s.web.DefaultSecurityFilterChain     : Will secure Ant [pattern='/auth/getRole', GET] with []
2021-04-18 16:36:46.659 DEBUG 12572 --- [restartedMain] edFilterInvocationSecurityMetadataSource : Adding web access control expression [permitAll] for Ant [pattern='/auth/**']
2021-04-18 16:36:46.674 DEBUG 12572 --- [restartedMain] edFilterInvocationSecurityMetadataSource : Adding web access control expression [permitAll] for Ant [pattern='/auth/**/*']
2021-04-18 16:36:46.674 DEBUG 12572 --- [restartedMain] edFilterInvocationSecurityMetadataSource : Adding web access control expression [permitAll] for Ant [pattern='/h2-console/**']
2021-04-18 16:36:46.674 DEBUG 12572 --- [restartedMain] edFilterInvocationSecurityMetadataSource : Adding web access control expression [permitAll] for Ant [pattern='/api/foo']
2021-04-18 16:36:46.674 DEBUG 12572 --- [restartedMain] edFilterInvocationSecurityMetadataSource : Adding web access control expression [permitAll] for Ant [pattern='/api/**']
2021-04-18 16:36:46.674 DEBUG 12572 --- [restartedMain] edFilterInvocationSecurityMetadataSource : Adding web access control expression [permitAll] for Ant [pattern='/users/login']
2021-04-18 16:36:46.674 DEBUG 12572 --- [restartedMain] edFilterInvocationSecurityMetadataSource : Adding web access control expression [permitAll] for Ant [pattern='/users/register']
2021-04-18 16:36:46.674 DEBUG 12572 --- [restartedMain] edFilterInvocationSecurityMetadataSource : Adding web access control expression [permitAll] for Ant [pattern='/users/changePassword']
2021-04-18 16:36:46.674 DEBUG 12572 --- [restartedMain] edFilterInvocationSecurityMetadataSource : Adding web access control expression [permitAll] for Ant [pattern='/users/findUserWithToken']
2021-04-18 16:36:46.674 DEBUG 12572 --- [restartedMain] edFilterInvocationSecurityMetadataSource : Adding web access control expression [permitAll] for Ant [pattern='/users/recoverPasswordWithToken']
2021-04-18 16:36:46.674 DEBUG 12572 --- [restartedMain] edFilterInvocationSecurityMetadataSource : Adding web access control expression [permitAll] for Ant [pattern='/users/confirm_account/*']
2021-04-18 16:36:46.690 DEBUG 12572 --- [restartedMain] edFilterInvocationSecurityMetadataSource : Adding web access control expression [authenticated] for any request
2021-04-18 16:36:46.723  INFO 12572 --- [restartedMain] o.s.s.web.DefaultSecurityFilterChain     : Will secure any request with [org.springframework.security.web.context.request.async.WebAsyncManagerIntegrationFilter@9005f54, org.springframework.security.web.context.SecurityContextPersistenceFilter@1ea2b59, org.springframework.security.web.header.HeaderWriterFilter@12f31282, org.springframework.web.filter.CorsFilter@510227a8, org.springframework.security.web.authentication.logout.LogoutFilter@fad23c4, bsep.bsep.security.TokenAuthenticationFilter@7c9af05f, org.springframework.security.web.savedrequest.RequestCacheAwareFilter@2c686e85, org.springframework.security.web.servletapi.SecurityContextHolderAwareRequestFilter@768b693c, org.springframework.security.web.authentication.AnonymousAuthenticationFilter@4b238609, org.springframework.security.web.session.SessionManagementFilter@4dc8a95c, org.springframework.security.web.access.ExceptionTranslationFilter@4ac36fa1, org.springframework.security.web.access.intercept.FilterSecurityInterceptor@2e9ae696]
2021-04-18 16:36:47.108  WARN 12572 --- [restartedMain] ion$DefaultTemplateResolverConfiguration : Cannot find template location: classpath:/templates/ (please add some templates or check your Thymeleaf configuration)
2021-04-18 16:36:47.825  INFO 12572 --- [restartedMain] o.s.b.w.embedded.tomcat.TomcatWebServer  : Tomcat started on port(s): 8080 (https) with context path ''
2021-04-18 16:36:47.842  INFO 12572 --- [restartedMain] bsep.bsep.BsepApplication                : Started BsepApplication in 19.82 seconds (JVM running for 21.194)
2021-04-18 16:37:13.599  INFO 12572 --- [https-jsse-nio-8080-exec-5] o.a.c.c.C.[Tomcat].[localhost].[/]       : Initializing Spring DispatcherServlet 'dispatcherServlet'
2021-04-18 16:37:13.607  INFO 12572 --- [https-jsse-nio-8080-exec-5] o.s.web.servlet.DispatcherServlet        : Initializing Servlet 'dispatcherServlet'
2021-04-18 16:37:13.609  INFO 12572 --- [https-jsse-nio-8080-exec-5] o.s.web.servlet.DispatcherServlet        : Completed initialization in 1 ms
2021-04-18 16:37:15.698 DEBUG 12572 --- [https-jsse-nio-8080-exec-5] o.s.s.a.dao.DaoAuthenticationProvider    : Authenticated user
2021-04-18 16:37:15.792  INFO 12572 --- [https-jsse-nio-8080-exec-5] bsep.bsep.service.UserService            : action=login status=success userEmail=jana.jaksic@gmail.com
2021-04-18 16:37:15.899 DEBUG 12572 --- [https-jsse-nio-8080-exec-6] o.s.security.web.FilterChainProxy        : Securing GET /users/redirectMeToMyHomePage
2021-04-18 16:37:15.904 DEBUG 12572 --- [https-jsse-nio-8080-exec-6] s.s.w.c.SecurityContextPersistenceFilter : Set SecurityContextHolder to empty SecurityContext
2021-04-18 16:37:16.030 DEBUG 12572 --- [https-jsse-nio-8080-exec-6] o.s.s.w.a.i.FilterSecurityInterceptor    : Authorized filter invocation [GET /users/redirectMeToMyHomePage] with attributes [authenticated]
2021-04-18 16:37:16.032 DEBUG 12572 --- [https-jsse-nio-8080-exec-6] o.s.security.web.FilterChainProxy        : Secured GET /users/redirectMeToMyHomePage
2021-04-18 16:37:16.032  INFO 12572 --- [https-jsse-nio-8080-exec-6] bsep.bsep.service.UserService            : action=redirectMeToMyHomePage status=success
2021-04-18 16:37:16.032 DEBUG 12572 --- [https-jsse-nio-8080-exec-6] s.s.w.c.SecurityContextPersistenceFilter : Cleared SecurityContextHolder to complete request
2021-04-18 16:37:36.433 ERROR 12572 --- [https-jsse-nio-8080-exec-1] bsep.bsep.service.UserService            : action=login status=failure message=null userEmail=tamara.velickovic98@gmail.com
